<?xml version="1.0" encoding="UTF-8"?>
<testsuite xmlns:xsi="http://www.w3.org/2001/XMLSchema-instance" xsi:noNamespaceSchemaLocation="https://maven.apache.org/surefire/maven-surefire-plugin/xsd/surefire-test-report.xsd" name="com.moneytransfer.service.TransferServiceConcurrencyTest" time="6.954" tests="5" errors="4" skipped="0" failures="0">
  <properties>
[...]
</properties>
  <testcase name="testConcurrentTransfers" classname="com.moneytransfer.service.TransferServiceConcurrencyTest" time="0.519">
    <error message="no transaction is in progress; nested exception is javax.persistence.TransactionRequiredException: no transaction is in progress" type="org.springframework.dao.InvalidDataAccessApiUsageException">org.springframework.dao.InvalidDataAccessApiUsageException: no transaction is in progress; nested exception is javax.persistence.TransactionRequiredException: no transaction is in progress
	at com.moneytransfer.service.TransferServiceConcurrencyTest.testConcurrentTransfers(TransferServiceConcurrencyTest.java:112)
Caused by: javax.persistence.TransactionRequiredException: no transaction is in progress
	at com.moneytransfer.service.TransferServiceConcurrencyTest.testConcurrentTransfers(TransferServiceConcurrencyTest.java:112)
</error>
    <system-out><![CDATA[20:21:36.909 [main] DEBUG org.springframework.test.context.BootstrapUtils - Instantiating CacheAwareContextLoaderDelegate from class [org.springframework.test.context.cache.DefaultCacheAwareContextLoaderDelegate]
20:21:36.916 [main] DEBUG org.springframework.test.context.BootstrapUtils - Instantiating BootstrapContext using constructor [public org.springframework.test.context.support.DefaultBootstrapContext(java.lang.Class,org.springframework.test.context.CacheAwareContextLoaderDelegate)]
20:21:36.940 [main] DEBUG org.springframework.test.context.BootstrapUtils - Instantiating TestContextBootstrapper for test class [com.moneytransfer.service.TransferServiceConcurrencyTest] from class [org.springframework.boot.test.context.SpringBootTestContextBootstrapper]
20:21:36.948 [main] INFO org.springframework.boot.test.context.SpringBootTestContextBootstrapper - Neither @ContextConfiguration nor @ContextHierarchy found for test class [com.moneytransfer.service.TransferServiceConcurrencyTest], using SpringBootContextLoader
20:21:36.951 [main] DEBUG org.springframework.test.context.support.AbstractContextLoader - Did not detect default resource location for test class [com.moneytransfer.service.TransferServiceConcurrencyTest]: class path resource [com/moneytransfer/service/TransferServiceConcurrencyTest-context.xml] does not exist
20:21:36.951 [main] DEBUG org.springframework.test.context.support.AbstractContextLoader - Did not detect default resource location for test class [com.moneytransfer.service.TransferServiceConcurrencyTest]: class path resource [com/moneytransfer/service/TransferServiceConcurrencyTestContext.groovy] does not exist
20:21:36.952 [main] INFO org.springframework.test.context.support.AbstractContextLoader - Could not detect default resource locations for test class [com.moneytransfer.service.TransferServiceConcurrencyTest]: no resource found for suffixes {-context.xml, Context.groovy}.
20:21:36.952 [main] INFO org.springframework.test.context.support.AnnotationConfigContextLoaderUtils - Could not detect default configuration classes for test class [com.moneytransfer.service.TransferServiceConcurrencyTest]: TransferServiceConcurrencyTest does not declare any static, non-private, non-final, nested classes annotated with @Configuration.
20:21:37.035 [main] DEBUG org.springframework.context.annotation.ClassPathScanningCandidateComponentProvider - Identified candidate component class: file [/Users/shihab/money-transfer-app/money-transfer-app/target/classes/com/moneytransfer/MoneyTransferApplication.class]
20:21:37.035 [main] INFO org.springframework.boot.test.context.SpringBootTestContextBootstrapper - Found @SpringBootConfiguration com.moneytransfer.MoneyTransferApplication for test class com.moneytransfer.service.TransferServiceConcurrencyTest
20:21:37.090 [main] DEBUG org.springframework.boot.test.context.SpringBootTestContextBootstrapper - @TestExecutionListeners is not present for class [com.moneytransfer.service.TransferServiceConcurrencyTest]: using defaults.
20:21:37.090 [main] INFO org.springframework.boot.test.context.SpringBootTestContextBootstrapper - Loaded default TestExecutionListener class names from location [META-INF/spring.factories]: [org.springframework.boot.test.mock.mockito.MockitoTestExecutionListener, org.springframework.boot.test.mock.mockito.ResetMocksTestExecutionListener, org.springframework.boot.test.autoconfigure.restdocs.RestDocsTestExecutionListener, org.springframework.boot.test.autoconfigure.web.client.MockRestServiceServerResetTestExecutionListener, org.springframework.boot.test.autoconfigure.web.servlet.MockMvcPrintOnlyOnFailureTestExecutionListener, org.springframework.boot.test.autoconfigure.web.servlet.WebDriverTestExecutionListener, org.springframework.boot.test.autoconfigure.webservices.client.MockWebServiceServerTestExecutionListener, org.springframework.test.context.web.ServletTestExecutionListener, org.springframework.test.context.support.DirtiesContextBeforeModesTestExecutionListener, org.springframework.test.context.event.ApplicationEventsTestExecutionListener, org.springframework.test.context.support.DependencyInjectionTestExecutionListener, org.springframework.test.context.support.DirtiesContextTestExecutionListener, org.springframework.test.context.transaction.TransactionalTestExecutionListener, org.springframework.test.context.jdbc.SqlScriptsTestExecutionListener, org.springframework.test.context.event.EventPublishingTestExecutionListener, org.springframework.security.test.context.support.WithSecurityContextTestExecutionListener, org.springframework.security.test.context.support.ReactorContextTestExecutionListener]
20:21:37.103 [main] INFO org.springframework.boot.test.context.SpringBootTestContextBootstrapper - Using TestExecutionListeners: [org.springframework.test.context.web.ServletTestExecutionListener@13f17eb4, org.springframework.test.context.support.DirtiesContextBeforeModesTestExecutionListener@1d0d6318, org.springframework.test.context.event.ApplicationEventsTestExecutionListener@4bc28c33, org.springframework.boot.test.mock.mockito.MockitoTestExecutionListener@4409e975, org.springframework.boot.test.autoconfigure.SpringBootDependencyInjectionTestExecutionListener@5c153b9e, org.springframework.test.context.support.DirtiesContextTestExecutionListener@2a7686a7, org.springframework.test.context.transaction.TransactionalTestExecutionListener@758a34ce, org.springframework.test.context.jdbc.SqlScriptsTestExecutionListener@7ec3394b, org.springframework.test.context.event.EventPublishingTestExecutionListener@bff34c6, org.springframework.security.test.context.support.WithSecurityContextTestExecutionListener@1522d8a0, org.springframework.security.test.context.support.ReactorContextTestExecutionListener@312ab28e, org.springframework.boot.test.mock.mockito.ResetMocksTestExecutionListener@5644dc81, org.springframework.boot.test.autoconfigure.restdocs.RestDocsTestExecutionListener@246f8b8b, org.springframework.boot.test.autoconfigure.web.client.MockRestServiceServerResetTestExecutionListener@278bb07e, org.springframework.boot.test.autoconfigure.web.servlet.MockMvcPrintOnlyOnFailureTestExecutionListener@4351c8c3, org.springframework.boot.test.autoconfigure.web.servlet.WebDriverTestExecutionListener@3381b4fc, org.springframework.boot.test.autoconfigure.webservices.client.MockWebServiceServerTestExecutionListener@6bea52d4]
20:21:37.106 [main] DEBUG org.springframework.test.context.support.AbstractDirtiesContextTestExecutionListener - Before test class: context [DefaultTestContext@c1bd0be testClass = TransferServiceConcurrencyTest, testInstance = [null], testMethod = [null], testException = [null], mergedContextConfiguration = [WebMergedContextConfiguration@476b0ae6 testClass = TransferServiceConcurrencyTest, locations = '{}', classes = '{class com.moneytransfer.MoneyTransferApplication}', contextInitializerClasses = '[]', activeProfiles = '{test}', propertySourceLocations = '{}', propertySourceProperties = '{spring.cache.type=simple, spring.jpa.hibernate.ddl-auto=create-drop, spring.datasource.url=jdbc:h2:mem:testdb, org.springframework.boot.test.context.SpringBootTestContextBootstrapper=true, server.port=0}', contextCustomizers = set[org.springframework.boot.test.context.filter.ExcludeFilterContextCustomizer@239105a8, org.springframework.boot.test.json.DuplicateJsonObjectContextCustomizerFactory$DuplicateJsonObjectContextCustomizer@1df8b5b8, org.springframework.boot.test.mock.mockito.MockitoContextCustomizer@0, org.springframework.boot.test.web.client.TestRestTemplateContextCustomizer@5f77d0f9, org.springframework.boot.test.autoconfigure.actuate.metrics.MetricsExportContextCustomizerFactory$DisableMetricExportContextCustomizer@1cd629b3, org.springframework.boot.test.autoconfigure.properties.PropertyMappingContextCustomizer@0, org.springframework.boot.test.autoconfigure.web.servlet.WebDriverContextCustomizerFactory$Customizer@7b7fdc8, org.springframework.boot.test.context.SpringBootTestArgs@1, org.springframework.boot.test.context.SpringBootTestWebEnvironment@49b0b76], resourceBasePath = 'src/main/webapp', contextLoader = 'org.springframework.boot.test.context.SpringBootContextLoader', parent = [null]], attributes = map['org.springframework.test.context.web.ServletTestExecutionListener.activateListener' -> false]], class annotated with @DirtiesContext [false] with mode [null].
20:21:37.113 [main] DEBUG org.springframework.test.context.support.DependencyInjectionTestExecutionListener - Performing dependency injection for test context [[DefaultTestContext@c1bd0be testClass = TransferServiceConcurrencyTest, testInstance = com.moneytransfer.service.TransferServiceConcurrencyTest@60a2630a, testMethod = [null], testException = [null], mergedContextConfiguration = [WebMergedContextConfiguration@476b0ae6 testClass = TransferServiceConcurrencyTest, locations = '{}', classes = '{class com.moneytransfer.MoneyTransferApplication}', contextInitializerClasses = '[]', activeProfiles = '{test}', propertySourceLocations = '{}', propertySourceProperties = '{spring.cache.type=simple, spring.jpa.hibernate.ddl-auto=create-drop, spring.datasource.url=jdbc:h2:mem:testdb, org.springframework.boot.test.context.SpringBootTestContextBootstrapper=true, server.port=0}', contextCustomizers = set[org.springframework.boot.test.context.filter.ExcludeFilterContextCustomizer@239105a8, org.springframework.boot.test.json.DuplicateJsonObjectContextCustomizerFactory$DuplicateJsonObjectContextCustomizer@1df8b5b8, org.springframework.boot.test.mock.mockito.MockitoContextCustomizer@0, org.springframework.boot.test.web.client.TestRestTemplateContextCustomizer@5f77d0f9, org.springframework.boot.test.autoconfigure.actuate.metrics.MetricsExportContextCustomizerFactory$DisableMetricExportContextCustomizer@1cd629b3, org.springframework.boot.test.autoconfigure.properties.PropertyMappingContextCustomizer@0, org.springframework.boot.test.autoconfigure.web.servlet.WebDriverContextCustomizerFactory$Customizer@7b7fdc8, org.springframework.boot.test.context.SpringBootTestArgs@1, org.springframework.boot.test.context.SpringBootTestWebEnvironment@49b0b76], resourceBasePath = 'src/main/webapp', contextLoader = 'org.springframework.boot.test.context.SpringBootContextLoader', parent = [null]], attributes = map['org.springframework.test.context.web.ServletTestExecutionListener.activateListener' -> false, 'org.springframework.test.context.event.ApplicationEventsTestExecutionListener.recordApplicationEvents' -> false]]].

  .   ____          _            __ _ _
 /\\ / ___'_ __ _ _(_)_ __  __ _ \ \ \ \
( ( )\___ | '_ | '_| | '_ \/ _` | \ \ \ \
 \\/  ___)| |_)| | | | | || (_| |  ) ) ) )
  '  |____| .__|_| |_|_| |_\__, | / / / /
 =========|_|==============|___/=/_/_/_/
 :: Spring Boot ::               (v2.7.18)

2025-08-03 20:21:37 - Starting TransferServiceConcurrencyTest using Java 11.0.16.1 on Shihabs-MacBook-Pro.local with PID 48047 (started by shihab in /Users/shihab/money-transfer-app/money-transfer-app)
2025-08-03 20:21:37 - The following 1 profile is active: "test"
2025-08-03 20:21:38 - Bootstrapping Spring Data JPA repositories in DEFAULT mode.
2025-08-03 20:21:38 - Finished Spring Data repository scanning in 75 ms. Found 2 JPA repository interfaces.
2025-08-03 20:21:39 - Tomcat initialized with port(s): 0 (http)
2025-08-03 20:21:39 - Starting service [Tomcat]
2025-08-03 20:21:39 - Starting Servlet engine: [Apache Tomcat/9.0.83]
2025-08-03 20:21:39 - Initializing Spring embedded WebApplicationContext
2025-08-03 20:21:39 - Root WebApplicationContext: initialization completed in 1690 ms
2025-08-03 20:21:40 - HHH000204: Processing PersistenceUnitInfo [name: default]
2025-08-03 20:21:40 - HHH000412: Hibernate ORM core version 5.6.15.Final
2025-08-03 20:21:40 - HCANN000001: Hibernate Commons Annotations {5.1.2.Final}
2025-08-03 20:21:40 - HikariPool-1 - Starting...
2025-08-03 20:21:40 - HikariPool-1 - Start completed.
2025-08-03 20:21:40 - HHH000400: Using dialect: org.hibernate.dialect.H2Dialect
2025-08-03 20:21:41 - HHH000490: Using JtaPlatform implementation: [org.hibernate.engine.transaction.jta.platform.internal.NoJtaPlatform]
2025-08-03 20:21:41 - Initialized JPA EntityManagerFactory for persistence unit 'default'
2025-08-03 20:21:42 - spring.jpa.open-in-view is enabled by default. Therefore, database queries may be performed during view rendering. Explicitly configure spring.jpa.open-in-view to disable this warning
2025-08-03 20:21:42 - Exposing 4 endpoint(s) beneath base path '/actuator'
2025-08-03 20:21:42 - Tomcat started on port(s): 59366 (http) with context path ''
2025-08-03 20:21:42 - Started TransferServiceConcurrencyTest in 5.827 seconds (JVM running for 6.646)
2025-08-03 20:21:43 - Initializing sample data...
2025-08-03 20:21:43 - binding parameter [1] as [VARCHAR] - [John Doe]
2025-08-03 20:21:43 - binding parameter [2] as [VARCHAR] - [ACC001234567890]
2025-08-03 20:21:43 - binding parameter [3] as [NUMERIC] - [10000.00]
2025-08-03 20:21:43 - binding parameter [4] as [TIMESTAMP] - [2025-08-03T20:21:43.118414]
2025-08-03 20:21:43 - binding parameter [5] as [VARCHAR] - [USD]
2025-08-03 20:21:43 - binding parameter [6] as [VARCHAR] - [ACTIVE]
2025-08-03 20:21:43 - binding parameter [7] as [TIMESTAMP] - [2025-08-03T20:21:43.118599]
2025-08-03 20:21:43 - binding parameter [8] as [VARCHAR] - [user1]
2025-08-03 20:21:43 - binding parameter [9] as [BIGINT] - [0]
2025-08-03 20:21:43 - binding parameter [1] as [VARCHAR] - [John Doe]
2025-08-03 20:21:43 - binding parameter [2] as [VARCHAR] - [ACC002345678901]
2025-08-03 20:21:43 - binding parameter [3] as [NUMERIC] - [8500.00]
2025-08-03 20:21:43 - binding parameter [4] as [TIMESTAMP] - [2025-08-03T20:21:43.127067]
2025-08-03 20:21:43 - binding parameter [5] as [VARCHAR] - [EUR]
2025-08-03 20:21:43 - binding parameter [6] as [VARCHAR] - [ACTIVE]
2025-08-03 20:21:43 - binding parameter [7] as [TIMESTAMP] - [2025-08-03T20:21:43.127082]
2025-08-03 20:21:43 - binding parameter [8] as [VARCHAR] - [user1]
2025-08-03 20:21:43 - binding parameter [9] as [BIGINT] - [0]
2025-08-03 20:21:43 - binding parameter [1] as [VARCHAR] - [Jane Smith]
2025-08-03 20:21:43 - binding parameter [2] as [VARCHAR] - [ACC003456789012]
2025-08-03 20:21:43 - binding parameter [3] as [NUMERIC] - [5000.00]
2025-08-03 20:21:43 - binding parameter [4] as [TIMESTAMP] - [2025-08-03T20:21:43.128298]
2025-08-03 20:21:43 - binding parameter [5] as [VARCHAR] - [USD]
2025-08-03 20:21:43 - binding parameter [6] as [VARCHAR] - [ACTIVE]
2025-08-03 20:21:43 - binding parameter [7] as [TIMESTAMP] - [2025-08-03T20:21:43.128310]
2025-08-03 20:21:43 - binding parameter [8] as [VARCHAR] - [user2]
2025-08-03 20:21:43 - binding parameter [9] as [BIGINT] - [0]
2025-08-03 20:21:43 - binding parameter [1] as [VARCHAR] - [Jane Smith]
2025-08-03 20:21:43 - binding parameter [2] as [VARCHAR] - [ACC004567890123]
2025-08-03 20:21:43 - binding parameter [3] as [NUMERIC] - [3000.00]
2025-08-03 20:21:43 - binding parameter [4] as [TIMESTAMP] - [2025-08-03T20:21:43.129685]
2025-08-03 20:21:43 - binding parameter [5] as [VARCHAR] - [GBP]
2025-08-03 20:21:43 - binding parameter [6] as [VARCHAR] - [ACTIVE]
2025-08-03 20:21:43 - binding parameter [7] as [TIMESTAMP] - [2025-08-03T20:21:43.129905]
2025-08-03 20:21:43 - binding parameter [8] as [VARCHAR] - [user2]
2025-08-03 20:21:43 - binding parameter [9] as [BIGINT] - [0]
2025-08-03 20:21:43 - binding parameter [1] as [VARCHAR] - [Bob Johnson]
2025-08-03 20:21:43 - binding parameter [2] as [VARCHAR] - [ACC005678901234]
2025-08-03 20:21:43 - binding parameter [3] as [NUMERIC] - [7500.00]
2025-08-03 20:21:43 - binding parameter [4] as [TIMESTAMP] - [2025-08-03T20:21:43.131267]
2025-08-03 20:21:43 - binding parameter [5] as [VARCHAR] - [USD]
2025-08-03 20:21:43 - binding parameter [6] as [VARCHAR] - [ACTIVE]
2025-08-03 20:21:43 - binding parameter [7] as [TIMESTAMP] - [2025-08-03T20:21:43.131277]
2025-08-03 20:21:43 - binding parameter [8] as [VARCHAR] - [user3]
2025-08-03 20:21:43 - binding parameter [9] as [BIGINT] - [0]
2025-08-03 20:21:43 - binding parameter [1] as [VARCHAR] - [Alice Brown]
2025-08-03 20:21:43 - binding parameter [2] as [VARCHAR] - [ACC006789012345]
2025-08-03 20:21:43 - binding parameter [3] as [NUMERIC] - [12000.00]
2025-08-03 20:21:43 - binding parameter [4] as [TIMESTAMP] - [2025-08-03T20:21:43.132060]
2025-08-03 20:21:43 - binding parameter [5] as [VARCHAR] - [EUR]
2025-08-03 20:21:43 - binding parameter [6] as [VARCHAR] - [ACTIVE]
2025-08-03 20:21:43 - binding parameter [7] as [TIMESTAMP] - [2025-08-03T20:21:43.132068]
2025-08-03 20:21:43 - binding parameter [8] as [VARCHAR] - [user4]
2025-08-03 20:21:43 - binding parameter [9] as [BIGINT] - [0]
2025-08-03 20:21:43 - binding parameter [1] as [VARCHAR] - [Charlie Wilson]
2025-08-03 20:21:43 - binding parameter [2] as [VARCHAR] - [ACC007890123456]
2025-08-03 20:21:43 - binding parameter [3] as [NUMERIC] - [4500.00]
2025-08-03 20:21:43 - binding parameter [4] as [TIMESTAMP] - [2025-08-03T20:21:43.132944]
2025-08-03 20:21:43 - binding parameter [5] as [VARCHAR] - [GBP]
2025-08-03 20:21:43 - binding parameter [6] as [VARCHAR] - [ACTIVE]
2025-08-03 20:21:43 - binding parameter [7] as [TIMESTAMP] - [2025-08-03T20:21:43.132958]
2025-08-03 20:21:43 - binding parameter [8] as [VARCHAR] - [user5]
2025-08-03 20:21:43 - binding parameter [9] as [BIGINT] - [0]
2025-08-03 20:21:43 - binding parameter [1] as [VARCHAR] - [Diana Davis]
2025-08-03 20:21:43 - binding parameter [2] as [VARCHAR] - [ACC008901234567]
2025-08-03 20:21:43 - binding parameter [3] as [NUMERIC] - [2000.00]
2025-08-03 20:21:43 - binding parameter [4] as [TIMESTAMP] - [2025-08-03T20:21:43.134630]
2025-08-03 20:21:43 - binding parameter [5] as [VARCHAR] - [USD]
2025-08-03 20:21:43 - binding parameter [6] as [VARCHAR] - [ACTIVE]
2025-08-03 20:21:43 - binding parameter [7] as [TIMESTAMP] - [2025-08-03T20:21:43.134650]
2025-08-03 20:21:43 - binding parameter [8] as [VARCHAR] - [user6]
2025-08-03 20:21:43 - binding parameter [9] as [BIGINT] - [0]
2025-08-03 20:21:43 - Sample data initialized successfully. Created 8 accounts.
2025-08-03 20:21:43 - Created account: ACC001234567890 - John Doe user1 - Balance: 10000.00 USD
2025-08-03 20:21:43 - Created account: ACC002345678901 - John Doe user1 - Balance: 8500.00 EUR
2025-08-03 20:21:43 - Created account: ACC003456789012 - Jane Smith user2 - Balance: 5000.00 USD
2025-08-03 20:21:43 - Created account: ACC004567890123 - Jane Smith user2 - Balance: 3000.00 GBP
2025-08-03 20:21:43 - Created account: ACC005678901234 - Bob Johnson user3 - Balance: 7500.00 USD
2025-08-03 20:21:43 - Created account: ACC006789012345 - Alice Brown user4 - Balance: 12000.00 EUR
2025-08-03 20:21:43 - Created account: ACC007890123456 - Charlie Wilson user5 - Balance: 4500.00 GBP
2025-08-03 20:21:43 - Created account: ACC008901234567 - Diana Davis user6 - Balance: 2000.00 USD
2025-08-03 20:21:43 - binding parameter [1] as [BIGINT] - [1]
2025-08-03 20:21:43 - binding parameter [2] as [BIGINT] - [0]
2025-08-03 20:21:43 - binding parameter [1] as [BIGINT] - [2]
2025-08-03 20:21:43 - binding parameter [2] as [BIGINT] - [0]
2025-08-03 20:21:43 - binding parameter [1] as [BIGINT] - [3]
2025-08-03 20:21:43 - binding parameter [2] as [BIGINT] - [0]
2025-08-03 20:21:43 - binding parameter [1] as [BIGINT] - [4]
2025-08-03 20:21:43 - binding parameter [2] as [BIGINT] - [0]
2025-08-03 20:21:43 - binding parameter [1] as [BIGINT] - [5]
2025-08-03 20:21:43 - binding parameter [2] as [BIGINT] - [0]
2025-08-03 20:21:43 - binding parameter [1] as [BIGINT] - [6]
2025-08-03 20:21:43 - binding parameter [2] as [BIGINT] - [0]
2025-08-03 20:21:43 - binding parameter [1] as [BIGINT] - [7]
2025-08-03 20:21:43 - binding parameter [2] as [BIGINT] - [0]
2025-08-03 20:21:43 - binding parameter [1] as [BIGINT] - [8]
2025-08-03 20:21:43 - binding parameter [2] as [BIGINT] - [0]
2025-08-03 20:21:43 - binding parameter [1] as [VARCHAR] - [Test User 1]
2025-08-03 20:21:43 - binding parameter [2] as [VARCHAR] - [TEST001234567890]
2025-08-03 20:21:43 - binding parameter [3] as [NUMERIC] - [1000.00]
2025-08-03 20:21:43 - binding parameter [4] as [TIMESTAMP] - [2025-08-03T20:21:43.253290]
2025-08-03 20:21:43 - binding parameter [5] as [VARCHAR] - [USD]
2025-08-03 20:21:43 - binding parameter [6] as [VARCHAR] - [ACTIVE]
2025-08-03 20:21:43 - binding parameter [7] as [TIMESTAMP] - [2025-08-03T20:21:43.253302]
2025-08-03 20:21:43 - binding parameter [8] as [VARCHAR] - [user1]
2025-08-03 20:21:43 - binding parameter [9] as [BIGINT] - [0]
2025-08-03 20:21:43 - binding parameter [1] as [VARCHAR] - [Test User 2]
2025-08-03 20:21:43 - binding parameter [2] as [VARCHAR] - [TEST002345678901]
2025-08-03 20:21:43 - binding parameter [3] as [NUMERIC] - [500.00]
2025-08-03 20:21:43 - binding parameter [4] as [TIMESTAMP] - [2025-08-03T20:21:43.254772]
2025-08-03 20:21:43 - binding parameter [5] as [VARCHAR] - [USD]
2025-08-03 20:21:43 - binding parameter [6] as [VARCHAR] - [ACTIVE]
2025-08-03 20:21:43 - binding parameter [7] as [TIMESTAMP] - [2025-08-03T20:21:43.254781]
2025-08-03 20:21:43 - binding parameter [8] as [VARCHAR] - [user2]
2025-08-03 20:21:43 - binding parameter [9] as [BIGINT] - [0]
2025-08-03 20:21:43 - Processing transfer request: TransferRequest{fromAccountNumber='TEST001234567890', toAccountNumber='TEST002345678901', amount=10.00, currency=USD, description='Concurrent transfer test'}
2025-08-03 20:21:43 - Processing transfer request: TransferRequest{fromAccountNumber='TEST001234567890', toAccountNumber='TEST002345678901', amount=10.00, currency=USD, description='Concurrent transfer test'}
2025-08-03 20:21:43 - Processing transfer request: TransferRequest{fromAccountNumber='TEST001234567890', toAccountNumber='TEST002345678901', amount=10.00, currency=USD, description='Concurrent transfer test'}
2025-08-03 20:21:43 - Processing transfer request: TransferRequest{fromAccountNumber='TEST001234567890', toAccountNumber='TEST002345678901', amount=10.00, currency=USD, description='Concurrent transfer test'}
2025-08-03 20:21:43 - Processing transfer request: TransferRequest{fromAccountNumber='TEST001234567890', toAccountNumber='TEST002345678901', amount=10.00, currency=USD, description='Concurrent transfer test'}
2025-08-03 20:21:43 - Processing transfer request: TransferRequest{fromAccountNumber='TEST001234567890', toAccountNumber='TEST002345678901', amount=10.00, currency=USD, description='Concurrent transfer test'}
2025-08-03 20:21:43 - Processing transfer request: TransferRequest{fromAccountNumber='TEST001234567890', toAccountNumber='TEST002345678901', amount=10.00, currency=USD, description='Concurrent transfer test'}
2025-08-03 20:21:43 - Processing transfer request: TransferRequest{fromAccountNumber='TEST001234567890', toAccountNumber='TEST002345678901', amount=10.00, currency=USD, description='Concurrent transfer test'}
2025-08-03 20:21:43 - Processing transfer request: TransferRequest{fromAccountNumber='TEST001234567890', toAccountNumber='TEST002345678901', amount=10.00, currency=USD, description='Concurrent transfer test'}
2025-08-03 20:21:43 - Processing transfer request: TransferRequest{fromAccountNumber='TEST001234567890', toAccountNumber='TEST002345678901', amount=10.00, currency=USD, description='Concurrent transfer test'}
2025-08-03 20:21:43 - binding parameter [1] as [VARCHAR] - [TEST001234567890]
2025-08-03 20:21:43 - binding parameter [1] as [VARCHAR] - [TEST001234567890]
2025-08-03 20:21:43 - binding parameter [1] as [VARCHAR] - [TEST001234567890]
2025-08-03 20:21:43 - binding parameter [1] as [VARCHAR] - [TEST001234567890]
2025-08-03 20:21:43 - binding parameter [1] as [VARCHAR] - [TEST001234567890]
2025-08-03 20:21:43 - binding parameter [1] as [VARCHAR] - [TEST001234567890]
2025-08-03 20:21:43 - binding parameter [1] as [VARCHAR] - [TEST001234567890]
2025-08-03 20:21:43 - binding parameter [1] as [VARCHAR] - [TEST001234567890]
2025-08-03 20:21:43 - binding parameter [1] as [VARCHAR] - [TEST001234567890]
2025-08-03 20:21:43 - binding parameter [1] as [VARCHAR] - [TEST001234567890]
2025-08-03 20:21:43 - binding parameter [1] as [VARCHAR] - [TEST002345678901]
2025-08-03 20:21:43 - binding parameter [1] as [NUMERIC] - [10.00]
2025-08-03 20:21:43 - binding parameter [2] as [TIMESTAMP] - [null]
2025-08-03 20:21:43 - binding parameter [3] as [TIMESTAMP] - [2025-08-03T20:21:43.288742]
2025-08-03 20:21:43 - binding parameter [4] as [VARCHAR] - [USD]
2025-08-03 20:21:43 - binding parameter [5] as [VARCHAR] - [Concurrent transfer test]
2025-08-03 20:21:43 - binding parameter [6] as [VARCHAR] - [null]
2025-08-03 20:21:43 - binding parameter [7] as [BIGINT] - [9]
2025-08-03 20:21:43 - binding parameter [8] as [TIMESTAMP] - [null]
2025-08-03 20:21:43 - binding parameter [9] as [VARCHAR] - [PENDING]
2025-08-03 20:21:43 - binding parameter [10] as [BIGINT] - [10]
2025-08-03 20:21:43 - binding parameter [11] as [VARCHAR] - [TXN-580897150EE1474D]
2025-08-03 20:21:43 - binding parameter [12] as [TIMESTAMP] - [2025-08-03T20:21:43.288754]
2025-08-03 20:21:43 - binding parameter [13] as [BIGINT] - [0]
2025-08-03 20:21:43 - Transfer completed successfully: TXN-580897150EE1474D
2025-08-03 20:21:43 - binding parameter [1] as [VARCHAR] - [Test User 1]
2025-08-03 20:21:43 - binding parameter [2] as [VARCHAR] - [TEST001234567890]
2025-08-03 20:21:43 - binding parameter [3] as [NUMERIC] - [990.00]
2025-08-03 20:21:43 - binding parameter [4] as [VARCHAR] - [USD]
2025-08-03 20:21:43 - binding parameter [5] as [VARCHAR] - [ACTIVE]
2025-08-03 20:21:43 - binding parameter [6] as [TIMESTAMP] - [2025-08-03T20:21:43.296585]
2025-08-03 20:21:43 - binding parameter [7] as [VARCHAR] - [user1]
2025-08-03 20:21:43 - binding parameter [8] as [BIGINT] - [1]
2025-08-03 20:21:43 - binding parameter [9] as [BIGINT] - [9]
2025-08-03 20:21:43 - binding parameter [10] as [BIGINT] - [0]
2025-08-03 20:21:43 - binding parameter [1] as [VARCHAR] - [Test User 2]
2025-08-03 20:21:43 - binding parameter [2] as [VARCHAR] - [TEST002345678901]
2025-08-03 20:21:43 - binding parameter [3] as [NUMERIC] - [510.00]
2025-08-03 20:21:43 - binding parameter [4] as [VARCHAR] - [USD]
2025-08-03 20:21:43 - binding parameter [5] as [VARCHAR] - [ACTIVE]
2025-08-03 20:21:43 - binding parameter [6] as [TIMESTAMP] - [2025-08-03T20:21:43.301596]
2025-08-03 20:21:43 - binding parameter [7] as [VARCHAR] - [user2]
2025-08-03 20:21:43 - binding parameter [8] as [BIGINT] - [1]
2025-08-03 20:21:43 - binding parameter [9] as [BIGINT] - [10]
2025-08-03 20:21:43 - binding parameter [10] as [BIGINT] - [0]
2025-08-03 20:21:43 - binding parameter [1] as [NUMERIC] - [10.00]
2025-08-03 20:21:43 - binding parameter [2] as [TIMESTAMP] - [2025-08-03T20:21:43.294643]
2025-08-03 20:21:43 - binding parameter [3] as [VARCHAR] - [USD]
2025-08-03 20:21:43 - binding parameter [4] as [VARCHAR] - [Concurrent transfer test]
2025-08-03 20:21:43 - binding parameter [5] as [VARCHAR] - [null]
2025-08-03 20:21:43 - binding parameter [6] as [BIGINT] - [9]
2025-08-03 20:21:43 - binding parameter [7] as [TIMESTAMP] - [2025-08-03T20:21:43.292772]
2025-08-03 20:21:43 - binding parameter [8] as [VARCHAR] - [COMPLETED]
2025-08-03 20:21:43 - binding parameter [9] as [BIGINT] - [10]
2025-08-03 20:21:43 - binding parameter [10] as [VARCHAR] - [TXN-580897150EE1474D]
2025-08-03 20:21:43 - binding parameter [11] as [TIMESTAMP] - [2025-08-03T20:21:43.302236]
2025-08-03 20:21:43 - binding parameter [12] as [BIGINT] - [1]
2025-08-03 20:21:43 - binding parameter [13] as [BIGINT] - [1]
2025-08-03 20:21:43 - binding parameter [14] as [BIGINT] - [0]
2025-08-03 20:21:43 - binding parameter [1] as [VARCHAR] - [TEST002345678901]
2025-08-03 20:21:43 - binding parameter [1] as [NUMERIC] - [10.00]
2025-08-03 20:21:43 - binding parameter [2] as [TIMESTAMP] - [null]
2025-08-03 20:21:43 - binding parameter [3] as [TIMESTAMP] - [2025-08-03T20:21:43.307023]
2025-08-03 20:21:43 - binding parameter [4] as [VARCHAR] - [USD]
2025-08-03 20:21:43 - binding parameter [5] as [VARCHAR] - [Concurrent transfer test]
2025-08-03 20:21:43 - binding parameter [6] as [VARCHAR] - [null]
2025-08-03 20:21:43 - binding parameter [7] as [BIGINT] - [9]
2025-08-03 20:21:43 - binding parameter [8] as [TIMESTAMP] - [null]
2025-08-03 20:21:43 - binding parameter [9] as [VARCHAR] - [PENDING]
2025-08-03 20:21:43 - binding parameter [10] as [BIGINT] - [10]
2025-08-03 20:21:43 - binding parameter [11] as [VARCHAR] - [TXN-A2DDB7D7A9E34CDA]
2025-08-03 20:21:43 - binding parameter [12] as [TIMESTAMP] - [2025-08-03T20:21:43.307033]
2025-08-03 20:21:43 - binding parameter [13] as [BIGINT] - [0]
2025-08-03 20:21:43 - Transfer completed successfully: TXN-A2DDB7D7A9E34CDA
2025-08-03 20:21:43 - Processing transfer request: TransferRequest{fromAccountNumber='TEST001234567890', toAccountNumber='TEST002345678901', amount=10.00, currency=USD, description='Concurrent transfer test'}
2025-08-03 20:21:43 - binding parameter [1] as [VARCHAR] - [Test User 1]
2025-08-03 20:21:43 - binding parameter [2] as [VARCHAR] - [TEST001234567890]
2025-08-03 20:21:43 - binding parameter [3] as [NUMERIC] - [980.00]
2025-08-03 20:21:43 - binding parameter [4] as [VARCHAR] - [USD]
2025-08-03 20:21:43 - binding parameter [1] as [VARCHAR] - [TEST001234567890]
2025-08-03 20:21:43 - binding parameter [5] as [VARCHAR] - [ACTIVE]
2025-08-03 20:21:43 - binding parameter [6] as [TIMESTAMP] - [2025-08-03T20:21:43.309228]
2025-08-03 20:21:43 - binding parameter [7] as [VARCHAR] - [user1]
2025-08-03 20:21:43 - binding parameter [8] as [BIGINT] - [2]
2025-08-03 20:21:43 - binding parameter [9] as [BIGINT] - [9]
2025-08-03 20:21:43 - binding parameter [10] as [BIGINT] - [1]
2025-08-03 20:21:43 - binding parameter [1] as [VARCHAR] - [Test User 2]
2025-08-03 20:21:43 - binding parameter [2] as [VARCHAR] - [TEST002345678901]
2025-08-03 20:21:43 - binding parameter [3] as [NUMERIC] - [520.00]
2025-08-03 20:21:43 - binding parameter [4] as [VARCHAR] - [USD]
2025-08-03 20:21:43 - binding parameter [5] as [VARCHAR] - [ACTIVE]
2025-08-03 20:21:43 - binding parameter [6] as [TIMESTAMP] - [2025-08-03T20:21:43.310170]
2025-08-03 20:21:43 - binding parameter [7] as [VARCHAR] - [user2]
2025-08-03 20:21:43 - binding parameter [8] as [BIGINT] - [2]
2025-08-03 20:21:43 - binding parameter [9] as [BIGINT] - [10]
2025-08-03 20:21:43 - binding parameter [10] as [BIGINT] - [1]
2025-08-03 20:21:43 - binding parameter [1] as [NUMERIC] - [10.00]
2025-08-03 20:21:43 - binding parameter [2] as [TIMESTAMP] - [2025-08-03T20:21:43.308710]
2025-08-03 20:21:43 - binding parameter [3] as [VARCHAR] - [USD]
2025-08-03 20:21:43 - binding parameter [4] as [VARCHAR] - [Concurrent transfer test]
2025-08-03 20:21:43 - binding parameter [5] as [VARCHAR] - [null]
2025-08-03 20:21:43 - binding parameter [6] as [BIGINT] - [9]
2025-08-03 20:21:43 - binding parameter [7] as [TIMESTAMP] - [2025-08-03T20:21:43.307999]
2025-08-03 20:21:43 - binding parameter [8] as [VARCHAR] - [COMPLETED]
2025-08-03 20:21:43 - binding parameter [9] as [BIGINT] - [10]
2025-08-03 20:21:43 - binding parameter [10] as [VARCHAR] - [TXN-A2DDB7D7A9E34CDA]
2025-08-03 20:21:43 - binding parameter [11] as [TIMESTAMP] - [2025-08-03T20:21:43.310827]
2025-08-03 20:21:43 - binding parameter [12] as [BIGINT] - [1]
2025-08-03 20:21:43 - binding parameter [13] as [BIGINT] - [2]
2025-08-03 20:21:43 - binding parameter [14] as [BIGINT] - [0]
2025-08-03 20:21:43 - Processing transfer request: TransferRequest{fromAccountNumber='TEST001234567890', toAccountNumber='TEST002345678901', amount=10.00, currency=USD, description='Concurrent transfer test'}
2025-08-03 20:21:43 - binding parameter [1] as [VARCHAR] - [TEST001234567890]
2025-08-03 20:21:43 - binding parameter [1] as [VARCHAR] - [TEST002345678901]
2025-08-03 20:21:43 - binding parameter [1] as [NUMERIC] - [10.00]
2025-08-03 20:21:43 - binding parameter [2] as [TIMESTAMP] - [null]
2025-08-03 20:21:43 - binding parameter [3] as [TIMESTAMP] - [2025-08-03T20:21:43.313862]
2025-08-03 20:21:43 - binding parameter [4] as [VARCHAR] - [USD]
2025-08-03 20:21:43 - binding parameter [5] as [VARCHAR] - [Concurrent transfer test]
2025-08-03 20:21:43 - binding parameter [6] as [VARCHAR] - [null]
2025-08-03 20:21:43 - binding parameter [7] as [BIGINT] - [9]
2025-08-03 20:21:43 - binding parameter [8] as [TIMESTAMP] - [null]
2025-08-03 20:21:43 - binding parameter [9] as [VARCHAR] - [PENDING]
2025-08-03 20:21:43 - binding parameter [10] as [BIGINT] - [10]
2025-08-03 20:21:43 - binding parameter [11] as [VARCHAR] - [TXN-788A0DF7255B400F]
2025-08-03 20:21:43 - binding parameter [12] as [TIMESTAMP] - [2025-08-03T20:21:43.313872]
2025-08-03 20:21:43 - binding parameter [13] as [BIGINT] - [0]
2025-08-03 20:21:43 - Transfer completed successfully: TXN-788A0DF7255B400F
2025-08-03 20:21:43 - binding parameter [1] as [VARCHAR] - [Test User 1]
2025-08-03 20:21:43 - binding parameter [2] as [VARCHAR] - [TEST001234567890]
2025-08-03 20:21:43 - binding parameter [3] as [NUMERIC] - [970.00]
2025-08-03 20:21:43 - binding parameter [4] as [VARCHAR] - [USD]
2025-08-03 20:21:43 - binding parameter [5] as [VARCHAR] - [ACTIVE]
2025-08-03 20:21:43 - binding parameter [6] as [TIMESTAMP] - [2025-08-03T20:21:43.316606]
2025-08-03 20:21:43 - binding parameter [7] as [VARCHAR] - [user1]
2025-08-03 20:21:43 - binding parameter [8] as [BIGINT] - [3]
2025-08-03 20:21:43 - binding parameter [9] as [BIGINT] - [9]
2025-08-03 20:21:43 - binding parameter [10] as [BIGINT] - [2]
2025-08-03 20:21:43 - binding parameter [1] as [VARCHAR] - [Test User 2]
2025-08-03 20:21:43 - binding parameter [2] as [VARCHAR] - [TEST002345678901]
2025-08-03 20:21:43 - binding parameter [3] as [NUMERIC] - [530.00]
2025-08-03 20:21:43 - binding parameter [4] as [VARCHAR] - [USD]
2025-08-03 20:21:43 - binding parameter [5] as [VARCHAR] - [ACTIVE]
2025-08-03 20:21:43 - binding parameter [6] as [TIMESTAMP] - [2025-08-03T20:21:43.317636]
2025-08-03 20:21:43 - binding parameter [7] as [VARCHAR] - [user2]
2025-08-03 20:21:43 - binding parameter [8] as [BIGINT] - [3]
2025-08-03 20:21:43 - binding parameter [9] as [BIGINT] - [10]
2025-08-03 20:21:43 - binding parameter [10] as [BIGINT] - [2]
2025-08-03 20:21:43 - binding parameter [1] as [NUMERIC] - [10.00]
2025-08-03 20:21:43 - binding parameter [2] as [TIMESTAMP] - [2025-08-03T20:21:43.316089]
2025-08-03 20:21:43 - binding parameter [3] as [VARCHAR] - [USD]
2025-08-03 20:21:43 - binding parameter [4] as [VARCHAR] - [Concurrent transfer test]
2025-08-03 20:21:43 - binding parameter [5] as [VARCHAR] - [null]
2025-08-03 20:21:43 - binding parameter [6] as [BIGINT] - [9]
2025-08-03 20:21:43 - binding parameter [7] as [TIMESTAMP] - [2025-08-03T20:21:43.315569]
2025-08-03 20:21:43 - binding parameter [8] as [VARCHAR] - [COMPLETED]
2025-08-03 20:21:43 - binding parameter [9] as [BIGINT] - [10]
2025-08-03 20:21:43 - binding parameter [10] as [VARCHAR] - [TXN-788A0DF7255B400F]
2025-08-03 20:21:43 - binding parameter [11] as [TIMESTAMP] - [2025-08-03T20:21:43.318223]
2025-08-03 20:21:43 - binding parameter [12] as [BIGINT] - [1]
2025-08-03 20:21:43 - binding parameter [13] as [BIGINT] - [3]
2025-08-03 20:21:43 - binding parameter [14] as [BIGINT] - [0]
2025-08-03 20:21:43 - Processing transfer request: TransferRequest{fromAccountNumber='TEST001234567890', toAccountNumber='TEST002345678901', amount=10.00, currency=USD, description='Concurrent transfer test'}
2025-08-03 20:21:43 - binding parameter [1] as [VARCHAR] - [TEST001234567890]
2025-08-03 20:21:43 - binding parameter [1] as [VARCHAR] - [TEST002345678901]
2025-08-03 20:21:43 - binding parameter [1] as [NUMERIC] - [10.00]
2025-08-03 20:21:43 - binding parameter [2] as [TIMESTAMP] - [null]
2025-08-03 20:21:43 - binding parameter [3] as [TIMESTAMP] - [2025-08-03T20:21:43.322798]
2025-08-03 20:21:43 - binding parameter [4] as [VARCHAR] - [USD]
2025-08-03 20:21:43 - binding parameter [5] as [VARCHAR] - [Concurrent transfer test]
2025-08-03 20:21:43 - binding parameter [6] as [VARCHAR] - [null]
2025-08-03 20:21:43 - binding parameter [7] as [BIGINT] - [9]
2025-08-03 20:21:43 - binding parameter [8] as [TIMESTAMP] - [null]
2025-08-03 20:21:43 - binding parameter [9] as [VARCHAR] - [PENDING]
2025-08-03 20:21:43 - binding parameter [10] as [BIGINT] - [10]
2025-08-03 20:21:43 - binding parameter [11] as [VARCHAR] - [TXN-6E58AF07C5CE4FB0]
2025-08-03 20:21:43 - binding parameter [12] as [TIMESTAMP] - [2025-08-03T20:21:43.322810]
2025-08-03 20:21:43 - binding parameter [13] as [BIGINT] - [0]
2025-08-03 20:21:43 - Transfer completed successfully: TXN-6E58AF07C5CE4FB0
2025-08-03 20:21:43 - binding parameter [1] as [VARCHAR] - [Test User 1]
2025-08-03 20:21:43 - binding parameter [2] as [VARCHAR] - [TEST001234567890]
2025-08-03 20:21:43 - binding parameter [3] as [NUMERIC] - [960.00]
2025-08-03 20:21:43 - binding parameter [4] as [VARCHAR] - [USD]
2025-08-03 20:21:43 - binding parameter [5] as [VARCHAR] - [ACTIVE]
2025-08-03 20:21:43 - binding parameter [6] as [TIMESTAMP] - [2025-08-03T20:21:43.325774]
2025-08-03 20:21:43 - binding parameter [7] as [VARCHAR] - [user1]
2025-08-03 20:21:43 - binding parameter [8] as [BIGINT] - [4]
2025-08-03 20:21:43 - binding parameter [9] as [BIGINT] - [9]
2025-08-03 20:21:43 - binding parameter [10] as [BIGINT] - [3]
2025-08-03 20:21:43 - binding parameter [1] as [VARCHAR] - [Test User 2]
2025-08-03 20:21:43 - binding parameter [2] as [VARCHAR] - [TEST002345678901]
2025-08-03 20:21:43 - binding parameter [3] as [NUMERIC] - [540.00]
2025-08-03 20:21:43 - binding parameter [4] as [VARCHAR] - [USD]
2025-08-03 20:21:43 - binding parameter [5] as [VARCHAR] - [ACTIVE]
2025-08-03 20:21:43 - binding parameter [6] as [TIMESTAMP] - [2025-08-03T20:21:43.326442]
2025-08-03 20:21:43 - binding parameter [7] as [VARCHAR] - [user2]
2025-08-03 20:21:43 - binding parameter [8] as [BIGINT] - [4]
2025-08-03 20:21:43 - binding parameter [9] as [BIGINT] - [10]
2025-08-03 20:21:43 - binding parameter [10] as [BIGINT] - [3]
2025-08-03 20:21:43 - binding parameter [1] as [NUMERIC] - [10.00]
2025-08-03 20:21:43 - binding parameter [2] as [TIMESTAMP] - [2025-08-03T20:21:43.325122]
2025-08-03 20:21:43 - binding parameter [3] as [VARCHAR] - [USD]
2025-08-03 20:21:43 - binding parameter [4] as [VARCHAR] - [Concurrent transfer test]
2025-08-03 20:21:43 - binding parameter [5] as [VARCHAR] - [null]
2025-08-03 20:21:43 - binding parameter [6] as [BIGINT] - [9]
2025-08-03 20:21:43 - binding parameter [7] as [TIMESTAMP] - [2025-08-03T20:21:43.324813]
2025-08-03 20:21:43 - binding parameter [8] as [VARCHAR] - [COMPLETED]
2025-08-03 20:21:43 - binding parameter [9] as [BIGINT] - [10]
2025-08-03 20:21:43 - binding parameter [10] as [VARCHAR] - [TXN-6E58AF07C5CE4FB0]
2025-08-03 20:21:43 - binding parameter [11] as [TIMESTAMP] - [2025-08-03T20:21:43.327058]
2025-08-03 20:21:43 - binding parameter [12] as [BIGINT] - [1]
2025-08-03 20:21:43 - binding parameter [13] as [BIGINT] - [4]
2025-08-03 20:21:43 - binding parameter [14] as [BIGINT] - [0]
2025-08-03 20:21:43 - Processing transfer request: TransferRequest{fromAccountNumber='TEST001234567890', toAccountNumber='TEST002345678901', amount=10.00, currency=USD, description='Concurrent transfer test'}
2025-08-03 20:21:43 - binding parameter [1] as [VARCHAR] - [TEST001234567890]
2025-08-03 20:21:43 - binding parameter [1] as [VARCHAR] - [TEST002345678901]
2025-08-03 20:21:43 - binding parameter [1] as [NUMERIC] - [10.00]
2025-08-03 20:21:43 - binding parameter [2] as [TIMESTAMP] - [null]
2025-08-03 20:21:43 - binding parameter [3] as [TIMESTAMP] - [2025-08-03T20:21:43.330853]
2025-08-03 20:21:43 - binding parameter [4] as [VARCHAR] - [USD]
2025-08-03 20:21:43 - binding parameter [5] as [VARCHAR] - [Concurrent transfer test]
2025-08-03 20:21:43 - binding parameter [6] as [VARCHAR] - [null]
2025-08-03 20:21:43 - binding parameter [7] as [BIGINT] - [9]
2025-08-03 20:21:43 - binding parameter [8] as [TIMESTAMP] - [null]
2025-08-03 20:21:43 - binding parameter [9] as [VARCHAR] - [PENDING]
2025-08-03 20:21:43 - binding parameter [10] as [BIGINT] - [10]
2025-08-03 20:21:43 - binding parameter [11] as [VARCHAR] - [TXN-2A0C55CE403F46C5]
2025-08-03 20:21:43 - binding parameter [12] as [TIMESTAMP] - [2025-08-03T20:21:43.330864]
2025-08-03 20:21:43 - binding parameter [13] as [BIGINT] - [0]
2025-08-03 20:21:43 - Transfer completed successfully: TXN-2A0C55CE403F46C5
2025-08-03 20:21:43 - binding parameter [1] as [VARCHAR] - [Test User 1]
2025-08-03 20:21:43 - binding parameter [2] as [VARCHAR] - [TEST001234567890]
2025-08-03 20:21:43 - binding parameter [3] as [NUMERIC] - [950.00]
2025-08-03 20:21:43 - binding parameter [4] as [VARCHAR] - [USD]
2025-08-03 20:21:43 - binding parameter [5] as [VARCHAR] - [ACTIVE]
2025-08-03 20:21:43 - binding parameter [6] as [TIMESTAMP] - [2025-08-03T20:21:43.333192]
2025-08-03 20:21:43 - binding parameter [7] as [VARCHAR] - [user1]
2025-08-03 20:21:43 - binding parameter [8] as [BIGINT] - [5]
2025-08-03 20:21:43 - binding parameter [9] as [BIGINT] - [9]
2025-08-03 20:21:43 - binding parameter [10] as [BIGINT] - [4]
2025-08-03 20:21:43 - binding parameter [1] as [VARCHAR] - [Test User 2]
2025-08-03 20:21:43 - binding parameter [2] as [VARCHAR] - [TEST002345678901]
2025-08-03 20:21:43 - binding parameter [3] as [NUMERIC] - [550.00]
2025-08-03 20:21:43 - binding parameter [4] as [VARCHAR] - [USD]
2025-08-03 20:21:43 - binding parameter [5] as [VARCHAR] - [ACTIVE]
2025-08-03 20:21:43 - binding parameter [6] as [TIMESTAMP] - [2025-08-03T20:21:43.334057]
2025-08-03 20:21:43 - binding parameter [7] as [VARCHAR] - [user2]
2025-08-03 20:21:43 - binding parameter [8] as [BIGINT] - [5]
2025-08-03 20:21:43 - binding parameter [9] as [BIGINT] - [10]
2025-08-03 20:21:43 - binding parameter [10] as [BIGINT] - [4]
2025-08-03 20:21:43 - binding parameter [1] as [NUMERIC] - [10.00]
2025-08-03 20:21:43 - binding parameter [2] as [TIMESTAMP] - [2025-08-03T20:21:43.332632]
2025-08-03 20:21:43 - binding parameter [3] as [VARCHAR] - [USD]
2025-08-03 20:21:43 - binding parameter [4] as [VARCHAR] - [Concurrent transfer test]
2025-08-03 20:21:43 - binding parameter [5] as [VARCHAR] - [null]
2025-08-03 20:21:43 - binding parameter [6] as [BIGINT] - [9]
2025-08-03 20:21:43 - binding parameter [7] as [TIMESTAMP] - [2025-08-03T20:21:43.332323]
2025-08-03 20:21:43 - binding parameter [8] as [VARCHAR] - [COMPLETED]
2025-08-03 20:21:43 - binding parameter [9] as [BIGINT] - [10]
2025-08-03 20:21:43 - binding parameter [10] as [VARCHAR] - [TXN-2A0C55CE403F46C5]
2025-08-03 20:21:43 - binding parameter [11] as [TIMESTAMP] - [2025-08-03T20:21:43.334548]
2025-08-03 20:21:43 - binding parameter [12] as [BIGINT] - [1]
2025-08-03 20:21:43 - binding parameter [13] as [BIGINT] - [5]
2025-08-03 20:21:43 - binding parameter [14] as [BIGINT] - [0]
2025-08-03 20:21:43 - Processing transfer request: TransferRequest{fromAccountNumber='TEST001234567890', toAccountNumber='TEST002345678901', amount=10.00, currency=USD, description='Concurrent transfer test'}
2025-08-03 20:21:43 - binding parameter [1] as [VARCHAR] - [TEST002345678901]
2025-08-03 20:21:43 - binding parameter [1] as [VARCHAR] - [TEST001234567890]
2025-08-03 20:21:43 - binding parameter [1] as [NUMERIC] - [10.00]
2025-08-03 20:21:43 - binding parameter [2] as [TIMESTAMP] - [null]
2025-08-03 20:21:43 - binding parameter [3] as [TIMESTAMP] - [2025-08-03T20:21:43.336980]
2025-08-03 20:21:43 - binding parameter [4] as [VARCHAR] - [USD]
2025-08-03 20:21:43 - binding parameter [5] as [VARCHAR] - [Concurrent transfer test]
2025-08-03 20:21:43 - binding parameter [6] as [VARCHAR] - [null]
2025-08-03 20:21:43 - binding parameter [7] as [BIGINT] - [9]
2025-08-03 20:21:43 - binding parameter [8] as [TIMESTAMP] - [null]
2025-08-03 20:21:43 - binding parameter [9] as [VARCHAR] - [PENDING]
2025-08-03 20:21:43 - binding parameter [10] as [BIGINT] - [10]
2025-08-03 20:21:43 - binding parameter [11] as [VARCHAR] - [TXN-0783A93530F6460F]
2025-08-03 20:21:43 - binding parameter [12] as [TIMESTAMP] - [2025-08-03T20:21:43.336989]
2025-08-03 20:21:43 - binding parameter [13] as [BIGINT] - [0]
2025-08-03 20:21:43 - Transfer completed successfully: TXN-0783A93530F6460F
2025-08-03 20:21:43 - binding parameter [1] as [VARCHAR] - [Test User 1]
2025-08-03 20:21:43 - binding parameter [2] as [VARCHAR] - [TEST001234567890]
2025-08-03 20:21:43 - binding parameter [3] as [NUMERIC] - [940.00]
2025-08-03 20:21:43 - binding parameter [4] as [VARCHAR] - [USD]
2025-08-03 20:21:43 - binding parameter [5] as [VARCHAR] - [ACTIVE]
2025-08-03 20:21:43 - binding parameter [6] as [TIMESTAMP] - [2025-08-03T20:21:43.338697]
2025-08-03 20:21:43 - binding parameter [7] as [VARCHAR] - [user1]
2025-08-03 20:21:43 - binding parameter [8] as [BIGINT] - [6]
2025-08-03 20:21:43 - binding parameter [9] as [BIGINT] - [9]
2025-08-03 20:21:43 - binding parameter [10] as [BIGINT] - [5]
2025-08-03 20:21:43 - binding parameter [1] as [VARCHAR] - [Test User 2]
2025-08-03 20:21:43 - binding parameter [2] as [VARCHAR] - [TEST002345678901]
2025-08-03 20:21:43 - binding parameter [3] as [NUMERIC] - [560.00]
2025-08-03 20:21:43 - binding parameter [4] as [VARCHAR] - [USD]
2025-08-03 20:21:43 - binding parameter [5] as [VARCHAR] - [ACTIVE]
2025-08-03 20:21:43 - binding parameter [6] as [TIMESTAMP] - [2025-08-03T20:21:43.340297]
2025-08-03 20:21:43 - binding parameter [7] as [VARCHAR] - [user2]
2025-08-03 20:21:43 - binding parameter [8] as [BIGINT] - [6]
2025-08-03 20:21:43 - binding parameter [9] as [BIGINT] - [10]
2025-08-03 20:21:43 - binding parameter [10] as [BIGINT] - [5]
2025-08-03 20:21:43 - binding parameter [1] as [NUMERIC] - [10.00]
2025-08-03 20:21:43 - binding parameter [2] as [TIMESTAMP] - [2025-08-03T20:21:43.338235]
2025-08-03 20:21:43 - binding parameter [3] as [VARCHAR] - [USD]
2025-08-03 20:21:43 - binding parameter [4] as [VARCHAR] - [Concurrent transfer test]
2025-08-03 20:21:43 - binding parameter [5] as [VARCHAR] - [null]
2025-08-03 20:21:43 - binding parameter [6] as [BIGINT] - [9]
2025-08-03 20:21:43 - binding parameter [7] as [TIMESTAMP] - [2025-08-03T20:21:43.337920]
2025-08-03 20:21:43 - binding parameter [8] as [VARCHAR] - [COMPLETED]
2025-08-03 20:21:43 - binding parameter [9] as [BIGINT] - [10]
2025-08-03 20:21:43 - binding parameter [10] as [VARCHAR] - [TXN-0783A93530F6460F]
2025-08-03 20:21:43 - binding parameter [11] as [TIMESTAMP] - [2025-08-03T20:21:43.341065]
2025-08-03 20:21:43 - binding parameter [12] as [BIGINT] - [1]
2025-08-03 20:21:43 - binding parameter [13] as [BIGINT] - [6]
2025-08-03 20:21:43 - binding parameter [14] as [BIGINT] - [0]
2025-08-03 20:21:43 - Processing transfer request: TransferRequest{fromAccountNumber='TEST001234567890', toAccountNumber='TEST002345678901', amount=10.00, currency=USD, description='Concurrent transfer test'}
2025-08-03 20:21:43 - binding parameter [1] as [VARCHAR] - [TEST001234567890]
2025-08-03 20:21:43 - binding parameter [1] as [VARCHAR] - [TEST002345678901]
2025-08-03 20:21:43 - binding parameter [1] as [NUMERIC] - [10.00]
2025-08-03 20:21:43 - binding parameter [2] as [TIMESTAMP] - [null]
2025-08-03 20:21:43 - binding parameter [3] as [TIMESTAMP] - [2025-08-03T20:21:43.347554]
2025-08-03 20:21:43 - binding parameter [4] as [VARCHAR] - [USD]
2025-08-03 20:21:43 - binding parameter [5] as [VARCHAR] - [Concurrent transfer test]
2025-08-03 20:21:43 - binding parameter [6] as [VARCHAR] - [null]
2025-08-03 20:21:43 - binding parameter [7] as [BIGINT] - [9]
2025-08-03 20:21:43 - binding parameter [8] as [TIMESTAMP] - [null]
2025-08-03 20:21:43 - binding parameter [9] as [VARCHAR] - [PENDING]
2025-08-03 20:21:43 - binding parameter [10] as [BIGINT] - [10]
2025-08-03 20:21:43 - binding parameter [11] as [VARCHAR] - [TXN-CD7050A8BDDA482A]
2025-08-03 20:21:43 - binding parameter [12] as [TIMESTAMP] - [2025-08-03T20:21:43.347585]
2025-08-03 20:21:43 - binding parameter [13] as [BIGINT] - [0]
2025-08-03 20:21:43 - Transfer completed successfully: TXN-CD7050A8BDDA482A
2025-08-03 20:21:43 - binding parameter [1] as [VARCHAR] - [Test User 1]
2025-08-03 20:21:43 - binding parameter [2] as [VARCHAR] - [TEST001234567890]
2025-08-03 20:21:43 - binding parameter [3] as [NUMERIC] - [930.00]
2025-08-03 20:21:43 - binding parameter [4] as [VARCHAR] - [USD]
2025-08-03 20:21:43 - binding parameter [5] as [VARCHAR] - [ACTIVE]
2025-08-03 20:21:43 - binding parameter [6] as [TIMESTAMP] - [2025-08-03T20:21:43.350385]
2025-08-03 20:21:43 - binding parameter [7] as [VARCHAR] - [user1]
2025-08-03 20:21:43 - binding parameter [8] as [BIGINT] - [7]
2025-08-03 20:21:43 - binding parameter [9] as [BIGINT] - [9]
2025-08-03 20:21:43 - binding parameter [10] as [BIGINT] - [6]
2025-08-03 20:21:43 - binding parameter [1] as [VARCHAR] - [Test User 2]
2025-08-03 20:21:43 - binding parameter [2] as [VARCHAR] - [TEST002345678901]
2025-08-03 20:21:43 - binding parameter [3] as [NUMERIC] - [570.00]
2025-08-03 20:21:43 - binding parameter [4] as [VARCHAR] - [USD]
2025-08-03 20:21:43 - binding parameter [5] as [VARCHAR] - [ACTIVE]
2025-08-03 20:21:43 - binding parameter [6] as [TIMESTAMP] - [2025-08-03T20:21:43.350984]
2025-08-03 20:21:43 - binding parameter [7] as [VARCHAR] - [user2]
2025-08-03 20:21:43 - binding parameter [8] as [BIGINT] - [7]
2025-08-03 20:21:43 - binding parameter [9] as [BIGINT] - [10]
2025-08-03 20:21:43 - binding parameter [10] as [BIGINT] - [6]
2025-08-03 20:21:43 - binding parameter [1] as [NUMERIC] - [10.00]
2025-08-03 20:21:43 - binding parameter [2] as [TIMESTAMP] - [2025-08-03T20:21:43.349946]
2025-08-03 20:21:43 - binding parameter [3] as [VARCHAR] - [USD]
2025-08-03 20:21:43 - binding parameter [4] as [VARCHAR] - [Concurrent transfer test]
2025-08-03 20:21:43 - binding parameter [5] as [VARCHAR] - [null]
2025-08-03 20:21:43 - binding parameter [6] as [BIGINT] - [9]
2025-08-03 20:21:43 - binding parameter [7] as [TIMESTAMP] - [2025-08-03T20:21:43.349654]
2025-08-03 20:21:43 - binding parameter [8] as [VARCHAR] - [COMPLETED]
2025-08-03 20:21:43 - binding parameter [9] as [BIGINT] - [10]
2025-08-03 20:21:43 - binding parameter [10] as [VARCHAR] - [TXN-CD7050A8BDDA482A]
2025-08-03 20:21:43 - binding parameter [11] as [TIMESTAMP] - [2025-08-03T20:21:43.351461]
2025-08-03 20:21:43 - binding parameter [12] as [BIGINT] - [1]
2025-08-03 20:21:43 - binding parameter [13] as [BIGINT] - [7]
2025-08-03 20:21:43 - binding parameter [14] as [BIGINT] - [0]
2025-08-03 20:21:43 - Processing transfer request: TransferRequest{fromAccountNumber='TEST001234567890', toAccountNumber='TEST002345678901', amount=10.00, currency=USD, description='Concurrent transfer test'}
2025-08-03 20:21:43 - binding parameter [1] as [VARCHAR] - [TEST001234567890]
2025-08-03 20:21:43 - binding parameter [1] as [VARCHAR] - [TEST002345678901]
2025-08-03 20:21:43 - binding parameter [1] as [NUMERIC] - [10.00]
2025-08-03 20:21:43 - binding parameter [2] as [TIMESTAMP] - [null]
2025-08-03 20:21:43 - binding parameter [3] as [TIMESTAMP] - [2025-08-03T20:21:43.353670]
2025-08-03 20:21:43 - binding parameter [4] as [VARCHAR] - [USD]
2025-08-03 20:21:43 - binding parameter [5] as [VARCHAR] - [Concurrent transfer test]
2025-08-03 20:21:43 - binding parameter [6] as [VARCHAR] - [null]
2025-08-03 20:21:43 - binding parameter [7] as [BIGINT] - [9]
2025-08-03 20:21:43 - binding parameter [8] as [TIMESTAMP] - [null]
2025-08-03 20:21:43 - binding parameter [9] as [VARCHAR] - [PENDING]
2025-08-03 20:21:43 - binding parameter [10] as [BIGINT] - [10]
2025-08-03 20:21:43 - binding parameter [11] as [VARCHAR] - [TXN-75A84FFD05AE4D91]
2025-08-03 20:21:43 - binding parameter [12] as [TIMESTAMP] - [2025-08-03T20:21:43.353680]
2025-08-03 20:21:43 - binding parameter [13] as [BIGINT] - [0]
2025-08-03 20:21:43 - Transfer completed successfully: TXN-75A84FFD05AE4D91
2025-08-03 20:21:43 - binding parameter [1] as [VARCHAR] - [Test User 1]
2025-08-03 20:21:43 - binding parameter [2] as [VARCHAR] - [TEST001234567890]
2025-08-03 20:21:43 - binding parameter [3] as [NUMERIC] - [920.00]
2025-08-03 20:21:43 - binding parameter [4] as [VARCHAR] - [USD]
2025-08-03 20:21:43 - binding parameter [5] as [VARCHAR] - [ACTIVE]
2025-08-03 20:21:43 - binding parameter [6] as [TIMESTAMP] - [2025-08-03T20:21:43.357122]
2025-08-03 20:21:43 - binding parameter [7] as [VARCHAR] - [user1]
2025-08-03 20:21:43 - binding parameter [8] as [BIGINT] - [8]
2025-08-03 20:21:43 - binding parameter [9] as [BIGINT] - [9]
2025-08-03 20:21:43 - binding parameter [10] as [BIGINT] - [7]
2025-08-03 20:21:43 - binding parameter [1] as [VARCHAR] - [Test User 2]
2025-08-03 20:21:43 - binding parameter [2] as [VARCHAR] - [TEST002345678901]
2025-08-03 20:21:43 - binding parameter [3] as [NUMERIC] - [580.00]
2025-08-03 20:21:43 - binding parameter [4] as [VARCHAR] - [USD]
2025-08-03 20:21:43 - binding parameter [5] as [VARCHAR] - [ACTIVE]
2025-08-03 20:21:43 - binding parameter [6] as [TIMESTAMP] - [2025-08-03T20:21:43.357855]
2025-08-03 20:21:43 - binding parameter [7] as [VARCHAR] - [user2]
2025-08-03 20:21:43 - binding parameter [8] as [BIGINT] - [8]
2025-08-03 20:21:43 - binding parameter [9] as [BIGINT] - [10]
2025-08-03 20:21:43 - binding parameter [10] as [BIGINT] - [7]
2025-08-03 20:21:43 - binding parameter [1] as [NUMERIC] - [10.00]
2025-08-03 20:21:43 - binding parameter [2] as [TIMESTAMP] - [2025-08-03T20:21:43.356427]
2025-08-03 20:21:43 - binding parameter [3] as [VARCHAR] - [USD]
2025-08-03 20:21:43 - binding parameter [4] as [VARCHAR] - [Concurrent transfer test]
2025-08-03 20:21:43 - binding parameter [5] as [VARCHAR] - [null]
2025-08-03 20:21:43 - binding parameter [6] as [BIGINT] - [9]
2025-08-03 20:21:43 - binding parameter [7] as [TIMESTAMP] - [2025-08-03T20:21:43.356043]
2025-08-03 20:21:43 - binding parameter [8] as [VARCHAR] - [COMPLETED]
2025-08-03 20:21:43 - binding parameter [9] as [BIGINT] - [10]
2025-08-03 20:21:43 - binding parameter [10] as [VARCHAR] - [TXN-75A84FFD05AE4D91]
2025-08-03 20:21:43 - binding parameter [11] as [TIMESTAMP] - [2025-08-03T20:21:43.358373]
2025-08-03 20:21:43 - binding parameter [12] as [BIGINT] - [1]
2025-08-03 20:21:43 - binding parameter [13] as [BIGINT] - [8]
2025-08-03 20:21:43 - binding parameter [14] as [BIGINT] - [0]
2025-08-03 20:21:43 - Processing transfer request: TransferRequest{fromAccountNumber='TEST001234567890', toAccountNumber='TEST002345678901', amount=10.00, currency=USD, description='Concurrent transfer test'}
2025-08-03 20:21:43 - binding parameter [1] as [VARCHAR] - [TEST001234567890]
2025-08-03 20:21:43 - binding parameter [1] as [VARCHAR] - [TEST002345678901]
2025-08-03 20:21:43 - binding parameter [1] as [NUMERIC] - [10.00]
2025-08-03 20:21:43 - binding parameter [2] as [TIMESTAMP] - [null]
2025-08-03 20:21:43 - binding parameter [3] as [TIMESTAMP] - [2025-08-03T20:21:43.361340]
2025-08-03 20:21:43 - binding parameter [4] as [VARCHAR] - [USD]
2025-08-03 20:21:43 - binding parameter [5] as [VARCHAR] - [Concurrent transfer test]
2025-08-03 20:21:43 - binding parameter [6] as [VARCHAR] - [null]
2025-08-03 20:21:43 - binding parameter [7] as [BIGINT] - [9]
2025-08-03 20:21:43 - binding parameter [8] as [TIMESTAMP] - [null]
2025-08-03 20:21:43 - binding parameter [9] as [VARCHAR] - [PENDING]
2025-08-03 20:21:43 - binding parameter [10] as [BIGINT] - [10]
2025-08-03 20:21:43 - binding parameter [11] as [VARCHAR] - [TXN-6C02B870F9014662]
2025-08-03 20:21:43 - binding parameter [12] as [TIMESTAMP] - [2025-08-03T20:21:43.361353]
2025-08-03 20:21:43 - binding parameter [13] as [BIGINT] - [0]
2025-08-03 20:21:43 - Transfer completed successfully: TXN-6C02B870F9014662
2025-08-03 20:21:43 - binding parameter [1] as [VARCHAR] - [Test User 1]
2025-08-03 20:21:43 - binding parameter [2] as [VARCHAR] - [TEST001234567890]
2025-08-03 20:21:43 - binding parameter [3] as [NUMERIC] - [910.00]
2025-08-03 20:21:43 - binding parameter [4] as [VARCHAR] - [USD]
2025-08-03 20:21:43 - binding parameter [5] as [VARCHAR] - [ACTIVE]
2025-08-03 20:21:43 - binding parameter [6] as [TIMESTAMP] - [2025-08-03T20:21:43.367093]
2025-08-03 20:21:43 - binding parameter [7] as [VARCHAR] - [user1]
2025-08-03 20:21:43 - binding parameter [8] as [BIGINT] - [9]
2025-08-03 20:21:43 - binding parameter [9] as [BIGINT] - [9]
2025-08-03 20:21:43 - binding parameter [10] as [BIGINT] - [8]
2025-08-03 20:21:43 - binding parameter [1] as [VARCHAR] - [Test User 2]
2025-08-03 20:21:43 - binding parameter [2] as [VARCHAR] - [TEST002345678901]
2025-08-03 20:21:43 - binding parameter [3] as [NUMERIC] - [590.00]
2025-08-03 20:21:43 - binding parameter [4] as [VARCHAR] - [USD]
2025-08-03 20:21:43 - binding parameter [5] as [VARCHAR] - [ACTIVE]
2025-08-03 20:21:43 - binding parameter [6] as [TIMESTAMP] - [2025-08-03T20:21:43.368160]
2025-08-03 20:21:43 - binding parameter [7] as [VARCHAR] - [user2]
2025-08-03 20:21:43 - binding parameter [8] as [BIGINT] - [9]
2025-08-03 20:21:43 - binding parameter [9] as [BIGINT] - [10]
2025-08-03 20:21:43 - binding parameter [10] as [BIGINT] - [8]
2025-08-03 20:21:43 - binding parameter [1] as [NUMERIC] - [10.00]
2025-08-03 20:21:43 - binding parameter [2] as [TIMESTAMP] - [2025-08-03T20:21:43.366458]
2025-08-03 20:21:43 - binding parameter [3] as [VARCHAR] - [USD]
2025-08-03 20:21:43 - binding parameter [4] as [VARCHAR] - [Concurrent transfer test]
2025-08-03 20:21:43 - binding parameter [5] as [VARCHAR] - [null]
2025-08-03 20:21:43 - binding parameter [6] as [BIGINT] - [9]
2025-08-03 20:21:43 - binding parameter [7] as [TIMESTAMP] - [2025-08-03T20:21:43.365786]
2025-08-03 20:21:43 - binding parameter [8] as [VARCHAR] - [COMPLETED]
2025-08-03 20:21:43 - binding parameter [9] as [BIGINT] - [10]
2025-08-03 20:21:43 - binding parameter [10] as [VARCHAR] - [TXN-6C02B870F9014662]
2025-08-03 20:21:43 - binding parameter [11] as [TIMESTAMP] - [2025-08-03T20:21:43.368634]
2025-08-03 20:21:43 - binding parameter [12] as [BIGINT] - [1]
2025-08-03 20:21:43 - binding parameter [13] as [BIGINT] - [9]
2025-08-03 20:21:43 - binding parameter [14] as [BIGINT] - [0]
2025-08-03 20:21:43 - Processing transfer request: TransferRequest{fromAccountNumber='TEST001234567890', toAccountNumber='TEST002345678901', amount=10.00, currency=USD, description='Concurrent transfer test'}
2025-08-03 20:21:43 - binding parameter [1] as [VARCHAR] - [TEST001234567890]
2025-08-03 20:21:43 - binding parameter [1] as [VARCHAR] - [TEST002345678901]
2025-08-03 20:21:43 - binding parameter [1] as [NUMERIC] - [10.00]
2025-08-03 20:21:43 - binding parameter [2] as [TIMESTAMP] - [null]
2025-08-03 20:21:43 - binding parameter [3] as [TIMESTAMP] - [2025-08-03T20:21:43.371279]
2025-08-03 20:21:43 - binding parameter [4] as [VARCHAR] - [USD]
2025-08-03 20:21:43 - binding parameter [5] as [VARCHAR] - [Concurrent transfer test]
2025-08-03 20:21:43 - binding parameter [6] as [VARCHAR] - [null]
2025-08-03 20:21:43 - binding parameter [7] as [BIGINT] - [9]
2025-08-03 20:21:43 - binding parameter [8] as [TIMESTAMP] - [null]
2025-08-03 20:21:43 - binding parameter [9] as [VARCHAR] - [PENDING]
2025-08-03 20:21:43 - binding parameter [10] as [BIGINT] - [10]
2025-08-03 20:21:43 - binding parameter [11] as [VARCHAR] - [TXN-10C4EE4E10E946EA]
2025-08-03 20:21:43 - binding parameter [12] as [TIMESTAMP] - [2025-08-03T20:21:43.371287]
2025-08-03 20:21:43 - binding parameter [13] as [BIGINT] - [0]
2025-08-03 20:21:43 - Transfer completed successfully: TXN-10C4EE4E10E946EA
2025-08-03 20:21:43 - binding parameter [1] as [VARCHAR] - [Test User 1]
2025-08-03 20:21:43 - binding parameter [2] as [VARCHAR] - [TEST001234567890]
2025-08-03 20:21:43 - binding parameter [3] as [NUMERIC] - [900.00]
2025-08-03 20:21:43 - binding parameter [4] as [VARCHAR] - [USD]
2025-08-03 20:21:43 - binding parameter [5] as [VARCHAR] - [ACTIVE]
2025-08-03 20:21:43 - binding parameter [6] as [TIMESTAMP] - [2025-08-03T20:21:43.373283]
2025-08-03 20:21:43 - binding parameter [7] as [VARCHAR] - [user1]
2025-08-03 20:21:43 - binding parameter [8] as [BIGINT] - [10]
2025-08-03 20:21:43 - binding parameter [9] as [BIGINT] - [9]
2025-08-03 20:21:43 - binding parameter [10] as [BIGINT] - [9]
2025-08-03 20:21:43 - binding parameter [1] as [VARCHAR] - [Test User 2]
2025-08-03 20:21:43 - binding parameter [2] as [VARCHAR] - [TEST002345678901]
2025-08-03 20:21:43 - binding parameter [3] as [NUMERIC] - [600.00]
2025-08-03 20:21:43 - binding parameter [4] as [VARCHAR] - [USD]
2025-08-03 20:21:43 - binding parameter [5] as [VARCHAR] - [ACTIVE]
2025-08-03 20:21:43 - binding parameter [6] as [TIMESTAMP] - [2025-08-03T20:21:43.373874]
2025-08-03 20:21:43 - binding parameter [7] as [VARCHAR] - [user2]
2025-08-03 20:21:43 - binding parameter [8] as [BIGINT] - [10]
2025-08-03 20:21:43 - binding parameter [9] as [BIGINT] - [10]
2025-08-03 20:21:43 - binding parameter [10] as [BIGINT] - [9]
2025-08-03 20:21:43 - binding parameter [1] as [NUMERIC] - [10.00]
2025-08-03 20:21:43 - binding parameter [2] as [TIMESTAMP] - [2025-08-03T20:21:43.372820]
2025-08-03 20:21:43 - binding parameter [3] as [VARCHAR] - [USD]
2025-08-03 20:21:43 - binding parameter [4] as [VARCHAR] - [Concurrent transfer test]
2025-08-03 20:21:43 - binding parameter [5] as [VARCHAR] - [null]
2025-08-03 20:21:43 - binding parameter [6] as [BIGINT] - [9]
2025-08-03 20:21:43 - binding parameter [7] as [TIMESTAMP] - [2025-08-03T20:21:43.372566]
2025-08-03 20:21:43 - binding parameter [8] as [VARCHAR] - [COMPLETED]
2025-08-03 20:21:43 - binding parameter [9] as [BIGINT] - [10]
2025-08-03 20:21:43 - binding parameter [10] as [VARCHAR] - [TXN-10C4EE4E10E946EA]
2025-08-03 20:21:43 - binding parameter [11] as [TIMESTAMP] - [2025-08-03T20:21:43.374292]
2025-08-03 20:21:43 - binding parameter [12] as [BIGINT] - [1]
2025-08-03 20:21:43 - binding parameter [13] as [BIGINT] - [10]
2025-08-03 20:21:43 - binding parameter [14] as [BIGINT] - [0]
2025-08-03 20:21:43 - Processing transfer request: TransferRequest{fromAccountNumber='TEST001234567890', toAccountNumber='TEST002345678901', amount=10.00, currency=USD, description='Concurrent transfer test'}
2025-08-03 20:21:43 - binding parameter [1] as [VARCHAR] - [TEST002345678901]
2025-08-03 20:21:43 - binding parameter [1] as [VARCHAR] - [TEST001234567890]
2025-08-03 20:21:43 - binding parameter [1] as [NUMERIC] - [10.00]
2025-08-03 20:21:43 - binding parameter [2] as [TIMESTAMP] - [null]
2025-08-03 20:21:43 - binding parameter [3] as [TIMESTAMP] - [2025-08-03T20:21:43.376517]
2025-08-03 20:21:43 - binding parameter [4] as [VARCHAR] - [USD]
2025-08-03 20:21:43 - binding parameter [5] as [VARCHAR] - [Concurrent transfer test]
2025-08-03 20:21:43 - binding parameter [6] as [VARCHAR] - [null]
2025-08-03 20:21:43 - binding parameter [7] as [BIGINT] - [9]
2025-08-03 20:21:43 - binding parameter [8] as [TIMESTAMP] - [null]
2025-08-03 20:21:43 - binding parameter [9] as [VARCHAR] - [PENDING]
2025-08-03 20:21:43 - binding parameter [10] as [BIGINT] - [10]
2025-08-03 20:21:43 - binding parameter [11] as [VARCHAR] - [TXN-A3BD35AD9ECE499F]
2025-08-03 20:21:43 - binding parameter [12] as [TIMESTAMP] - [2025-08-03T20:21:43.376524]
2025-08-03 20:21:43 - binding parameter [13] as [BIGINT] - [0]
2025-08-03 20:21:43 - Transfer completed successfully: TXN-A3BD35AD9ECE499F
2025-08-03 20:21:43 - binding parameter [1] as [VARCHAR] - [Test User 1]
2025-08-03 20:21:43 - binding parameter [2] as [VARCHAR] - [TEST001234567890]
2025-08-03 20:21:43 - binding parameter [3] as [NUMERIC] - [890.00]
2025-08-03 20:21:43 - binding parameter [4] as [VARCHAR] - [USD]
2025-08-03 20:21:43 - binding parameter [5] as [VARCHAR] - [ACTIVE]
2025-08-03 20:21:43 - binding parameter [6] as [TIMESTAMP] - [2025-08-03T20:21:43.377765]
2025-08-03 20:21:43 - binding parameter [7] as [VARCHAR] - [user1]
2025-08-03 20:21:43 - binding parameter [8] as [BIGINT] - [11]
2025-08-03 20:21:43 - binding parameter [9] as [BIGINT] - [9]
2025-08-03 20:21:43 - binding parameter [10] as [BIGINT] - [10]
2025-08-03 20:21:43 - binding parameter [1] as [VARCHAR] - [Test User 2]
2025-08-03 20:21:43 - binding parameter [2] as [VARCHAR] - [TEST002345678901]
2025-08-03 20:21:43 - binding parameter [3] as [NUMERIC] - [610.00]
2025-08-03 20:21:43 - binding parameter [4] as [VARCHAR] - [USD]
2025-08-03 20:21:43 - binding parameter [5] as [VARCHAR] - [ACTIVE]
2025-08-03 20:21:43 - binding parameter [6] as [TIMESTAMP] - [2025-08-03T20:21:43.378245]
2025-08-03 20:21:43 - binding parameter [7] as [VARCHAR] - [user2]
2025-08-03 20:21:43 - binding parameter [8] as [BIGINT] - [11]
2025-08-03 20:21:43 - binding parameter [9] as [BIGINT] - [10]
2025-08-03 20:21:43 - binding parameter [10] as [BIGINT] - [10]
2025-08-03 20:21:43 - binding parameter [1] as [NUMERIC] - [10.00]
2025-08-03 20:21:43 - binding parameter [2] as [TIMESTAMP] - [2025-08-03T20:21:43.377437]
2025-08-03 20:21:43 - binding parameter [3] as [VARCHAR] - [USD]
2025-08-03 20:21:43 - binding parameter [4] as [VARCHAR] - [Concurrent transfer test]
2025-08-03 20:21:43 - binding parameter [5] as [VARCHAR] - [null]
2025-08-03 20:21:43 - binding parameter [6] as [BIGINT] - [9]
2025-08-03 20:21:43 - binding parameter [7] as [TIMESTAMP] - [2025-08-03T20:21:43.377209]
2025-08-03 20:21:43 - binding parameter [8] as [VARCHAR] - [COMPLETED]
2025-08-03 20:21:43 - binding parameter [9] as [BIGINT] - [10]
2025-08-03 20:21:43 - binding parameter [10] as [VARCHAR] - [TXN-A3BD35AD9ECE499F]
2025-08-03 20:21:43 - binding parameter [11] as [TIMESTAMP] - [2025-08-03T20:21:43.378598]
2025-08-03 20:21:43 - binding parameter [12] as [BIGINT] - [1]
2025-08-03 20:21:43 - binding parameter [13] as [BIGINT] - [11]
2025-08-03 20:21:43 - binding parameter [14] as [BIGINT] - [0]
2025-08-03 20:21:43 - Processing transfer request: TransferRequest{fromAccountNumber='TEST001234567890', toAccountNumber='TEST002345678901', amount=10.00, currency=USD, description='Concurrent transfer test'}
2025-08-03 20:21:43 - binding parameter [1] as [VARCHAR] - [TEST001234567890]
2025-08-03 20:21:43 - binding parameter [1] as [VARCHAR] - [TEST002345678901]
2025-08-03 20:21:43 - binding parameter [1] as [NUMERIC] - [10.00]
2025-08-03 20:21:43 - binding parameter [2] as [TIMESTAMP] - [null]
2025-08-03 20:21:43 - binding parameter [3] as [TIMESTAMP] - [2025-08-03T20:21:43.383746]
2025-08-03 20:21:43 - binding parameter [4] as [VARCHAR] - [USD]
2025-08-03 20:21:43 - binding parameter [5] as [VARCHAR] - [Concurrent transfer test]
2025-08-03 20:21:43 - binding parameter [6] as [VARCHAR] - [null]
2025-08-03 20:21:43 - binding parameter [7] as [BIGINT] - [9]
2025-08-03 20:21:43 - binding parameter [8] as [TIMESTAMP] - [null]
2025-08-03 20:21:43 - binding parameter [9] as [VARCHAR] - [PENDING]
2025-08-03 20:21:43 - binding parameter [10] as [BIGINT] - [10]
2025-08-03 20:21:43 - binding parameter [11] as [VARCHAR] - [TXN-3C4CA586CFD14645]
2025-08-03 20:21:43 - binding parameter [12] as [TIMESTAMP] - [2025-08-03T20:21:43.383755]
2025-08-03 20:21:43 - binding parameter [13] as [BIGINT] - [0]
2025-08-03 20:21:43 - Transfer completed successfully: TXN-3C4CA586CFD14645
2025-08-03 20:21:43 - binding parameter [1] as [VARCHAR] - [Test User 1]
2025-08-03 20:21:43 - binding parameter [2] as [VARCHAR] - [TEST001234567890]
2025-08-03 20:21:43 - binding parameter [3] as [NUMERIC] - [880.00]
2025-08-03 20:21:43 - binding parameter [4] as [VARCHAR] - [USD]
2025-08-03 20:21:43 - binding parameter [5] as [VARCHAR] - [ACTIVE]
2025-08-03 20:21:43 - binding parameter [6] as [TIMESTAMP] - [2025-08-03T20:21:43.385059]
2025-08-03 20:21:43 - binding parameter [7] as [VARCHAR] - [user1]
2025-08-03 20:21:43 - binding parameter [8] as [BIGINT] - [12]
2025-08-03 20:21:43 - binding parameter [9] as [BIGINT] - [9]
2025-08-03 20:21:43 - binding parameter [10] as [BIGINT] - [11]
2025-08-03 20:21:43 - binding parameter [1] as [VARCHAR] - [Test User 2]
2025-08-03 20:21:43 - binding parameter [2] as [VARCHAR] - [TEST002345678901]
2025-08-03 20:21:43 - binding parameter [3] as [NUMERIC] - [620.00]
2025-08-03 20:21:43 - binding parameter [4] as [VARCHAR] - [USD]
2025-08-03 20:21:43 - binding parameter [5] as [VARCHAR] - [ACTIVE]
2025-08-03 20:21:43 - binding parameter [6] as [TIMESTAMP] - [2025-08-03T20:21:43.385503]
2025-08-03 20:21:43 - binding parameter [7] as [VARCHAR] - [user2]
2025-08-03 20:21:43 - binding parameter [8] as [BIGINT] - [12]
2025-08-03 20:21:43 - binding parameter [9] as [BIGINT] - [10]
2025-08-03 20:21:43 - binding parameter [10] as [BIGINT] - [11]
2025-08-03 20:21:43 - binding parameter [1] as [NUMERIC] - [10.00]
2025-08-03 20:21:43 - binding parameter [2] as [TIMESTAMP] - [2025-08-03T20:21:43.384729]
2025-08-03 20:21:43 - binding parameter [3] as [VARCHAR] - [USD]
2025-08-03 20:21:43 - binding parameter [4] as [VARCHAR] - [Concurrent transfer test]
2025-08-03 20:21:43 - binding parameter [5] as [VARCHAR] - [null]
2025-08-03 20:21:43 - binding parameter [6] as [BIGINT] - [9]
2025-08-03 20:21:43 - binding parameter [7] as [TIMESTAMP] - [2025-08-03T20:21:43.384482]
2025-08-03 20:21:43 - binding parameter [8] as [VARCHAR] - [COMPLETED]
2025-08-03 20:21:43 - binding parameter [9] as [BIGINT] - [10]
2025-08-03 20:21:43 - binding parameter [10] as [VARCHAR] - [TXN-3C4CA586CFD14645]
2025-08-03 20:21:43 - binding parameter [11] as [TIMESTAMP] - [2025-08-03T20:21:43.385865]
2025-08-03 20:21:43 - binding parameter [12] as [BIGINT] - [1]
2025-08-03 20:21:43 - binding parameter [13] as [BIGINT] - [12]
2025-08-03 20:21:43 - binding parameter [14] as [BIGINT] - [0]
2025-08-03 20:21:43 - Processing transfer request: TransferRequest{fromAccountNumber='TEST001234567890', toAccountNumber='TEST002345678901', amount=10.00, currency=USD, description='Concurrent transfer test'}
2025-08-03 20:21:43 - binding parameter [1] as [VARCHAR] - [TEST001234567890]
2025-08-03 20:21:43 - binding parameter [1] as [VARCHAR] - [TEST002345678901]
2025-08-03 20:21:43 - binding parameter [1] as [NUMERIC] - [10.00]
2025-08-03 20:21:43 - binding parameter [2] as [TIMESTAMP] - [null]
2025-08-03 20:21:43 - binding parameter [3] as [TIMESTAMP] - [2025-08-03T20:21:43.388964]
2025-08-03 20:21:43 - binding parameter [4] as [VARCHAR] - [USD]
2025-08-03 20:21:43 - binding parameter [5] as [VARCHAR] - [Concurrent transfer test]
2025-08-03 20:21:43 - binding parameter [6] as [VARCHAR] - [null]
2025-08-03 20:21:43 - binding parameter [7] as [BIGINT] - [9]
2025-08-03 20:21:43 - binding parameter [8] as [TIMESTAMP] - [null]
2025-08-03 20:21:43 - binding parameter [9] as [VARCHAR] - [PENDING]
2025-08-03 20:21:43 - binding parameter [10] as [BIGINT] - [10]
2025-08-03 20:21:43 - binding parameter [11] as [VARCHAR] - [TXN-96AE78FAED95409B]
2025-08-03 20:21:43 - binding parameter [12] as [TIMESTAMP] - [2025-08-03T20:21:43.388976]
2025-08-03 20:21:43 - binding parameter [13] as [BIGINT] - [0]
2025-08-03 20:21:43 - Transfer completed successfully: TXN-96AE78FAED95409B
2025-08-03 20:21:43 - binding parameter [1] as [VARCHAR] - [Test User 1]
2025-08-03 20:21:43 - binding parameter [2] as [VARCHAR] - [TEST001234567890]
2025-08-03 20:21:43 - binding parameter [3] as [NUMERIC] - [870.00]
2025-08-03 20:21:43 - binding parameter [4] as [VARCHAR] - [USD]
2025-08-03 20:21:43 - binding parameter [5] as [VARCHAR] - [ACTIVE]
2025-08-03 20:21:43 - binding parameter [6] as [TIMESTAMP] - [2025-08-03T20:21:43.391309]
2025-08-03 20:21:43 - binding parameter [7] as [VARCHAR] - [user1]
2025-08-03 20:21:43 - binding parameter [8] as [BIGINT] - [13]
2025-08-03 20:21:43 - binding parameter [9] as [BIGINT] - [9]
2025-08-03 20:21:43 - binding parameter [10] as [BIGINT] - [12]
2025-08-03 20:21:43 - binding parameter [1] as [VARCHAR] - [Test User 2]
2025-08-03 20:21:43 - binding parameter [2] as [VARCHAR] - [TEST002345678901]
2025-08-03 20:21:43 - binding parameter [3] as [NUMERIC] - [630.00]
2025-08-03 20:21:43 - binding parameter [4] as [VARCHAR] - [USD]
2025-08-03 20:21:43 - binding parameter [5] as [VARCHAR] - [ACTIVE]
2025-08-03 20:21:43 - binding parameter [6] as [TIMESTAMP] - [2025-08-03T20:21:43.391960]
2025-08-03 20:21:43 - binding parameter [7] as [VARCHAR] - [user2]
2025-08-03 20:21:43 - binding parameter [8] as [BIGINT] - [13]
2025-08-03 20:21:43 - binding parameter [9] as [BIGINT] - [10]
2025-08-03 20:21:43 - binding parameter [10] as [BIGINT] - [12]
2025-08-03 20:21:43 - binding parameter [1] as [NUMERIC] - [10.00]
2025-08-03 20:21:43 - binding parameter [2] as [TIMESTAMP] - [2025-08-03T20:21:43.390856]
2025-08-03 20:21:43 - binding parameter [3] as [VARCHAR] - [USD]
2025-08-03 20:21:43 - binding parameter [4] as [VARCHAR] - [Concurrent transfer test]
2025-08-03 20:21:43 - binding parameter [5] as [VARCHAR] - [null]
2025-08-03 20:21:43 - binding parameter [6] as [BIGINT] - [9]
2025-08-03 20:21:43 - binding parameter [7] as [TIMESTAMP] - [2025-08-03T20:21:43.390565]
2025-08-03 20:21:43 - binding parameter [8] as [VARCHAR] - [COMPLETED]
2025-08-03 20:21:43 - binding parameter [9] as [BIGINT] - [10]
2025-08-03 20:21:43 - binding parameter [10] as [VARCHAR] - [TXN-96AE78FAED95409B]
2025-08-03 20:21:43 - binding parameter [11] as [TIMESTAMP] - [2025-08-03T20:21:43.392451]
2025-08-03 20:21:43 - binding parameter [12] as [BIGINT] - [1]
2025-08-03 20:21:43 - binding parameter [13] as [BIGINT] - [13]
2025-08-03 20:21:43 - binding parameter [14] as [BIGINT] - [0]
2025-08-03 20:21:43 - Processing transfer request: TransferRequest{fromAccountNumber='TEST001234567890', toAccountNumber='TEST002345678901', amount=10.00, currency=USD, description='Concurrent transfer test'}
2025-08-03 20:21:43 - binding parameter [1] as [VARCHAR] - [TEST001234567890]
2025-08-03 20:21:43 - binding parameter [1] as [VARCHAR] - [TEST002345678901]
2025-08-03 20:21:43 - binding parameter [1] as [NUMERIC] - [10.00]
2025-08-03 20:21:43 - binding parameter [2] as [TIMESTAMP] - [null]
2025-08-03 20:21:43 - binding parameter [3] as [TIMESTAMP] - [2025-08-03T20:21:43.394401]
2025-08-03 20:21:43 - binding parameter [4] as [VARCHAR] - [USD]
2025-08-03 20:21:43 - binding parameter [5] as [VARCHAR] - [Concurrent transfer test]
2025-08-03 20:21:43 - binding parameter [6] as [VARCHAR] - [null]
2025-08-03 20:21:43 - binding parameter [7] as [BIGINT] - [9]
2025-08-03 20:21:43 - binding parameter [8] as [TIMESTAMP] - [null]
2025-08-03 20:21:43 - binding parameter [9] as [VARCHAR] - [PENDING]
2025-08-03 20:21:43 - binding parameter [10] as [BIGINT] - [10]
2025-08-03 20:21:43 - binding parameter [11] as [VARCHAR] - [TXN-E1D140EEFFCE41CB]
2025-08-03 20:21:43 - binding parameter [12] as [TIMESTAMP] - [2025-08-03T20:21:43.394408]
2025-08-03 20:21:43 - binding parameter [13] as [BIGINT] - [0]
2025-08-03 20:21:43 - Transfer completed successfully: TXN-E1D140EEFFCE41CB
2025-08-03 20:21:43 - binding parameter [1] as [VARCHAR] - [Test User 1]
2025-08-03 20:21:43 - binding parameter [2] as [VARCHAR] - [TEST001234567890]
2025-08-03 20:21:43 - binding parameter [3] as [NUMERIC] - [860.00]
2025-08-03 20:21:43 - binding parameter [4] as [VARCHAR] - [USD]
2025-08-03 20:21:43 - binding parameter [5] as [VARCHAR] - [ACTIVE]
2025-08-03 20:21:43 - binding parameter [6] as [TIMESTAMP] - [2025-08-03T20:21:43.395880]
2025-08-03 20:21:43 - binding parameter [7] as [VARCHAR] - [user1]
2025-08-03 20:21:43 - binding parameter [8] as [BIGINT] - [14]
2025-08-03 20:21:43 - binding parameter [9] as [BIGINT] - [9]
2025-08-03 20:21:43 - binding parameter [10] as [BIGINT] - [13]
2025-08-03 20:21:43 - binding parameter [1] as [VARCHAR] - [Test User 2]
2025-08-03 20:21:43 - binding parameter [2] as [VARCHAR] - [TEST002345678901]
2025-08-03 20:21:43 - binding parameter [3] as [NUMERIC] - [640.00]
2025-08-03 20:21:43 - binding parameter [4] as [VARCHAR] - [USD]
2025-08-03 20:21:43 - binding parameter [5] as [VARCHAR] - [ACTIVE]
2025-08-03 20:21:43 - binding parameter [6] as [TIMESTAMP] - [2025-08-03T20:21:43.396491]
2025-08-03 20:21:43 - binding parameter [7] as [VARCHAR] - [user2]
2025-08-03 20:21:43 - binding parameter [8] as [BIGINT] - [14]
2025-08-03 20:21:43 - binding parameter [9] as [BIGINT] - [10]
2025-08-03 20:21:43 - binding parameter [10] as [BIGINT] - [13]
2025-08-03 20:21:43 - binding parameter [1] as [NUMERIC] - [10.00]
2025-08-03 20:21:43 - binding parameter [2] as [TIMESTAMP] - [2025-08-03T20:21:43.395465]
2025-08-03 20:21:43 - binding parameter [3] as [VARCHAR] - [USD]
2025-08-03 20:21:43 - binding parameter [4] as [VARCHAR] - [Concurrent transfer test]
2025-08-03 20:21:43 - binding parameter [5] as [VARCHAR] - [null]
2025-08-03 20:21:43 - binding parameter [6] as [BIGINT] - [9]
2025-08-03 20:21:43 - binding parameter [7] as [TIMESTAMP] - [2025-08-03T20:21:43.395231]
2025-08-03 20:21:43 - binding parameter [8] as [VARCHAR] - [COMPLETED]
2025-08-03 20:21:43 - binding parameter [9] as [BIGINT] - [10]
2025-08-03 20:21:43 - binding parameter [10] as [VARCHAR] - [TXN-E1D140EEFFCE41CB]
2025-08-03 20:21:43 - binding parameter [11] as [TIMESTAMP] - [2025-08-03T20:21:43.397063]
2025-08-03 20:21:43 - binding parameter [12] as [BIGINT] - [1]
2025-08-03 20:21:43 - binding parameter [13] as [BIGINT] - [14]
2025-08-03 20:21:43 - binding parameter [14] as [BIGINT] - [0]
2025-08-03 20:21:43 - Processing transfer request: TransferRequest{fromAccountNumber='TEST001234567890', toAccountNumber='TEST002345678901', amount=10.00, currency=USD, description='Concurrent transfer test'}
2025-08-03 20:21:43 - binding parameter [1] as [VARCHAR] - [TEST001234567890]
2025-08-03 20:21:43 - binding parameter [1] as [VARCHAR] - [TEST002345678901]
2025-08-03 20:21:43 - binding parameter [1] as [NUMERIC] - [10.00]
2025-08-03 20:21:43 - binding parameter [2] as [TIMESTAMP] - [null]
2025-08-03 20:21:43 - binding parameter [3] as [TIMESTAMP] - [2025-08-03T20:21:43.400966]
2025-08-03 20:21:43 - binding parameter [4] as [VARCHAR] - [USD]
2025-08-03 20:21:43 - binding parameter [5] as [VARCHAR] - [Concurrent transfer test]
2025-08-03 20:21:43 - binding parameter [6] as [VARCHAR] - [null]
2025-08-03 20:21:43 - binding parameter [7] as [BIGINT] - [9]
2025-08-03 20:21:43 - binding parameter [8] as [TIMESTAMP] - [null]
2025-08-03 20:21:43 - binding parameter [9] as [VARCHAR] - [PENDING]
2025-08-03 20:21:43 - binding parameter [10] as [BIGINT] - [10]
2025-08-03 20:21:43 - binding parameter [11] as [VARCHAR] - [TXN-09AE32A0325147F0]
2025-08-03 20:21:43 - binding parameter [12] as [TIMESTAMP] - [2025-08-03T20:21:43.400977]
2025-08-03 20:21:43 - binding parameter [13] as [BIGINT] - [0]
2025-08-03 20:21:43 - Transfer completed successfully: TXN-09AE32A0325147F0
2025-08-03 20:21:43 - binding parameter [1] as [VARCHAR] - [Test User 1]
2025-08-03 20:21:43 - binding parameter [2] as [VARCHAR] - [TEST001234567890]
2025-08-03 20:21:43 - binding parameter [3] as [NUMERIC] - [850.00]
2025-08-03 20:21:43 - binding parameter [4] as [VARCHAR] - [USD]
[...]
2025-08-03 20:21:43 - binding parameter [1] as [NUMERIC] - [100.00]
2025-08-03 20:21:43 - binding parameter [2] as [TIMESTAMP] - [null]
2025-08-03 20:21:43 - binding parameter [3] as [TIMESTAMP] - [2025-08-03T20:21:43.786068]
2025-08-03 20:21:43 - binding parameter [4] as [VARCHAR] - [USD]
2025-08-03 20:21:43 - binding parameter [5] as [VARCHAR] - [Concurrent insufficient funds test]
2025-08-03 20:21:43 - binding parameter [6] as [VARCHAR] - [null]
2025-08-03 20:21:43 - binding parameter [7] as [BIGINT] - [18]
2025-08-03 20:21:43 - binding parameter [8] as [TIMESTAMP] - [null]
2025-08-03 20:21:43 - binding parameter [9] as [VARCHAR] - [PENDING]
2025-08-03 20:21:43 - binding parameter [10] as [BIGINT] - [17]
2025-08-03 20:21:43 - binding parameter [11] as [VARCHAR] - [TXN-D96863C2319B4716]
2025-08-03 20:21:43 - binding parameter [12] as [TIMESTAMP] - [2025-08-03T20:21:43.786075]
2025-08-03 20:21:43 - binding parameter [13] as [BIGINT] - [0]
2025-08-03 20:21:43 - Transfer completed successfully: TXN-D96863C2319B4716
2025-08-03 20:21:43 - binding parameter [1] as [VARCHAR] - [Test User 2]
2025-08-03 20:21:43 - binding parameter [2] as [VARCHAR] - [TEST002345678901]
2025-08-03 20:21:43 - binding parameter [3] as [NUMERIC] - [0.00]
2025-08-03 20:21:43 - binding parameter [4] as [VARCHAR] - [USD]
2025-08-03 20:21:43 - binding parameter [5] as [VARCHAR] - [ACTIVE]
2025-08-03 20:21:43 - binding parameter [6] as [TIMESTAMP] - [2025-08-03T20:21:43.787121]
2025-08-03 20:21:43 - binding parameter [7] as [VARCHAR] - [user2]
2025-08-03 20:21:43 - binding parameter [8] as [BIGINT] - [5]
2025-08-03 20:21:43 - binding parameter [9] as [BIGINT] - [18]
2025-08-03 20:21:43 - binding parameter [10] as [BIGINT] - [4]
2025-08-03 20:21:43 - binding parameter [1] as [VARCHAR] - [Test User 1]
2025-08-03 20:21:43 - binding parameter [2] as [VARCHAR] - [TEST001234567890]
2025-08-03 20:21:43 - binding parameter [3] as [NUMERIC] - [1500.00]
2025-08-03 20:21:43 - binding parameter [4] as [VARCHAR] - [USD]
2025-08-03 20:21:43 - binding parameter [5] as [VARCHAR] - [ACTIVE]
2025-08-03 20:21:43 - binding parameter [6] as [TIMESTAMP] - [2025-08-03T20:21:43.787394]
2025-08-03 20:21:43 - binding parameter [7] as [VARCHAR] - [user1]
2025-08-03 20:21:43 - binding parameter [8] as [BIGINT] - [5]
2025-08-03 20:21:43 - binding parameter [9] as [BIGINT] - [17]
2025-08-03 20:21:43 - binding parameter [10] as [BIGINT] - [4]
2025-08-03 20:21:43 - binding parameter [1] as [NUMERIC] - [100.00]
2025-08-03 20:21:43 - binding parameter [2] as [TIMESTAMP] - [2025-08-03T20:21:43.786889]
2025-08-03 20:21:43 - binding parameter [3] as [VARCHAR] - [USD]
2025-08-03 20:21:43 - binding parameter [4] as [VARCHAR] - [Concurrent insufficient funds test]
2025-08-03 20:21:43 - binding parameter [5] as [VARCHAR] - [null]
2025-08-03 20:21:43 - binding parameter [6] as [BIGINT] - [18]
2025-08-03 20:21:43 - binding parameter [7] as [TIMESTAMP] - [2025-08-03T20:21:43.786719]
2025-08-03 20:21:43 - binding parameter [8] as [VARCHAR] - [COMPLETED]
2025-08-03 20:21:43 - binding parameter [9] as [BIGINT] - [17]
2025-08-03 20:21:43 - binding parameter [10] as [VARCHAR] - [TXN-D96863C2319B4716]
2025-08-03 20:21:43 - binding parameter [11] as [TIMESTAMP] - [2025-08-03T20:21:43.787788]
2025-08-03 20:21:43 - binding parameter [12] as [BIGINT] - [1]
2025-08-03 20:21:43 - binding parameter [13] as [BIGINT] - [61]
2025-08-03 20:21:43 - binding parameter [14] as [BIGINT] - [0]
2025-08-03 20:21:43 - binding parameter [1] as [VARCHAR] - [TEST001234567890]
2025-08-03 20:21:43 - binding parameter [1] as [NUMERIC] - [100.00]
2025-08-03 20:21:43 - binding parameter [2] as [TIMESTAMP] - [null]
2025-08-03 20:21:43 - binding parameter [3] as [TIMESTAMP] - [2025-08-03T20:21:43.790508]
2025-08-03 20:21:43 - binding parameter [4] as [VARCHAR] - [USD]
2025-08-03 20:21:43 - binding parameter [5] as [VARCHAR] - [Concurrent insufficient funds test]
2025-08-03 20:21:43 - binding parameter [6] as [VARCHAR] - [null]
2025-08-03 20:21:43 - binding parameter [7] as [BIGINT] - [18]
2025-08-03 20:21:43 - binding parameter [8] as [TIMESTAMP] - [null]
2025-08-03 20:21:43 - binding parameter [9] as [VARCHAR] - [PENDING]
2025-08-03 20:21:43 - binding parameter [10] as [BIGINT] - [17]
2025-08-03 20:21:43 - binding parameter [11] as [VARCHAR] - [TXN-554131174D964C3A]
2025-08-03 20:21:43 - binding parameter [12] as [TIMESTAMP] - [2025-08-03T20:21:43.790517]
2025-08-03 20:21:43 - binding parameter [13] as [BIGINT] - [0]
2025-08-03 20:21:43 - Transfer processing failed for transferId: TXN-554131174D964C3A
com.moneytransfer.exception.InsufficientFundsException: Insufficient funds in account: TEST002345678901
	at com.moneytransfer.service.TransferService.executeTransfer(TransferService.java:174)
	at com.moneytransfer.service.TransferService.processTransferWithLocking(TransferService.java:136)
	at com.moneytransfer.service.TransferService.processTransfer(TransferService.java:80)
	at com.moneytransfer.service.TransferService$$FastClassBySpringCGLIB$$c976fc01.invoke(<generated>)
	at org.springframework.cglib.proxy.MethodProxy.invoke(MethodProxy.java:218)
	at org.springframework.aop.framework.CglibAopProxy$CglibMethodInvocation.invokeJoinpoint(CglibAopProxy.java:792)
	at org.springframework.aop.framework.ReflectiveMethodInvocation.proceed(ReflectiveMethodInvocation.java:163)
	at org.springframework.aop.framework.CglibAopProxy$CglibMethodInvocation.proceed(CglibAopProxy.java:762)
	at org.springframework.transaction.interceptor.TransactionInterceptor$1.proceedWithInvocation(TransactionInterceptor.java:123)
	at org.springframework.transaction.interceptor.TransactionAspectSupport.invokeWithinTransaction(TransactionAspectSupport.java:388)
	at org.springframework.transaction.interceptor.TransactionInterceptor.invoke(TransactionInterceptor.java:119)
	at org.springframework.aop.framework.ReflectiveMethodInvocation.proceed(ReflectiveMethodInvocation.java:186)
	at org.springframework.aop.framework.CglibAopProxy$CglibMethodInvocation.proceed(CglibAopProxy.java:762)
	at org.springframework.aop.framework.CglibAopProxy$DynamicAdvisedInterceptor.intercept(CglibAopProxy.java:707)
	at com.moneytransfer.service.TransferService$$EnhancerBySpringCGLIB$$5e45c9cb.processTransfer(<generated>)
	at com.moneytransfer.service.TransferServiceConcurrencyTest.lambda$testConcurrentInsufficientFunds$5(TransferServiceConcurrencyTest.java:261)
	at java.base/java.util.concurrent.CompletableFuture$AsyncRun.run(CompletableFuture.java:1736)
	at java.base/java.util.concurrent.ThreadPoolExecutor.runWorker(ThreadPoolExecutor.java:1128)
	at java.base/java.util.concurrent.ThreadPoolExecutor$Worker.run(ThreadPoolExecutor.java:628)
	at java.base/java.lang.Thread.run(Thread.java:834)
2025-08-03 20:21:43 - binding parameter [1] as [VARCHAR] - [TEST001234567890]
2025-08-03 20:21:43 - binding parameter [1] as [NUMERIC] - [100.00]
2025-08-03 20:21:43 - binding parameter [2] as [TIMESTAMP] - [null]
2025-08-03 20:21:43 - binding parameter [3] as [TIMESTAMP] - [2025-08-03T20:21:43.792870]
2025-08-03 20:21:43 - binding parameter [4] as [VARCHAR] - [USD]
2025-08-03 20:21:43 - binding parameter [5] as [VARCHAR] - [Concurrent insufficient funds test]
2025-08-03 20:21:43 - binding parameter [6] as [VARCHAR] - [null]
2025-08-03 20:21:43 - binding parameter [7] as [BIGINT] - [18]
2025-08-03 20:21:43 - binding parameter [8] as [TIMESTAMP] - [null]
2025-08-03 20:21:43 - binding parameter [9] as [VARCHAR] - [PENDING]
2025-08-03 20:21:43 - binding parameter [10] as [BIGINT] - [17]
2025-08-03 20:21:43 - binding parameter [11] as [VARCHAR] - [TXN-E970411F79E14C86]
2025-08-03 20:21:43 - binding parameter [12] as [TIMESTAMP] - [2025-08-03T20:21:43.792876]
2025-08-03 20:21:43 - binding parameter [13] as [BIGINT] - [0]
2025-08-03 20:21:43 - Transfer processing failed for transferId: TXN-E970411F79E14C86
com.moneytransfer.exception.InsufficientFundsException: Insufficient funds in account: TEST002345678901
	at com.moneytransfer.service.TransferService.executeTransfer(TransferService.java:174)
	at com.moneytransfer.service.TransferService.processTransferWithLocking(TransferService.java:136)
	at com.moneytransfer.service.TransferService.processTransfer(TransferService.java:80)
	at com.moneytransfer.service.TransferService$$FastClassBySpringCGLIB$$c976fc01.invoke(<generated>)
	at org.springframework.cglib.proxy.MethodProxy.invoke(MethodProxy.java:218)
	at org.springframework.aop.framework.CglibAopProxy$CglibMethodInvocation.invokeJoinpoint(CglibAopProxy.java:792)
	at org.springframework.aop.framework.ReflectiveMethodInvocation.proceed(ReflectiveMethodInvocation.java:163)
	at org.springframework.aop.framework.CglibAopProxy$CglibMethodInvocation.proceed(CglibAopProxy.java:762)
	at org.springframework.transaction.interceptor.TransactionInterceptor$1.proceedWithInvocation(TransactionInterceptor.java:123)
	at org.springframework.transaction.interceptor.TransactionAspectSupport.invokeWithinTransaction(TransactionAspectSupport.java:388)
	at org.springframework.transaction.interceptor.TransactionInterceptor.invoke(TransactionInterceptor.java:119)
	at org.springframework.aop.framework.ReflectiveMethodInvocation.proceed(ReflectiveMethodInvocation.java:186)
	at org.springframework.aop.framework.CglibAopProxy$CglibMethodInvocation.proceed(CglibAopProxy.java:762)
	at org.springframework.aop.framework.CglibAopProxy$DynamicAdvisedInterceptor.intercept(CglibAopProxy.java:707)
	at com.moneytransfer.service.TransferService$$EnhancerBySpringCGLIB$$5e45c9cb.processTransfer(<generated>)
	at com.moneytransfer.service.TransferServiceConcurrencyTest.lambda$testConcurrentInsufficientFunds$5(TransferServiceConcurrencyTest.java:261)
	at java.base/java.util.concurrent.CompletableFuture$AsyncRun.run(CompletableFuture.java:1736)
	at java.base/java.util.concurrent.ThreadPoolExecutor.runWorker(ThreadPoolExecutor.java:1128)
	at java.base/java.util.concurrent.ThreadPoolExecutor$Worker.run(ThreadPoolExecutor.java:628)
	at java.base/java.lang.Thread.run(Thread.java:834)
2025-08-03 20:21:43 - binding parameter [1] as [VARCHAR] - [TEST001234567890]
2025-08-03 20:21:43 - binding parameter [1] as [NUMERIC] - [100.00]
2025-08-03 20:21:43 - binding parameter [2] as [TIMESTAMP] - [null]
2025-08-03 20:21:43 - binding parameter [3] as [TIMESTAMP] - [2025-08-03T20:21:43.795328]
2025-08-03 20:21:43 - binding parameter [4] as [VARCHAR] - [USD]
2025-08-03 20:21:43 - binding parameter [5] as [VARCHAR] - [Concurrent insufficient funds test]
2025-08-03 20:21:43 - binding parameter [6] as [VARCHAR] - [null]
2025-08-03 20:21:43 - binding parameter [7] as [BIGINT] - [18]
2025-08-03 20:21:43 - binding parameter [8] as [TIMESTAMP] - [null]
2025-08-03 20:21:43 - binding parameter [9] as [VARCHAR] - [PENDING]
2025-08-03 20:21:43 - binding parameter [10] as [BIGINT] - [17]
2025-08-03 20:21:43 - binding parameter [11] as [VARCHAR] - [TXN-03CCAD73B6FA485D]
2025-08-03 20:21:43 - binding parameter [12] as [TIMESTAMP] - [2025-08-03T20:21:43.795335]
2025-08-03 20:21:43 - binding parameter [13] as [BIGINT] - [0]
2025-08-03 20:21:43 - Transfer processing failed for transferId: TXN-03CCAD73B6FA485D
com.moneytransfer.exception.InsufficientFundsException: Insufficient funds in account: TEST002345678901
	at com.moneytransfer.service.TransferService.executeTransfer(TransferService.java:174)
	at com.moneytransfer.service.TransferService.processTransferWithLocking(TransferService.java:136)
	at com.moneytransfer.service.TransferService.processTransfer(TransferService.java:80)
	at com.moneytransfer.service.TransferService$$FastClassBySpringCGLIB$$c976fc01.invoke(<generated>)
	at org.springframework.cglib.proxy.MethodProxy.invoke(MethodProxy.java:218)
	at org.springframework.aop.framework.CglibAopProxy$CglibMethodInvocation.invokeJoinpoint(CglibAopProxy.java:792)
	at org.springframework.aop.framework.ReflectiveMethodInvocation.proceed(ReflectiveMethodInvocation.java:163)
	at org.springframework.aop.framework.CglibAopProxy$CglibMethodInvocation.proceed(CglibAopProxy.java:762)
	at org.springframework.transaction.interceptor.TransactionInterceptor$1.proceedWithInvocation(TransactionInterceptor.java:123)
	at org.springframework.transaction.interceptor.TransactionAspectSupport.invokeWithinTransaction(TransactionAspectSupport.java:388)
	at org.springframework.transaction.interceptor.TransactionInterceptor.invoke(TransactionInterceptor.java:119)
	at org.springframework.aop.framework.ReflectiveMethodInvocation.proceed(ReflectiveMethodInvocation.java:186)
	at org.springframework.aop.framework.CglibAopProxy$CglibMethodInvocation.proceed(CglibAopProxy.java:762)
	at org.springframework.aop.framework.CglibAopProxy$DynamicAdvisedInterceptor.intercept(CglibAopProxy.java:707)
	at com.moneytransfer.service.TransferService$$EnhancerBySpringCGLIB$$5e45c9cb.processTransfer(<generated>)
	at com.moneytransfer.service.TransferServiceConcurrencyTest.lambda$testConcurrentInsufficientFunds$5(TransferServiceConcurrencyTest.java:261)
	at java.base/java.util.concurrent.CompletableFuture$AsyncRun.run(CompletableFuture.java:1736)
	at java.base/java.util.concurrent.ThreadPoolExecutor.runWorker(ThreadPoolExecutor.java:1128)
	at java.base/java.util.concurrent.ThreadPoolExecutor$Worker.run(ThreadPoolExecutor.java:628)
	at java.base/java.lang.Thread.run(Thread.java:834)
2025-08-03 20:21:43 - binding parameter [1] as [VARCHAR] - [TEST001234567890]
2025-08-03 20:21:43 - binding parameter [1] as [NUMERIC] - [100.00]
2025-08-03 20:21:43 - binding parameter [2] as [TIMESTAMP] - [null]
2025-08-03 20:21:43 - binding parameter [3] as [TIMESTAMP] - [2025-08-03T20:21:43.798360]
2025-08-03 20:21:43 - binding parameter [4] as [VARCHAR] - [USD]
2025-08-03 20:21:43 - binding parameter [5] as [VARCHAR] - [Concurrent insufficient funds test]
2025-08-03 20:21:43 - binding parameter [6] as [VARCHAR] - [null]
2025-08-03 20:21:43 - binding parameter [7] as [BIGINT] - [18]
2025-08-03 20:21:43 - binding parameter [8] as [TIMESTAMP] - [null]
2025-08-03 20:21:43 - binding parameter [9] as [VARCHAR] - [PENDING]
2025-08-03 20:21:43 - binding parameter [10] as [BIGINT] - [17]
2025-08-03 20:21:43 - binding parameter [11] as [VARCHAR] - [TXN-0109602DCE4345BD]
2025-08-03 20:21:43 - binding parameter [12] as [TIMESTAMP] - [2025-08-03T20:21:43.798369]
2025-08-03 20:21:43 - binding parameter [13] as [BIGINT] - [0]
2025-08-03 20:21:43 - Transfer processing failed for transferId: TXN-0109602DCE4345BD
com.moneytransfer.exception.InsufficientFundsException: Insufficient funds in account: TEST002345678901
	at com.moneytransfer.service.TransferService.executeTransfer(TransferService.java:174)
	at com.moneytransfer.service.TransferService.processTransferWithLocking(TransferService.java:136)
	at com.moneytransfer.service.TransferService.processTransfer(TransferService.java:80)
	at com.moneytransfer.service.TransferService$$FastClassBySpringCGLIB$$c976fc01.invoke(<generated>)
	at org.springframework.cglib.proxy.MethodProxy.invoke(MethodProxy.java:218)
	at org.springframework.aop.framework.CglibAopProxy$CglibMethodInvocation.invokeJoinpoint(CglibAopProxy.java:792)
	at org.springframework.aop.framework.ReflectiveMethodInvocation.proceed(ReflectiveMethodInvocation.java:163)
	at org.springframework.aop.framework.CglibAopProxy$CglibMethodInvocation.proceed(CglibAopProxy.java:762)
	at org.springframework.transaction.interceptor.TransactionInterceptor$1.proceedWithInvocation(TransactionInterceptor.java:123)
	at org.springframework.transaction.interceptor.TransactionAspectSupport.invokeWithinTransaction(TransactionAspectSupport.java:388)
	at org.springframework.transaction.interceptor.TransactionInterceptor.invoke(TransactionInterceptor.java:119)
	at org.springframework.aop.framework.ReflectiveMethodInvocation.proceed(ReflectiveMethodInvocation.java:186)
	at org.springframework.aop.framework.CglibAopProxy$CglibMethodInvocation.proceed(CglibAopProxy.java:762)
	at org.springframework.aop.framework.CglibAopProxy$DynamicAdvisedInterceptor.intercept(CglibAopProxy.java:707)
	at com.moneytransfer.service.TransferService$$EnhancerBySpringCGLIB$$5e45c9cb.processTransfer(<generated>)
	at com.moneytransfer.service.TransferServiceConcurrencyTest.lambda$testConcurrentInsufficientFunds$5(TransferServiceConcurrencyTest.java:261)
	at java.base/java.util.concurrent.CompletableFuture$AsyncRun.run(CompletableFuture.java:1736)
	at java.base/java.util.concurrent.ThreadPoolExecutor.runWorker(ThreadPoolExecutor.java:1128)
	at java.base/java.util.concurrent.ThreadPoolExecutor$Worker.run(ThreadPoolExecutor.java:628)
	at java.base/java.lang.Thread.run(Thread.java:834)
2025-08-03 20:21:43 - binding parameter [1] as [VARCHAR] - [TEST001234567890]
2025-08-03 20:21:43 - binding parameter [1] as [NUMERIC] - [100.00]
2025-08-03 20:21:43 - binding parameter [2] as [TIMESTAMP] - [null]
2025-08-03 20:21:43 - binding parameter [3] as [TIMESTAMP] - [2025-08-03T20:21:43.800770]
2025-08-03 20:21:43 - binding parameter [4] as [VARCHAR] - [USD]
2025-08-03 20:21:43 - binding parameter [5] as [VARCHAR] - [Concurrent insufficient funds test]
2025-08-03 20:21:43 - binding parameter [6] as [VARCHAR] - [null]
2025-08-03 20:21:43 - binding parameter [7] as [BIGINT] - [18]
2025-08-03 20:21:43 - binding parameter [8] as [TIMESTAMP] - [null]
2025-08-03 20:21:43 - binding parameter [9] as [VARCHAR] - [PENDING]
2025-08-03 20:21:43 - binding parameter [10] as [BIGINT] - [17]
2025-08-03 20:21:43 - binding parameter [11] as [VARCHAR] - [TXN-4A80F261B72844C4]
2025-08-03 20:21:43 - binding parameter [12] as [TIMESTAMP] - [2025-08-03T20:21:43.800777]
2025-08-03 20:21:43 - binding parameter [13] as [BIGINT] - [0]
2025-08-03 20:21:43 - Transfer processing failed for transferId: TXN-4A80F261B72844C4
com.moneytransfer.exception.InsufficientFundsException: Insufficient funds in account: TEST002345678901
	at com.moneytransfer.service.TransferService.executeTransfer(TransferService.java:174)
	at com.moneytransfer.service.TransferService.processTransferWithLocking(TransferService.java:136)
	at com.moneytransfer.service.TransferService.processTransfer(TransferService.java:80)
	at com.moneytransfer.service.TransferService$$FastClassBySpringCGLIB$$c976fc01.invoke(<generated>)
	at org.springframework.cglib.proxy.MethodProxy.invoke(MethodProxy.java:218)
	at org.springframework.aop.framework.CglibAopProxy$CglibMethodInvocation.invokeJoinpoint(CglibAopProxy.java:792)
	at org.springframework.aop.framework.ReflectiveMethodInvocation.proceed(ReflectiveMethodInvocation.java:163)
	at org.springframework.aop.framework.CglibAopProxy$CglibMethodInvocation.proceed(CglibAopProxy.java:762)
	at org.springframework.transaction.interceptor.TransactionInterceptor$1.proceedWithInvocation(TransactionInterceptor.java:123)
	at org.springframework.transaction.interceptor.TransactionAspectSupport.invokeWithinTransaction(TransactionAspectSupport.java:388)
	at org.springframework.transaction.interceptor.TransactionInterceptor.invoke(TransactionInterceptor.java:119)
	at org.springframework.aop.framework.ReflectiveMethodInvocation.proceed(ReflectiveMethodInvocation.java:186)
	at org.springframework.aop.framework.CglibAopProxy$CglibMethodInvocation.proceed(CglibAopProxy.java:762)
	at org.springframework.aop.framework.CglibAopProxy$DynamicAdvisedInterceptor.intercept(CglibAopProxy.java:707)
	at com.moneytransfer.service.TransferService$$EnhancerBySpringCGLIB$$5e45c9cb.processTransfer(<generated>)
	at com.moneytransfer.service.TransferServiceConcurrencyTest.lambda$testConcurrentInsufficientFunds$5(TransferServiceConcurrencyTest.java:261)
	at java.base/java.util.concurrent.CompletableFuture$AsyncRun.run(CompletableFuture.java:1736)
	at java.base/java.util.concurrent.ThreadPoolExecutor.runWorker(ThreadPoolExecutor.java:1128)
	at java.base/java.util.concurrent.ThreadPoolExecutor$Worker.run(ThreadPoolExecutor.java:628)
	at java.base/java.lang.Thread.run(Thread.java:834)
]]></system-out>
  </testcase>
</testsuite>