<?xml version="1.0" encoding="UTF-8"?>
<testsuite xmlns:xsi="http://www.w3.org/2001/XMLSchema-instance" xsi:noNamespaceSchemaLocation="https://maven.apache.org/surefire/maven-surefire-plugin/xsd/surefire-test-report.xsd" name="com.moneytransfer.service.TransferServiceConcurrencyTest" time="5.714" tests="5" errors="4" skipped="0" failures="0">
  <properties>
[...]
</properties>
  <testcase name="testConcurrentTransfers" classname="com.moneytransfer.service.TransferServiceConcurrencyTest" time="0.681">
    <error message="no transaction is in progress; nested exception is javax.persistence.TransactionRequiredException: no transaction is in progress" type="org.springframework.dao.InvalidDataAccessApiUsageException">org.springframework.dao.InvalidDataAccessApiUsageException: no transaction is in progress; nested exception is javax.persistence.TransactionRequiredException: no transaction is in progress
	at com.moneytransfer.service.TransferServiceConcurrencyTest.testConcurrentTransfers(TransferServiceConcurrencyTest.java:112)
Caused by: javax.persistence.TransactionRequiredException: no transaction is in progress
	at com.moneytransfer.service.TransferServiceConcurrencyTest.testConcurrentTransfers(TransferServiceConcurrencyTest.java:112)
</error>
    <system-out><![CDATA[20:25:31.796 [main] DEBUG org.springframework.test.context.BootstrapUtils - Instantiating CacheAwareContextLoaderDelegate from class [org.springframework.test.context.cache.DefaultCacheAwareContextLoaderDelegate]
20:25:31.803 [main] DEBUG org.springframework.test.context.BootstrapUtils - Instantiating BootstrapContext using constructor [public org.springframework.test.context.support.DefaultBootstrapContext(java.lang.Class,org.springframework.test.context.CacheAwareContextLoaderDelegate)]
20:25:31.827 [main] DEBUG org.springframework.test.context.BootstrapUtils - Instantiating TestContextBootstrapper for test class [com.moneytransfer.service.TransferServiceConcurrencyTest] from class [org.springframework.boot.test.context.SpringBootTestContextBootstrapper]
20:25:31.836 [main] INFO org.springframework.boot.test.context.SpringBootTestContextBootstrapper - Neither @ContextConfiguration nor @ContextHierarchy found for test class [com.moneytransfer.service.TransferServiceConcurrencyTest], using SpringBootContextLoader
20:25:31.840 [main] DEBUG org.springframework.test.context.support.AbstractContextLoader - Did not detect default resource location for test class [com.moneytransfer.service.TransferServiceConcurrencyTest]: class path resource [com/moneytransfer/service/TransferServiceConcurrencyTest-context.xml] does not exist
20:25:31.840 [main] DEBUG org.springframework.test.context.support.AbstractContextLoader - Did not detect default resource location for test class [com.moneytransfer.service.TransferServiceConcurrencyTest]: class path resource [com/moneytransfer/service/TransferServiceConcurrencyTestContext.groovy] does not exist
20:25:31.840 [main] INFO org.springframework.test.context.support.AbstractContextLoader - Could not detect default resource locations for test class [com.moneytransfer.service.TransferServiceConcurrencyTest]: no resource found for suffixes {-context.xml, Context.groovy}.
20:25:31.841 [main] INFO org.springframework.test.context.support.AnnotationConfigContextLoaderUtils - Could not detect default configuration classes for test class [com.moneytransfer.service.TransferServiceConcurrencyTest]: TransferServiceConcurrencyTest does not declare any static, non-private, non-final, nested classes annotated with @Configuration.
20:25:31.922 [main] DEBUG org.springframework.context.annotation.ClassPathScanningCandidateComponentProvider - Identified candidate component class: file [/Users/shihab/money-transfer-app/money-transfer-app/target/classes/com/moneytransfer/MoneyTransferApplication.class]
20:25:31.923 [main] INFO org.springframework.boot.test.context.SpringBootTestContextBootstrapper - Found @SpringBootConfiguration com.moneytransfer.MoneyTransferApplication for test class com.moneytransfer.service.TransferServiceConcurrencyTest
20:25:31.978 [main] DEBUG org.springframework.boot.test.context.SpringBootTestContextBootstrapper - @TestExecutionListeners is not present for class [com.moneytransfer.service.TransferServiceConcurrencyTest]: using defaults.
20:25:31.978 [main] INFO org.springframework.boot.test.context.SpringBootTestContextBootstrapper - Loaded default TestExecutionListener class names from location [META-INF/spring.factories]: [org.springframework.boot.test.mock.mockito.MockitoTestExecutionListener, org.springframework.boot.test.mock.mockito.ResetMocksTestExecutionListener, org.springframework.boot.test.autoconfigure.restdocs.RestDocsTestExecutionListener, org.springframework.boot.test.autoconfigure.web.client.MockRestServiceServerResetTestExecutionListener, org.springframework.boot.test.autoconfigure.web.servlet.MockMvcPrintOnlyOnFailureTestExecutionListener, org.springframework.boot.test.autoconfigure.web.servlet.WebDriverTestExecutionListener, org.springframework.boot.test.autoconfigure.webservices.client.MockWebServiceServerTestExecutionListener, org.springframework.test.context.web.ServletTestExecutionListener, org.springframework.test.context.support.DirtiesContextBeforeModesTestExecutionListener, org.springframework.test.context.event.ApplicationEventsTestExecutionListener, org.springframework.test.context.support.DependencyInjectionTestExecutionListener, org.springframework.test.context.support.DirtiesContextTestExecutionListener, org.springframework.test.context.transaction.TransactionalTestExecutionListener, org.springframework.test.context.jdbc.SqlScriptsTestExecutionListener, org.springframework.test.context.event.EventPublishingTestExecutionListener, org.springframework.security.test.context.support.WithSecurityContextTestExecutionListener, org.springframework.security.test.context.support.ReactorContextTestExecutionListener]
20:25:31.993 [main] INFO org.springframework.boot.test.context.SpringBootTestContextBootstrapper - Using TestExecutionListeners: [org.springframework.test.context.web.ServletTestExecutionListener@13f17eb4, org.springframework.test.context.support.DirtiesContextBeforeModesTestExecutionListener@1d0d6318, org.springframework.test.context.event.ApplicationEventsTestExecutionListener@4bc28c33, org.springframework.boot.test.mock.mockito.MockitoTestExecutionListener@4409e975, org.springframework.boot.test.autoconfigure.SpringBootDependencyInjectionTestExecutionListener@5c153b9e, org.springframework.test.context.support.DirtiesContextTestExecutionListener@2a7686a7, org.springframework.test.context.transaction.TransactionalTestExecutionListener@758a34ce, org.springframework.test.context.jdbc.SqlScriptsTestExecutionListener@7ec3394b, org.springframework.test.context.event.EventPublishingTestExecutionListener@bff34c6, org.springframework.security.test.context.support.WithSecurityContextTestExecutionListener@1522d8a0, org.springframework.security.test.context.support.ReactorContextTestExecutionListener@312ab28e, org.springframework.boot.test.mock.mockito.ResetMocksTestExecutionListener@5644dc81, org.springframework.boot.test.autoconfigure.restdocs.RestDocsTestExecutionListener@246f8b8b, org.springframework.boot.test.autoconfigure.web.client.MockRestServiceServerResetTestExecutionListener@278bb07e, org.springframework.boot.test.autoconfigure.web.servlet.MockMvcPrintOnlyOnFailureTestExecutionListener@4351c8c3, org.springframework.boot.test.autoconfigure.web.servlet.WebDriverTestExecutionListener@3381b4fc, org.springframework.boot.test.autoconfigure.webservices.client.MockWebServiceServerTestExecutionListener@6bea52d4]
20:25:31.995 [main] DEBUG org.springframework.test.context.support.AbstractDirtiesContextTestExecutionListener - Before test class: context [DefaultTestContext@c1bd0be testClass = TransferServiceConcurrencyTest, testInstance = [null], testMethod = [null], testException = [null], mergedContextConfiguration = [WebMergedContextConfiguration@476b0ae6 testClass = TransferServiceConcurrencyTest, locations = '{}', classes = '{class com.moneytransfer.MoneyTransferApplication}', contextInitializerClasses = '[]', activeProfiles = '{test}', propertySourceLocations = '{}', propertySourceProperties = '{spring.cache.type=simple, spring.jpa.hibernate.ddl-auto=create-drop, spring.datasource.url=jdbc:h2:mem:testdb, org.springframework.boot.test.context.SpringBootTestContextBootstrapper=true, server.port=0}', contextCustomizers = set[org.springframework.boot.test.context.filter.ExcludeFilterContextCustomizer@239105a8, org.springframework.boot.test.json.DuplicateJsonObjectContextCustomizerFactory$DuplicateJsonObjectContextCustomizer@1df8b5b8, org.springframework.boot.test.mock.mockito.MockitoContextCustomizer@0, org.springframework.boot.test.web.client.TestRestTemplateContextCustomizer@5f77d0f9, org.springframework.boot.test.autoconfigure.actuate.metrics.MetricsExportContextCustomizerFactory$DisableMetricExportContextCustomizer@1cd629b3, org.springframework.boot.test.autoconfigure.properties.PropertyMappingContextCustomizer@0, org.springframework.boot.test.autoconfigure.web.servlet.WebDriverContextCustomizerFactory$Customizer@7b7fdc8, org.springframework.boot.test.context.SpringBootTestArgs@1, org.springframework.boot.test.context.SpringBootTestWebEnvironment@49b0b76], resourceBasePath = 'src/main/webapp', contextLoader = 'org.springframework.boot.test.context.SpringBootContextLoader', parent = [null]], attributes = map['org.springframework.test.context.web.ServletTestExecutionListener.activateListener' -> false]], class annotated with @DirtiesContext [false] with mode [null].
20:25:32.008 [main] DEBUG org.springframework.test.context.support.DependencyInjectionTestExecutionListener - Performing dependency injection for test context [[DefaultTestContext@c1bd0be testClass = TransferServiceConcurrencyTest, testInstance = com.moneytransfer.service.TransferServiceConcurrencyTest@60a2630a, testMethod = [null], testException = [null], mergedContextConfiguration = [WebMergedContextConfiguration@476b0ae6 testClass = TransferServiceConcurrencyTest, locations = '{}', classes = '{class com.moneytransfer.MoneyTransferApplication}', contextInitializerClasses = '[]', activeProfiles = '{test}', propertySourceLocations = '{}', propertySourceProperties = '{spring.cache.type=simple, spring.jpa.hibernate.ddl-auto=create-drop, spring.datasource.url=jdbc:h2:mem:testdb, org.springframework.boot.test.context.SpringBootTestContextBootstrapper=true, server.port=0}', contextCustomizers = set[org.springframework.boot.test.context.filter.ExcludeFilterContextCustomizer@239105a8, org.springframework.boot.test.json.DuplicateJsonObjectContextCustomizerFactory$DuplicateJsonObjectContextCustomizer@1df8b5b8, org.springframework.boot.test.mock.mockito.MockitoContextCustomizer@0, org.springframework.boot.test.web.client.TestRestTemplateContextCustomizer@5f77d0f9, org.springframework.boot.test.autoconfigure.actuate.metrics.MetricsExportContextCustomizerFactory$DisableMetricExportContextCustomizer@1cd629b3, org.springframework.boot.test.autoconfigure.properties.PropertyMappingContextCustomizer@0, org.springframework.boot.test.autoconfigure.web.servlet.WebDriverContextCustomizerFactory$Customizer@7b7fdc8, org.springframework.boot.test.context.SpringBootTestArgs@1, org.springframework.boot.test.context.SpringBootTestWebEnvironment@49b0b76], resourceBasePath = 'src/main/webapp', contextLoader = 'org.springframework.boot.test.context.SpringBootContextLoader', parent = [null]], attributes = map['org.springframework.test.context.web.ServletTestExecutionListener.activateListener' -> false, 'org.springframework.test.context.event.ApplicationEventsTestExecutionListener.recordApplicationEvents' -> false]]].

  .   ____          _            __ _ _
 /\\ / ___'_ __ _ _(_)_ __  __ _ \ \ \ \
( ( )\___ | '_ | '_| | '_ \/ _` | \ \ \ \
 \\/  ___)| |_)| | | | | || (_| |  ) ) ) )
  '  |____| .__|_| |_|_| |_\__, | / / / /
 =========|_|==============|___/=/_/_/_/
 :: Spring Boot ::               (v2.7.18)

2025-08-03 20:25:32 - Starting TransferServiceConcurrencyTest using Java 11.0.16.1 on Shihabs-MacBook-Pro.local with PID 49748 (started by shihab in /Users/shihab/money-transfer-app/money-transfer-app)
2025-08-03 20:25:32 - The following 1 profile is active: "test"
2025-08-03 20:25:32 - Bootstrapping Spring Data JPA repositories in DEFAULT mode.
2025-08-03 20:25:32 - Finished Spring Data repository scanning in 35 ms. Found 2 JPA repository interfaces.
2025-08-03 20:25:33 - Tomcat initialized with port(s): 0 (http)
2025-08-03 20:25:33 - Starting service [Tomcat]
2025-08-03 20:25:33 - Starting Servlet engine: [Apache Tomcat/9.0.83]
2025-08-03 20:25:33 - Initializing Spring embedded WebApplicationContext
2025-08-03 20:25:33 - Root WebApplicationContext: initialization completed in 1366 ms
2025-08-03 20:25:34 - HHH000204: Processing PersistenceUnitInfo [name: default]
2025-08-03 20:25:34 - HHH000412: Hibernate ORM core version 5.6.15.Final
2025-08-03 20:25:34 - HCANN000001: Hibernate Commons Annotations {5.1.2.Final}
2025-08-03 20:25:34 - HikariPool-1 - Starting...
2025-08-03 20:25:34 - HikariPool-1 - Start completed.
2025-08-03 20:25:34 - HHH000400: Using dialect: org.hibernate.dialect.H2Dialect
2025-08-03 20:25:35 - HHH000490: Using JtaPlatform implementation: [org.hibernate.engine.transaction.jta.platform.internal.NoJtaPlatform]
2025-08-03 20:25:35 - Initialized JPA EntityManagerFactory for persistence unit 'default'
2025-08-03 20:25:35 - spring.jpa.open-in-view is enabled by default. Therefore, database queries may be performed during view rendering. Explicitly configure spring.jpa.open-in-view to disable this warning
2025-08-03 20:25:36 - Exposing 4 endpoint(s) beneath base path '/actuator'
2025-08-03 20:25:36 - Tomcat started on port(s): 60102 (http) with context path ''
2025-08-03 20:25:36 - Started TransferServiceConcurrencyTest in 4.419 seconds (JVM running for 5.139)
2025-08-03 20:25:36 - Initializing sample data...
2025-08-03 20:25:36 - binding parameter [1] as [VARCHAR] - [John Doe]
2025-08-03 20:25:36 - binding parameter [2] as [VARCHAR] - [ACC001234567890]
2025-08-03 20:25:36 - binding parameter [3] as [NUMERIC] - [10000.00]
2025-08-03 20:25:36 - binding parameter [4] as [TIMESTAMP] - [2025-08-03T20:25:36.545670]
2025-08-03 20:25:36 - binding parameter [5] as [VARCHAR] - [USD]
2025-08-03 20:25:36 - binding parameter [6] as [VARCHAR] - [ACTIVE]
2025-08-03 20:25:36 - binding parameter [7] as [TIMESTAMP] - [2025-08-03T20:25:36.545744]
2025-08-03 20:25:36 - binding parameter [8] as [VARCHAR] - [user1]
2025-08-03 20:25:36 - binding parameter [9] as [BIGINT] - [0]
2025-08-03 20:25:36 - binding parameter [1] as [VARCHAR] - [John Doe]
2025-08-03 20:25:36 - binding parameter [2] as [VARCHAR] - [ACC002345678901]
2025-08-03 20:25:36 - binding parameter [3] as [NUMERIC] - [8500.00]
2025-08-03 20:25:36 - binding parameter [4] as [TIMESTAMP] - [2025-08-03T20:25:36.552085]
2025-08-03 20:25:36 - binding parameter [5] as [VARCHAR] - [EUR]
2025-08-03 20:25:36 - binding parameter [6] as [VARCHAR] - [ACTIVE]
2025-08-03 20:25:36 - binding parameter [7] as [TIMESTAMP] - [2025-08-03T20:25:36.552095]
2025-08-03 20:25:36 - binding parameter [8] as [VARCHAR] - [user1]
2025-08-03 20:25:36 - binding parameter [9] as [BIGINT] - [0]
2025-08-03 20:25:36 - binding parameter [1] as [VARCHAR] - [Jane Smith]
2025-08-03 20:25:36 - binding parameter [2] as [VARCHAR] - [ACC003456789012]
2025-08-03 20:25:36 - binding parameter [3] as [NUMERIC] - [5000.00]
2025-08-03 20:25:36 - binding parameter [4] as [TIMESTAMP] - [2025-08-03T20:25:36.553361]
2025-08-03 20:25:36 - binding parameter [5] as [VARCHAR] - [USD]
2025-08-03 20:25:36 - binding parameter [6] as [VARCHAR] - [ACTIVE]
2025-08-03 20:25:36 - binding parameter [7] as [TIMESTAMP] - [2025-08-03T20:25:36.553370]
2025-08-03 20:25:36 - binding parameter [8] as [VARCHAR] - [user2]
2025-08-03 20:25:36 - binding parameter [9] as [BIGINT] - [0]
2025-08-03 20:25:36 - binding parameter [1] as [VARCHAR] - [Jane Smith]
2025-08-03 20:25:36 - binding parameter [2] as [VARCHAR] - [ACC004567890123]
2025-08-03 20:25:36 - binding parameter [3] as [NUMERIC] - [3000.00]
2025-08-03 20:25:36 - binding parameter [4] as [TIMESTAMP] - [2025-08-03T20:25:36.554714]
2025-08-03 20:25:36 - binding parameter [5] as [VARCHAR] - [GBP]
2025-08-03 20:25:36 - binding parameter [6] as [VARCHAR] - [ACTIVE]
2025-08-03 20:25:36 - binding parameter [7] as [TIMESTAMP] - [2025-08-03T20:25:36.554727]
2025-08-03 20:25:36 - binding parameter [8] as [VARCHAR] - [user2]
2025-08-03 20:25:36 - binding parameter [9] as [BIGINT] - [0]
2025-08-03 20:25:36 - binding parameter [1] as [VARCHAR] - [Bob Johnson]
2025-08-03 20:25:36 - binding parameter [2] as [VARCHAR] - [ACC005678901234]
2025-08-03 20:25:36 - binding parameter [3] as [NUMERIC] - [7500.00]
2025-08-03 20:25:36 - binding parameter [4] as [TIMESTAMP] - [2025-08-03T20:25:36.555912]
2025-08-03 20:25:36 - binding parameter [5] as [VARCHAR] - [USD]
2025-08-03 20:25:36 - binding parameter [6] as [VARCHAR] - [ACTIVE]
2025-08-03 20:25:36 - binding parameter [7] as [TIMESTAMP] - [2025-08-03T20:25:36.555930]
2025-08-03 20:25:36 - binding parameter [8] as [VARCHAR] - [user3]
2025-08-03 20:25:36 - binding parameter [9] as [BIGINT] - [0]
2025-08-03 20:25:36 - binding parameter [1] as [VARCHAR] - [Alice Brown]
2025-08-03 20:25:36 - binding parameter [2] as [VARCHAR] - [ACC006789012345]
2025-08-03 20:25:36 - binding parameter [3] as [NUMERIC] - [12000.00]
2025-08-03 20:25:36 - binding parameter [4] as [TIMESTAMP] - [2025-08-03T20:25:36.557250]
2025-08-03 20:25:36 - binding parameter [5] as [VARCHAR] - [EUR]
2025-08-03 20:25:36 - binding parameter [6] as [VARCHAR] - [ACTIVE]
2025-08-03 20:25:36 - binding parameter [7] as [TIMESTAMP] - [2025-08-03T20:25:36.557259]
2025-08-03 20:25:36 - binding parameter [8] as [VARCHAR] - [user4]
2025-08-03 20:25:36 - binding parameter [9] as [BIGINT] - [0]
2025-08-03 20:25:36 - binding parameter [1] as [VARCHAR] - [Charlie Wilson]
2025-08-03 20:25:36 - binding parameter [2] as [VARCHAR] - [ACC007890123456]
2025-08-03 20:25:36 - binding parameter [3] as [NUMERIC] - [4500.00]
2025-08-03 20:25:36 - binding parameter [4] as [TIMESTAMP] - [2025-08-03T20:25:36.558418]
2025-08-03 20:25:36 - binding parameter [5] as [VARCHAR] - [GBP]
2025-08-03 20:25:36 - binding parameter [6] as [VARCHAR] - [ACTIVE]
2025-08-03 20:25:36 - binding parameter [7] as [TIMESTAMP] - [2025-08-03T20:25:36.558427]
2025-08-03 20:25:36 - binding parameter [8] as [VARCHAR] - [user5]
2025-08-03 20:25:36 - binding parameter [9] as [BIGINT] - [0]
2025-08-03 20:25:36 - binding parameter [1] as [VARCHAR] - [Diana Davis]
2025-08-03 20:25:36 - binding parameter [2] as [VARCHAR] - [ACC008901234567]
2025-08-03 20:25:36 - binding parameter [3] as [NUMERIC] - [2000.00]
2025-08-03 20:25:36 - binding parameter [4] as [TIMESTAMP] - [2025-08-03T20:25:36.559303]
2025-08-03 20:25:36 - binding parameter [5] as [VARCHAR] - [USD]
2025-08-03 20:25:36 - binding parameter [6] as [VARCHAR] - [ACTIVE]
2025-08-03 20:25:36 - binding parameter [7] as [TIMESTAMP] - [2025-08-03T20:25:36.559314]
2025-08-03 20:25:36 - binding parameter [8] as [VARCHAR] - [user6]
2025-08-03 20:25:36 - binding parameter [9] as [BIGINT] - [0]
2025-08-03 20:25:36 - Sample data initialized successfully. Created 8 accounts.
2025-08-03 20:25:36 - Created account: ACC001234567890 - John Doe user1 - Balance: 10000.00 USD
2025-08-03 20:25:36 - Created account: ACC002345678901 - John Doe user1 - Balance: 8500.00 EUR
2025-08-03 20:25:36 - Created account: ACC003456789012 - Jane Smith user2 - Balance: 5000.00 USD
2025-08-03 20:25:36 - Created account: ACC004567890123 - Jane Smith user2 - Balance: 3000.00 GBP
2025-08-03 20:25:36 - Created account: ACC005678901234 - Bob Johnson user3 - Balance: 7500.00 USD
2025-08-03 20:25:36 - Created account: ACC006789012345 - Alice Brown user4 - Balance: 12000.00 EUR
2025-08-03 20:25:36 - Created account: ACC007890123456 - Charlie Wilson user5 - Balance: 4500.00 GBP
2025-08-03 20:25:36 - Created account: ACC008901234567 - Diana Davis user6 - Balance: 2000.00 USD
2025-08-03 20:25:36 - binding parameter [1] as [BIGINT] - [1]
2025-08-03 20:25:36 - binding parameter [2] as [BIGINT] - [0]
2025-08-03 20:25:36 - binding parameter [1] as [BIGINT] - [2]
2025-08-03 20:25:36 - binding parameter [2] as [BIGINT] - [0]
2025-08-03 20:25:36 - binding parameter [1] as [BIGINT] - [3]
2025-08-03 20:25:36 - binding parameter [2] as [BIGINT] - [0]
2025-08-03 20:25:36 - binding parameter [1] as [BIGINT] - [4]
2025-08-03 20:25:36 - binding parameter [2] as [BIGINT] - [0]
2025-08-03 20:25:36 - binding parameter [1] as [BIGINT] - [5]
2025-08-03 20:25:36 - binding parameter [2] as [BIGINT] - [0]
2025-08-03 20:25:36 - binding parameter [1] as [BIGINT] - [6]
2025-08-03 20:25:36 - binding parameter [2] as [BIGINT] - [0]
2025-08-03 20:25:36 - binding parameter [1] as [BIGINT] - [7]
2025-08-03 20:25:36 - binding parameter [2] as [BIGINT] - [0]
2025-08-03 20:25:36 - binding parameter [1] as [BIGINT] - [8]
2025-08-03 20:25:36 - binding parameter [2] as [BIGINT] - [0]
2025-08-03 20:25:36 - binding parameter [1] as [VARCHAR] - [Test User 1]
2025-08-03 20:25:36 - binding parameter [2] as [VARCHAR] - [TEST001234567890]
2025-08-03 20:25:36 - binding parameter [3] as [NUMERIC] - [1000.00]
2025-08-03 20:25:36 - binding parameter [4] as [TIMESTAMP] - [2025-08-03T20:25:36.667964]
2025-08-03 20:25:36 - binding parameter [5] as [VARCHAR] - [USD]
2025-08-03 20:25:36 - binding parameter [6] as [VARCHAR] - [ACTIVE]
2025-08-03 20:25:36 - binding parameter [7] as [TIMESTAMP] - [2025-08-03T20:25:36.667976]
2025-08-03 20:25:36 - binding parameter [8] as [VARCHAR] - [user1]
2025-08-03 20:25:36 - binding parameter [9] as [BIGINT] - [0]
2025-08-03 20:25:36 - binding parameter [1] as [VARCHAR] - [Test User 2]
2025-08-03 20:25:36 - binding parameter [2] as [VARCHAR] - [TEST002345678901]
2025-08-03 20:25:36 - binding parameter [3] as [NUMERIC] - [500.00]
2025-08-03 20:25:36 - binding parameter [4] as [TIMESTAMP] - [2025-08-03T20:25:36.669363]
2025-08-03 20:25:36 - binding parameter [5] as [VARCHAR] - [USD]
2025-08-03 20:25:36 - binding parameter [6] as [VARCHAR] - [ACTIVE]
2025-08-03 20:25:36 - binding parameter [7] as [TIMESTAMP] - [2025-08-03T20:25:36.669372]
2025-08-03 20:25:36 - binding parameter [8] as [VARCHAR] - [user2]
2025-08-03 20:25:36 - binding parameter [9] as [BIGINT] - [0]
2025-08-03 20:25:36 - Processing transfer request: TransferRequest{fromAccountNumber='TEST001234567890', toAccountNumber='TEST002345678901', amount=10.00, currency=USD, description='Concurrent transfer test'}
2025-08-03 20:25:36 - Processing transfer request: TransferRequest{fromAccountNumber='TEST001234567890', toAccountNumber='TEST002345678901', amount=10.00, currency=USD, description='Concurrent transfer test'}
2025-08-03 20:25:36 - Processing transfer request: TransferRequest{fromAccountNumber='TEST001234567890', toAccountNumber='TEST002345678901', amount=10.00, currency=USD, description='Concurrent transfer test'}
2025-08-03 20:25:36 - Processing transfer request: TransferRequest{fromAccountNumber='TEST001234567890', toAccountNumber='TEST002345678901', amount=10.00, currency=USD, description='Concurrent transfer test'}
2025-08-03 20:25:36 - Processing transfer request: TransferRequest{fromAccountNumber='TEST001234567890', toAccountNumber='TEST002345678901', amount=10.00, currency=USD, description='Concurrent transfer test'}
2025-08-03 20:25:36 - Processing transfer request: TransferRequest{fromAccountNumber='TEST001234567890', toAccountNumber='TEST002345678901', amount=10.00, currency=USD, description='Concurrent transfer test'}
2025-08-03 20:25:36 - Processing transfer request: TransferRequest{fromAccountNumber='TEST001234567890', toAccountNumber='TEST002345678901', amount=10.00, currency=USD, description='Concurrent transfer test'}
2025-08-03 20:25:36 - Processing transfer request: TransferRequest{fromAccountNumber='TEST001234567890', toAccountNumber='TEST002345678901', amount=10.00, currency=USD, description='Concurrent transfer test'}
2025-08-03 20:25:36 - Processing transfer request: TransferRequest{fromAccountNumber='TEST001234567890', toAccountNumber='TEST002345678901', amount=10.00, currency=USD, description='Concurrent transfer test'}
2025-08-03 20:25:36 - Processing transfer request: TransferRequest{fromAccountNumber='TEST001234567890', toAccountNumber='TEST002345678901', amount=10.00, currency=USD, description='Concurrent transfer test'}
2025-08-03 20:25:36 - binding parameter [1] as [VARCHAR] - [TEST001234567890]
2025-08-03 20:25:36 - binding parameter [1] as [VARCHAR] - [TEST001234567890]
2025-08-03 20:25:36 - binding parameter [1] as [VARCHAR] - [TEST001234567890]
2025-08-03 20:25:36 - binding parameter [1] as [VARCHAR] - [TEST001234567890]
2025-08-03 20:25:36 - binding parameter [1] as [VARCHAR] - [TEST001234567890]
2025-08-03 20:25:36 - binding parameter [1] as [VARCHAR] - [TEST001234567890]
2025-08-03 20:25:36 - binding parameter [1] as [VARCHAR] - [TEST001234567890]
2025-08-03 20:25:36 - binding parameter [1] as [VARCHAR] - [TEST001234567890]
2025-08-03 20:25:36 - binding parameter [1] as [VARCHAR] - [TEST001234567890]
2025-08-03 20:25:36 - binding parameter [1] as [VARCHAR] - [TEST001234567890]
2025-08-03 20:25:36 - binding parameter [1] as [VARCHAR] - [TEST002345678901]
2025-08-03 20:25:36 - binding parameter [1] as [NUMERIC] - [10.00]
2025-08-03 20:25:36 - binding parameter [2] as [TIMESTAMP] - [null]
2025-08-03 20:25:36 - binding parameter [3] as [TIMESTAMP] - [2025-08-03T20:25:36.704371]
2025-08-03 20:25:36 - binding parameter [4] as [VARCHAR] - [USD]
2025-08-03 20:25:36 - binding parameter [5] as [VARCHAR] - [Concurrent transfer test]
2025-08-03 20:25:36 - binding parameter [6] as [VARCHAR] - [null]
2025-08-03 20:25:36 - binding parameter [7] as [BIGINT] - [9]
2025-08-03 20:25:36 - binding parameter [8] as [TIMESTAMP] - [null]
2025-08-03 20:25:36 - binding parameter [9] as [VARCHAR] - [PENDING]
2025-08-03 20:25:36 - binding parameter [10] as [BIGINT] - [10]
2025-08-03 20:25:36 - binding parameter [11] as [VARCHAR] - [TXN-083BB7923BEF4B75]
2025-08-03 20:25:36 - binding parameter [12] as [TIMESTAMP] - [2025-08-03T20:25:36.704383]
2025-08-03 20:25:36 - binding parameter [13] as [BIGINT] - [0]
2025-08-03 20:25:36 - Transfer completed successfully: TXN-083BB7923BEF4B75
2025-08-03 20:25:36 - binding parameter [1] as [VARCHAR] - [Test User 1]
2025-08-03 20:25:36 - binding parameter [2] as [VARCHAR] - [TEST001234567890]
2025-08-03 20:25:36 - binding parameter [3] as [NUMERIC] - [990.00]
2025-08-03 20:25:36 - binding parameter [4] as [VARCHAR] - [USD]
2025-08-03 20:25:36 - binding parameter [5] as [VARCHAR] - [ACTIVE]
2025-08-03 20:25:36 - binding parameter [6] as [TIMESTAMP] - [2025-08-03T20:25:36.725344]
2025-08-03 20:25:36 - binding parameter [7] as [VARCHAR] - [user1]
2025-08-03 20:25:36 - binding parameter [8] as [BIGINT] - [1]
2025-08-03 20:25:36 - binding parameter [9] as [BIGINT] - [9]
2025-08-03 20:25:36 - binding parameter [10] as [BIGINT] - [0]
2025-08-03 20:25:36 - binding parameter [1] as [VARCHAR] - [Test User 2]
2025-08-03 20:25:36 - binding parameter [2] as [VARCHAR] - [TEST002345678901]
2025-08-03 20:25:36 - binding parameter [3] as [NUMERIC] - [510.00]
2025-08-03 20:25:36 - binding parameter [4] as [VARCHAR] - [USD]
2025-08-03 20:25:36 - binding parameter [5] as [VARCHAR] - [ACTIVE]
2025-08-03 20:25:36 - binding parameter [6] as [TIMESTAMP] - [2025-08-03T20:25:36.728052]
2025-08-03 20:25:36 - binding parameter [7] as [VARCHAR] - [user2]
2025-08-03 20:25:36 - binding parameter [8] as [BIGINT] - [1]
2025-08-03 20:25:36 - binding parameter [9] as [BIGINT] - [10]
2025-08-03 20:25:36 - binding parameter [10] as [BIGINT] - [0]
2025-08-03 20:25:36 - binding parameter [1] as [NUMERIC] - [10.00]
2025-08-03 20:25:36 - binding parameter [2] as [TIMESTAMP] - [2025-08-03T20:25:36.722898]
2025-08-03 20:25:36 - binding parameter [3] as [VARCHAR] - [USD]
2025-08-03 20:25:36 - binding parameter [4] as [VARCHAR] - [Concurrent transfer test]
2025-08-03 20:25:36 - binding parameter [5] as [VARCHAR] - [null]
2025-08-03 20:25:36 - binding parameter [6] as [BIGINT] - [9]
2025-08-03 20:25:36 - binding parameter [7] as [TIMESTAMP] - [2025-08-03T20:25:36.712919]
2025-08-03 20:25:36 - binding parameter [8] as [VARCHAR] - [COMPLETED]
2025-08-03 20:25:36 - binding parameter [9] as [BIGINT] - [10]
2025-08-03 20:25:36 - binding parameter [10] as [VARCHAR] - [TXN-083BB7923BEF4B75]
2025-08-03 20:25:36 - binding parameter [11] as [TIMESTAMP] - [2025-08-03T20:25:36.728675]
2025-08-03 20:25:36 - binding parameter [12] as [BIGINT] - [1]
2025-08-03 20:25:36 - binding parameter [13] as [BIGINT] - [1]
2025-08-03 20:25:36 - binding parameter [14] as [BIGINT] - [0]
2025-08-03 20:25:36 - binding parameter [1] as [VARCHAR] - [TEST002345678901]
2025-08-03 20:25:36 - binding parameter [1] as [NUMERIC] - [10.00]
2025-08-03 20:25:36 - binding parameter [2] as [TIMESTAMP] - [null]
2025-08-03 20:25:36 - binding parameter [3] as [TIMESTAMP] - [2025-08-03T20:25:36.737664]
2025-08-03 20:25:36 - binding parameter [4] as [VARCHAR] - [USD]
2025-08-03 20:25:36 - binding parameter [5] as [VARCHAR] - [Concurrent transfer test]
2025-08-03 20:25:36 - binding parameter [6] as [VARCHAR] - [null]
2025-08-03 20:25:36 - binding parameter [7] as [BIGINT] - [9]
2025-08-03 20:25:36 - binding parameter [8] as [TIMESTAMP] - [null]
2025-08-03 20:25:36 - binding parameter [9] as [VARCHAR] - [PENDING]
2025-08-03 20:25:36 - binding parameter [10] as [BIGINT] - [10]
2025-08-03 20:25:36 - binding parameter [11] as [VARCHAR] - [TXN-7DA96D28AAED4143]
2025-08-03 20:25:36 - binding parameter [12] as [TIMESTAMP] - [2025-08-03T20:25:36.737675]
2025-08-03 20:25:36 - binding parameter [13] as [BIGINT] - [0]
2025-08-03 20:25:36 - Transfer completed successfully: TXN-7DA96D28AAED4143
2025-08-03 20:25:36 - binding parameter [1] as [VARCHAR] - [Test User 1]
2025-08-03 20:25:36 - Processing transfer request: TransferRequest{fromAccountNumber='TEST001234567890', toAccountNumber='TEST002345678901', amount=10.00, currency=USD, description='Concurrent transfer test'}
2025-08-03 20:25:36 - binding parameter [2] as [VARCHAR] - [TEST001234567890]
2025-08-03 20:25:36 - binding parameter [3] as [NUMERIC] - [980.00]
2025-08-03 20:25:36 - binding parameter [4] as [VARCHAR] - [USD]
2025-08-03 20:25:36 - binding parameter [5] as [VARCHAR] - [ACTIVE]
2025-08-03 20:25:36 - binding parameter [6] as [TIMESTAMP] - [2025-08-03T20:25:36.740789]
2025-08-03 20:25:36 - binding parameter [7] as [VARCHAR] - [user1]
2025-08-03 20:25:36 - binding parameter [8] as [BIGINT] - [2]
2025-08-03 20:25:36 - binding parameter [9] as [BIGINT] - [9]
2025-08-03 20:25:36 - binding parameter [10] as [BIGINT] - [1]
2025-08-03 20:25:36 - binding parameter [1] as [VARCHAR] - [Test User 2]
2025-08-03 20:25:36 - binding parameter [2] as [VARCHAR] - [TEST002345678901]
2025-08-03 20:25:36 - binding parameter [3] as [NUMERIC] - [520.00]
2025-08-03 20:25:36 - binding parameter [4] as [VARCHAR] - [USD]
2025-08-03 20:25:36 - binding parameter [5] as [VARCHAR] - [ACTIVE]
2025-08-03 20:25:36 - binding parameter [6] as [TIMESTAMP] - [2025-08-03T20:25:36.741735]
2025-08-03 20:25:36 - binding parameter [7] as [VARCHAR] - [user2]
2025-08-03 20:25:36 - binding parameter [8] as [BIGINT] - [2]
2025-08-03 20:25:36 - binding parameter [9] as [BIGINT] - [10]
2025-08-03 20:25:36 - binding parameter [10] as [BIGINT] - [1]
2025-08-03 20:25:36 - binding parameter [1] as [NUMERIC] - [10.00]
2025-08-03 20:25:36 - binding parameter [1] as [VARCHAR] - [TEST001234567890]
2025-08-03 20:25:36 - binding parameter [2] as [TIMESTAMP] - [2025-08-03T20:25:36.739690]
2025-08-03 20:25:36 - binding parameter [3] as [VARCHAR] - [USD]
2025-08-03 20:25:36 - binding parameter [4] as [VARCHAR] - [Concurrent transfer test]
2025-08-03 20:25:36 - binding parameter [5] as [VARCHAR] - [null]
2025-08-03 20:25:36 - binding parameter [6] as [BIGINT] - [9]
2025-08-03 20:25:36 - binding parameter [7] as [TIMESTAMP] - [2025-08-03T20:25:36.739162]
2025-08-03 20:25:36 - binding parameter [8] as [VARCHAR] - [COMPLETED]
2025-08-03 20:25:36 - binding parameter [9] as [BIGINT] - [10]
2025-08-03 20:25:36 - binding parameter [10] as [VARCHAR] - [TXN-7DA96D28AAED4143]
2025-08-03 20:25:36 - binding parameter [11] as [TIMESTAMP] - [2025-08-03T20:25:36.742234]
2025-08-03 20:25:36 - binding parameter [12] as [BIGINT] - [1]
2025-08-03 20:25:36 - binding parameter [13] as [BIGINT] - [2]
2025-08-03 20:25:36 - binding parameter [14] as [BIGINT] - [0]
2025-08-03 20:25:36 - Processing transfer request: TransferRequest{fromAccountNumber='TEST001234567890', toAccountNumber='TEST002345678901', amount=10.00, currency=USD, description='Concurrent transfer test'}
2025-08-03 20:25:36 - binding parameter [1] as [VARCHAR] - [TEST001234567890]
2025-08-03 20:25:36 - binding parameter [1] as [VARCHAR] - [TEST002345678901]
2025-08-03 20:25:36 - binding parameter [1] as [NUMERIC] - [10.00]
2025-08-03 20:25:36 - binding parameter [2] as [TIMESTAMP] - [null]
2025-08-03 20:25:36 - binding parameter [3] as [TIMESTAMP] - [2025-08-03T20:25:36.747104]
2025-08-03 20:25:36 - binding parameter [4] as [VARCHAR] - [USD]
2025-08-03 20:25:36 - binding parameter [5] as [VARCHAR] - [Concurrent transfer test]
2025-08-03 20:25:36 - binding parameter [6] as [VARCHAR] - [null]
2025-08-03 20:25:36 - binding parameter [7] as [BIGINT] - [9]
2025-08-03 20:25:36 - binding parameter [8] as [TIMESTAMP] - [null]
2025-08-03 20:25:36 - binding parameter [9] as [VARCHAR] - [PENDING]
2025-08-03 20:25:36 - binding parameter [10] as [BIGINT] - [10]
2025-08-03 20:25:36 - binding parameter [11] as [VARCHAR] - [TXN-A7639D6F8EF54CA8]
2025-08-03 20:25:36 - binding parameter [12] as [TIMESTAMP] - [2025-08-03T20:25:36.747117]
2025-08-03 20:25:36 - binding parameter [13] as [BIGINT] - [0]
2025-08-03 20:25:36 - Transfer completed successfully: TXN-A7639D6F8EF54CA8
2025-08-03 20:25:36 - binding parameter [1] as [VARCHAR] - [Test User 1]
2025-08-03 20:25:36 - binding parameter [2] as [VARCHAR] - [TEST001234567890]
2025-08-03 20:25:36 - binding parameter [3] as [NUMERIC] - [970.00]
2025-08-03 20:25:36 - binding parameter [4] as [VARCHAR] - [USD]
2025-08-03 20:25:36 - binding parameter [5] as [VARCHAR] - [ACTIVE]
2025-08-03 20:25:36 - binding parameter [6] as [TIMESTAMP] - [2025-08-03T20:25:36.749169]
2025-08-03 20:25:36 - binding parameter [7] as [VARCHAR] - [user1]
2025-08-03 20:25:36 - binding parameter [8] as [BIGINT] - [3]
2025-08-03 20:25:36 - binding parameter [9] as [BIGINT] - [9]
2025-08-03 20:25:36 - binding parameter [10] as [BIGINT] - [2]
2025-08-03 20:25:36 - binding parameter [1] as [VARCHAR] - [Test User 2]
2025-08-03 20:25:36 - binding parameter [2] as [VARCHAR] - [TEST002345678901]
2025-08-03 20:25:36 - binding parameter [3] as [NUMERIC] - [530.00]
2025-08-03 20:25:36 - binding parameter [4] as [VARCHAR] - [USD]
2025-08-03 20:25:36 - binding parameter [5] as [VARCHAR] - [ACTIVE]
2025-08-03 20:25:36 - binding parameter [6] as [TIMESTAMP] - [2025-08-03T20:25:36.749900]
2025-08-03 20:25:36 - binding parameter [7] as [VARCHAR] - [user2]
2025-08-03 20:25:36 - binding parameter [8] as [BIGINT] - [3]
2025-08-03 20:25:36 - binding parameter [9] as [BIGINT] - [10]
2025-08-03 20:25:36 - binding parameter [10] as [BIGINT] - [2]
2025-08-03 20:25:36 - binding parameter [1] as [NUMERIC] - [10.00]
2025-08-03 20:25:36 - binding parameter [2] as [TIMESTAMP] - [2025-08-03T20:25:36.748669]
2025-08-03 20:25:36 - binding parameter [3] as [VARCHAR] - [USD]
2025-08-03 20:25:36 - binding parameter [4] as [VARCHAR] - [Concurrent transfer test]
2025-08-03 20:25:36 - binding parameter [5] as [VARCHAR] - [null]
2025-08-03 20:25:36 - binding parameter [6] as [BIGINT] - [9]
2025-08-03 20:25:36 - binding parameter [7] as [TIMESTAMP] - [2025-08-03T20:25:36.748152]
2025-08-03 20:25:36 - binding parameter [8] as [VARCHAR] - [COMPLETED]
2025-08-03 20:25:36 - binding parameter [9] as [BIGINT] - [10]
2025-08-03 20:25:36 - binding parameter [10] as [VARCHAR] - [TXN-A7639D6F8EF54CA8]
2025-08-03 20:25:36 - binding parameter [11] as [TIMESTAMP] - [2025-08-03T20:25:36.750832]
2025-08-03 20:25:36 - binding parameter [12] as [BIGINT] - [1]
2025-08-03 20:25:36 - binding parameter [13] as [BIGINT] - [3]
2025-08-03 20:25:36 - binding parameter [14] as [BIGINT] - [0]
2025-08-03 20:25:36 - Processing transfer request: TransferRequest{fromAccountNumber='TEST001234567890', toAccountNumber='TEST002345678901', amount=10.00, currency=USD, description='Concurrent transfer test'}
2025-08-03 20:25:36 - binding parameter [1] as [VARCHAR] - [TEST001234567890]
2025-08-03 20:25:36 - binding parameter [1] as [VARCHAR] - [TEST002345678901]
2025-08-03 20:25:36 - binding parameter [1] as [NUMERIC] - [10.00]
2025-08-03 20:25:36 - binding parameter [2] as [TIMESTAMP] - [null]
2025-08-03 20:25:36 - binding parameter [3] as [TIMESTAMP] - [2025-08-03T20:25:36.754383]
2025-08-03 20:25:36 - binding parameter [4] as [VARCHAR] - [USD]
2025-08-03 20:25:36 - binding parameter [5] as [VARCHAR] - [Concurrent transfer test]
2025-08-03 20:25:36 - binding parameter [6] as [VARCHAR] - [null]
2025-08-03 20:25:36 - binding parameter [7] as [BIGINT] - [9]
2025-08-03 20:25:36 - binding parameter [8] as [TIMESTAMP] - [null]
2025-08-03 20:25:36 - binding parameter [9] as [VARCHAR] - [PENDING]
2025-08-03 20:25:36 - binding parameter [10] as [BIGINT] - [10]
2025-08-03 20:25:36 - binding parameter [11] as [VARCHAR] - [TXN-258DF96B18774BDE]
2025-08-03 20:25:36 - binding parameter [12] as [TIMESTAMP] - [2025-08-03T20:25:36.754394]
2025-08-03 20:25:36 - binding parameter [13] as [BIGINT] - [0]
2025-08-03 20:25:36 - Transfer completed successfully: TXN-258DF96B18774BDE
2025-08-03 20:25:36 - binding parameter [1] as [VARCHAR] - [Test User 1]
2025-08-03 20:25:36 - binding parameter [2] as [VARCHAR] - [TEST001234567890]
2025-08-03 20:25:36 - binding parameter [3] as [NUMERIC] - [960.00]
2025-08-03 20:25:36 - binding parameter [4] as [VARCHAR] - [USD]
2025-08-03 20:25:36 - binding parameter [5] as [VARCHAR] - [ACTIVE]
2025-08-03 20:25:36 - binding parameter [6] as [TIMESTAMP] - [2025-08-03T20:25:36.756528]
2025-08-03 20:25:36 - binding parameter [7] as [VARCHAR] - [user1]
2025-08-03 20:25:36 - binding parameter [8] as [BIGINT] - [4]
2025-08-03 20:25:36 - binding parameter [9] as [BIGINT] - [9]
2025-08-03 20:25:36 - binding parameter [10] as [BIGINT] - [3]
2025-08-03 20:25:36 - binding parameter [1] as [VARCHAR] - [Test User 2]
2025-08-03 20:25:36 - binding parameter [2] as [VARCHAR] - [TEST002345678901]
2025-08-03 20:25:36 - binding parameter [3] as [NUMERIC] - [540.00]
2025-08-03 20:25:36 - binding parameter [4] as [VARCHAR] - [USD]
2025-08-03 20:25:36 - binding parameter [5] as [VARCHAR] - [ACTIVE]
2025-08-03 20:25:36 - binding parameter [6] as [TIMESTAMP] - [2025-08-03T20:25:36.757572]
2025-08-03 20:25:36 - binding parameter [7] as [VARCHAR] - [user2]
2025-08-03 20:25:36 - binding parameter [8] as [BIGINT] - [4]
2025-08-03 20:25:36 - binding parameter [9] as [BIGINT] - [10]
2025-08-03 20:25:36 - binding parameter [10] as [BIGINT] - [3]
2025-08-03 20:25:36 - binding parameter [1] as [NUMERIC] - [10.00]
2025-08-03 20:25:36 - binding parameter [2] as [TIMESTAMP] - [2025-08-03T20:25:36.755841]
2025-08-03 20:25:36 - binding parameter [3] as [VARCHAR] - [USD]
2025-08-03 20:25:36 - binding parameter [4] as [VARCHAR] - [Concurrent transfer test]
2025-08-03 20:25:36 - binding parameter [5] as [VARCHAR] - [null]
2025-08-03 20:25:36 - binding parameter [6] as [BIGINT] - [9]
2025-08-03 20:25:36 - binding parameter [7] as [TIMESTAMP] - [2025-08-03T20:25:36.755534]
2025-08-03 20:25:36 - binding parameter [8] as [VARCHAR] - [COMPLETED]
2025-08-03 20:25:36 - binding parameter [9] as [BIGINT] - [10]
2025-08-03 20:25:36 - binding parameter [10] as [VARCHAR] - [TXN-258DF96B18774BDE]
2025-08-03 20:25:36 - binding parameter [11] as [TIMESTAMP] - [2025-08-03T20:25:36.758050]
2025-08-03 20:25:36 - binding parameter [12] as [BIGINT] - [1]
2025-08-03 20:25:36 - binding parameter [13] as [BIGINT] - [4]
2025-08-03 20:25:36 - binding parameter [14] as [BIGINT] - [0]
2025-08-03 20:25:36 - Processing transfer request: TransferRequest{fromAccountNumber='TEST001234567890', toAccountNumber='TEST002345678901', amount=10.00, currency=USD, description='Concurrent transfer test'}
2025-08-03 20:25:36 - binding parameter [1] as [VARCHAR] - [TEST001234567890]
2025-08-03 20:25:36 - binding parameter [1] as [VARCHAR] - [TEST002345678901]
2025-08-03 20:25:36 - binding parameter [1] as [NUMERIC] - [10.00]
2025-08-03 20:25:36 - binding parameter [2] as [TIMESTAMP] - [null]
2025-08-03 20:25:36 - binding parameter [3] as [TIMESTAMP] - [2025-08-03T20:25:36.760849]
2025-08-03 20:25:36 - binding parameter [4] as [VARCHAR] - [USD]
2025-08-03 20:25:36 - binding parameter [5] as [VARCHAR] - [Concurrent transfer test]
2025-08-03 20:25:36 - binding parameter [6] as [VARCHAR] - [null]
2025-08-03 20:25:36 - binding parameter [7] as [BIGINT] - [9]
2025-08-03 20:25:36 - binding parameter [8] as [TIMESTAMP] - [null]
2025-08-03 20:25:36 - binding parameter [9] as [VARCHAR] - [PENDING]
2025-08-03 20:25:36 - binding parameter [10] as [BIGINT] - [10]
2025-08-03 20:25:36 - binding parameter [11] as [VARCHAR] - [TXN-599A2BB811974616]
2025-08-03 20:25:36 - binding parameter [12] as [TIMESTAMP] - [2025-08-03T20:25:36.760858]
2025-08-03 20:25:36 - binding parameter [13] as [BIGINT] - [0]
2025-08-03 20:25:36 - Transfer completed successfully: TXN-599A2BB811974616
2025-08-03 20:25:36 - binding parameter [1] as [VARCHAR] - [Test User 1]
2025-08-03 20:25:36 - binding parameter [2] as [VARCHAR] - [TEST001234567890]
2025-08-03 20:25:36 - binding parameter [3] as [NUMERIC] - [950.00]
2025-08-03 20:25:36 - binding parameter [4] as [VARCHAR] - [USD]
2025-08-03 20:25:36 - binding parameter [5] as [VARCHAR] - [ACTIVE]
2025-08-03 20:25:36 - binding parameter [6] as [TIMESTAMP] - [2025-08-03T20:25:36.763965]
2025-08-03 20:25:36 - binding parameter [7] as [VARCHAR] - [user1]
2025-08-03 20:25:36 - binding parameter [8] as [BIGINT] - [5]
2025-08-03 20:25:36 - binding parameter [9] as [BIGINT] - [9]
2025-08-03 20:25:36 - binding parameter [10] as [BIGINT] - [4]
2025-08-03 20:25:36 - binding parameter [1] as [VARCHAR] - [Test User 2]
2025-08-03 20:25:36 - binding parameter [2] as [VARCHAR] - [TEST002345678901]
2025-08-03 20:25:36 - binding parameter [3] as [NUMERIC] - [550.00]
2025-08-03 20:25:36 - binding parameter [4] as [VARCHAR] - [USD]
2025-08-03 20:25:36 - binding parameter [5] as [VARCHAR] - [ACTIVE]
2025-08-03 20:25:36 - binding parameter [6] as [TIMESTAMP] - [2025-08-03T20:25:36.765583]
2025-08-03 20:25:36 - binding parameter [7] as [VARCHAR] - [user2]
2025-08-03 20:25:36 - binding parameter [8] as [BIGINT] - [5]
2025-08-03 20:25:36 - binding parameter [9] as [BIGINT] - [10]
2025-08-03 20:25:36 - binding parameter [10] as [BIGINT] - [4]
2025-08-03 20:25:36 - binding parameter [1] as [NUMERIC] - [10.00]
2025-08-03 20:25:36 - binding parameter [2] as [TIMESTAMP] - [2025-08-03T20:25:36.762943]
2025-08-03 20:25:36 - binding parameter [3] as [VARCHAR] - [USD]
2025-08-03 20:25:36 - binding parameter [4] as [VARCHAR] - [Concurrent transfer test]
2025-08-03 20:25:36 - binding parameter [5] as [VARCHAR] - [null]
2025-08-03 20:25:36 - binding parameter [6] as [BIGINT] - [9]
2025-08-03 20:25:36 - binding parameter [7] as [TIMESTAMP] - [2025-08-03T20:25:36.762515]
2025-08-03 20:25:36 - binding parameter [8] as [VARCHAR] - [COMPLETED]
2025-08-03 20:25:36 - binding parameter [9] as [BIGINT] - [10]
2025-08-03 20:25:36 - binding parameter [10] as [VARCHAR] - [TXN-599A2BB811974616]
2025-08-03 20:25:36 - binding parameter [11] as [TIMESTAMP] - [2025-08-03T20:25:36.774977]
2025-08-03 20:25:36 - binding parameter [12] as [BIGINT] - [1]
2025-08-03 20:25:36 - binding parameter [13] as [BIGINT] - [5]
2025-08-03 20:25:36 - binding parameter [14] as [BIGINT] - [0]
2025-08-03 20:25:36 - Processing transfer request: TransferRequest{fromAccountNumber='TEST001234567890', toAccountNumber='TEST002345678901', amount=10.00, currency=USD, description='Concurrent transfer test'}
2025-08-03 20:25:36 - binding parameter [1] as [VARCHAR] - [TEST001234567890]
2025-08-03 20:25:36 - binding parameter [1] as [VARCHAR] - [TEST002345678901]
2025-08-03 20:25:36 - binding parameter [1] as [NUMERIC] - [10.00]
2025-08-03 20:25:36 - binding parameter [2] as [TIMESTAMP] - [null]
2025-08-03 20:25:36 - binding parameter [3] as [TIMESTAMP] - [2025-08-03T20:25:36.844345]
2025-08-03 20:25:36 - binding parameter [4] as [VARCHAR] - [USD]
2025-08-03 20:25:36 - binding parameter [5] as [VARCHAR] - [Concurrent transfer test]
2025-08-03 20:25:36 - binding parameter [6] as [VARCHAR] - [null]
2025-08-03 20:25:36 - binding parameter [7] as [BIGINT] - [9]
2025-08-03 20:25:36 - binding parameter [8] as [TIMESTAMP] - [null]
2025-08-03 20:25:36 - binding parameter [9] as [VARCHAR] - [PENDING]
2025-08-03 20:25:36 - binding parameter [10] as [BIGINT] - [10]
2025-08-03 20:25:36 - binding parameter [11] as [VARCHAR] - [TXN-BFC22340DFC9411B]
2025-08-03 20:25:36 - binding parameter [12] as [TIMESTAMP] - [2025-08-03T20:25:36.844580]
2025-08-03 20:25:36 - binding parameter [13] as [BIGINT] - [0]
2025-08-03 20:25:36 - Transfer completed successfully: TXN-BFC22340DFC9411B
2025-08-03 20:25:36 - binding parameter [1] as [VARCHAR] - [Test User 1]
2025-08-03 20:25:36 - binding parameter [2] as [VARCHAR] - [TEST001234567890]
2025-08-03 20:25:36 - binding parameter [3] as [NUMERIC] - [940.00]
2025-08-03 20:25:36 - binding parameter [4] as [VARCHAR] - [USD]
2025-08-03 20:25:36 - binding parameter [5] as [VARCHAR] - [ACTIVE]
2025-08-03 20:25:36 - binding parameter [6] as [TIMESTAMP] - [2025-08-03T20:25:36.887809]
2025-08-03 20:25:36 - binding parameter [7] as [VARCHAR] - [user1]
2025-08-03 20:25:36 - binding parameter [8] as [BIGINT] - [6]
2025-08-03 20:25:36 - binding parameter [9] as [BIGINT] - [9]
2025-08-03 20:25:36 - binding parameter [10] as [BIGINT] - [5]
2025-08-03 20:25:36 - binding parameter [1] as [VARCHAR] - [Test User 2]
2025-08-03 20:25:36 - binding parameter [2] as [VARCHAR] - [TEST002345678901]
2025-08-03 20:25:36 - binding parameter [3] as [NUMERIC] - [560.00]
2025-08-03 20:25:36 - binding parameter [4] as [VARCHAR] - [USD]
2025-08-03 20:25:36 - binding parameter [5] as [VARCHAR] - [ACTIVE]
2025-08-03 20:25:36 - binding parameter [6] as [TIMESTAMP] - [2025-08-03T20:25:36.890414]
2025-08-03 20:25:36 - binding parameter [7] as [VARCHAR] - [user2]
2025-08-03 20:25:36 - binding parameter [8] as [BIGINT] - [6]
2025-08-03 20:25:36 - binding parameter [9] as [BIGINT] - [10]
2025-08-03 20:25:36 - binding parameter [10] as [BIGINT] - [5]
2025-08-03 20:25:36 - binding parameter [1] as [NUMERIC] - [10.00]
2025-08-03 20:25:36 - binding parameter [2] as [TIMESTAMP] - [2025-08-03T20:25:36.887186]
2025-08-03 20:25:36 - binding parameter [3] as [VARCHAR] - [USD]
2025-08-03 20:25:36 - binding parameter [4] as [VARCHAR] - [Concurrent transfer test]
2025-08-03 20:25:36 - binding parameter [5] as [VARCHAR] - [null]
2025-08-03 20:25:36 - binding parameter [6] as [BIGINT] - [9]
2025-08-03 20:25:36 - binding parameter [7] as [TIMESTAMP] - [2025-08-03T20:25:36.884994]
2025-08-03 20:25:36 - binding parameter [8] as [VARCHAR] - [COMPLETED]
2025-08-03 20:25:36 - binding parameter [9] as [BIGINT] - [10]
2025-08-03 20:25:36 - binding parameter [10] as [VARCHAR] - [TXN-BFC22340DFC9411B]
2025-08-03 20:25:36 - binding parameter [11] as [TIMESTAMP] - [2025-08-03T20:25:36.891755]
2025-08-03 20:25:36 - binding parameter [12] as [BIGINT] - [1]
2025-08-03 20:25:36 - binding parameter [13] as [BIGINT] - [6]
2025-08-03 20:25:36 - binding parameter [14] as [BIGINT] - [0]
2025-08-03 20:25:36 - Processing transfer request: TransferRequest{fromAccountNumber='TEST001234567890', toAccountNumber='TEST002345678901', amount=10.00, currency=USD, description='Concurrent transfer test'}
2025-08-03 20:25:36 - binding parameter [1] as [VARCHAR] - [TEST001234567890]
2025-08-03 20:25:36 - binding parameter [1] as [VARCHAR] - [TEST002345678901]
2025-08-03 20:25:36 - binding parameter [1] as [NUMERIC] - [10.00]
2025-08-03 20:25:36 - binding parameter [2] as [TIMESTAMP] - [null]
2025-08-03 20:25:36 - binding parameter [3] as [TIMESTAMP] - [2025-08-03T20:25:36.897631]
2025-08-03 20:25:36 - binding parameter [4] as [VARCHAR] - [USD]
2025-08-03 20:25:36 - binding parameter [5] as [VARCHAR] - [Concurrent transfer test]
2025-08-03 20:25:36 - binding parameter [6] as [VARCHAR] - [null]
2025-08-03 20:25:36 - binding parameter [7] as [BIGINT] - [9]
2025-08-03 20:25:36 - binding parameter [8] as [TIMESTAMP] - [null]
2025-08-03 20:25:36 - binding parameter [9] as [VARCHAR] - [PENDING]
2025-08-03 20:25:36 - binding parameter [10] as [BIGINT] - [10]
2025-08-03 20:25:36 - binding parameter [11] as [VARCHAR] - [TXN-EF5F896375424A04]
2025-08-03 20:25:36 - binding parameter [12] as [TIMESTAMP] - [2025-08-03T20:25:36.897642]
2025-08-03 20:25:36 - binding parameter [13] as [BIGINT] - [0]
2025-08-03 20:25:36 - Transfer completed successfully: TXN-EF5F896375424A04
2025-08-03 20:25:36 - binding parameter [1] as [VARCHAR] - [Test User 1]
2025-08-03 20:25:36 - binding parameter [2] as [VARCHAR] - [TEST001234567890]
2025-08-03 20:25:36 - binding parameter [3] as [NUMERIC] - [930.00]
2025-08-03 20:25:36 - binding parameter [4] as [VARCHAR] - [USD]
2025-08-03 20:25:36 - binding parameter [5] as [VARCHAR] - [ACTIVE]
2025-08-03 20:25:36 - binding parameter [6] as [TIMESTAMP] - [2025-08-03T20:25:36.901490]
2025-08-03 20:25:36 - binding parameter [7] as [VARCHAR] - [user1]
2025-08-03 20:25:36 - binding parameter [8] as [BIGINT] - [7]
2025-08-03 20:25:36 - binding parameter [9] as [BIGINT] - [9]
2025-08-03 20:25:36 - binding parameter [10] as [BIGINT] - [6]
2025-08-03 20:25:36 - binding parameter [1] as [VARCHAR] - [Test User 2]
2025-08-03 20:25:36 - binding parameter [2] as [VARCHAR] - [TEST002345678901]
2025-08-03 20:25:36 - binding parameter [3] as [NUMERIC] - [570.00]
2025-08-03 20:25:36 - binding parameter [4] as [VARCHAR] - [USD]
2025-08-03 20:25:36 - binding parameter [5] as [VARCHAR] - [ACTIVE]
2025-08-03 20:25:36 - binding parameter [6] as [TIMESTAMP] - [2025-08-03T20:25:36.907192]
2025-08-03 20:25:36 - binding parameter [7] as [VARCHAR] - [user2]
2025-08-03 20:25:36 - binding parameter [8] as [BIGINT] - [7]
2025-08-03 20:25:36 - binding parameter [9] as [BIGINT] - [10]
2025-08-03 20:25:36 - binding parameter [10] as [BIGINT] - [6]
2025-08-03 20:25:36 - binding parameter [1] as [NUMERIC] - [10.00]
2025-08-03 20:25:36 - binding parameter [2] as [TIMESTAMP] - [2025-08-03T20:25:36.900300]
2025-08-03 20:25:36 - binding parameter [3] as [VARCHAR] - [USD]
2025-08-03 20:25:36 - binding parameter [4] as [VARCHAR] - [Concurrent transfer test]
2025-08-03 20:25:36 - binding parameter [5] as [VARCHAR] - [null]
2025-08-03 20:25:36 - binding parameter [6] as [BIGINT] - [9]
2025-08-03 20:25:36 - binding parameter [7] as [TIMESTAMP] - [2025-08-03T20:25:36.899994]
2025-08-03 20:25:36 - binding parameter [8] as [VARCHAR] - [COMPLETED]
2025-08-03 20:25:36 - binding parameter [9] as [BIGINT] - [10]
2025-08-03 20:25:36 - binding parameter [10] as [VARCHAR] - [TXN-EF5F896375424A04]
2025-08-03 20:25:36 - binding parameter [11] as [TIMESTAMP] - [2025-08-03T20:25:36.908788]
2025-08-03 20:25:36 - binding parameter [12] as [BIGINT] - [1]
2025-08-03 20:25:36 - binding parameter [13] as [BIGINT] - [7]
2025-08-03 20:25:36 - binding parameter [14] as [BIGINT] - [0]
2025-08-03 20:25:36 - Processing transfer request: TransferRequest{fromAccountNumber='TEST001234567890', toAccountNumber='TEST002345678901', amount=10.00, currency=USD, description='Concurrent transfer test'}
2025-08-03 20:25:36 - binding parameter [1] as [VARCHAR] - [TEST001234567890]
2025-08-03 20:25:36 - binding parameter [1] as [VARCHAR] - [TEST002345678901]
2025-08-03 20:25:36 - binding parameter [1] as [NUMERIC] - [10.00]
2025-08-03 20:25:36 - binding parameter [2] as [TIMESTAMP] - [null]
2025-08-03 20:25:36 - binding parameter [3] as [TIMESTAMP] - [2025-08-03T20:25:36.911690]
2025-08-03 20:25:36 - binding parameter [4] as [VARCHAR] - [USD]
2025-08-03 20:25:36 - binding parameter [5] as [VARCHAR] - [Concurrent transfer test]
2025-08-03 20:25:36 - binding parameter [6] as [VARCHAR] - [null]
2025-08-03 20:25:36 - binding parameter [7] as [BIGINT] - [9]
2025-08-03 20:25:36 - binding parameter [8] as [TIMESTAMP] - [null]
2025-08-03 20:25:36 - binding parameter [9] as [VARCHAR] - [PENDING]
2025-08-03 20:25:36 - binding parameter [10] as [BIGINT] - [10]
2025-08-03 20:25:36 - binding parameter [11] as [VARCHAR] - [TXN-999E9992B7224A31]
2025-08-03 20:25:36 - binding parameter [12] as [TIMESTAMP] - [2025-08-03T20:25:36.911699]
2025-08-03 20:25:36 - binding parameter [13] as [BIGINT] - [0]
2025-08-03 20:25:36 - Transfer completed successfully: TXN-999E9992B7224A31
2025-08-03 20:25:36 - binding parameter [1] as [VARCHAR] - [Test User 1]
2025-08-03 20:25:36 - binding parameter [2] as [VARCHAR] - [TEST001234567890]
2025-08-03 20:25:36 - binding parameter [3] as [NUMERIC] - [920.00]
2025-08-03 20:25:36 - binding parameter [4] as [VARCHAR] - [USD]
2025-08-03 20:25:36 - binding parameter [5] as [VARCHAR] - [ACTIVE]
2025-08-03 20:25:36 - binding parameter [6] as [TIMESTAMP] - [2025-08-03T20:25:36.913993]
2025-08-03 20:25:36 - binding parameter [7] as [VARCHAR] - [user1]
2025-08-03 20:25:36 - binding parameter [8] as [BIGINT] - [8]
2025-08-03 20:25:36 - binding parameter [9] as [BIGINT] - [9]
2025-08-03 20:25:36 - binding parameter [10] as [BIGINT] - [7]
2025-08-03 20:25:36 - binding parameter [1] as [VARCHAR] - [Test User 2]
2025-08-03 20:25:36 - binding parameter [2] as [VARCHAR] - [TEST002345678901]
2025-08-03 20:25:36 - binding parameter [3] as [NUMERIC] - [580.00]
2025-08-03 20:25:36 - binding parameter [4] as [VARCHAR] - [USD]
2025-08-03 20:25:36 - binding parameter [5] as [VARCHAR] - [ACTIVE]
2025-08-03 20:25:36 - binding parameter [6] as [TIMESTAMP] - [2025-08-03T20:25:36.915048]
2025-08-03 20:25:36 - binding parameter [7] as [VARCHAR] - [user2]
2025-08-03 20:25:36 - binding parameter [8] as [BIGINT] - [8]
2025-08-03 20:25:36 - binding parameter [9] as [BIGINT] - [10]
2025-08-03 20:25:36 - binding parameter [10] as [BIGINT] - [7]
2025-08-03 20:25:36 - binding parameter [1] as [NUMERIC] - [10.00]
2025-08-03 20:25:36 - binding parameter [2] as [TIMESTAMP] - [2025-08-03T20:25:36.913441]
2025-08-03 20:25:36 - binding parameter [3] as [VARCHAR] - [USD]
2025-08-03 20:25:36 - binding parameter [4] as [VARCHAR] - [Concurrent transfer test]
2025-08-03 20:25:36 - binding parameter [5] as [VARCHAR] - [null]
2025-08-03 20:25:36 - binding parameter [6] as [BIGINT] - [9]
2025-08-03 20:25:36 - binding parameter [7] as [TIMESTAMP] - [2025-08-03T20:25:36.912650]
2025-08-03 20:25:36 - binding parameter [8] as [VARCHAR] - [COMPLETED]
2025-08-03 20:25:36 - binding parameter [9] as [BIGINT] - [10]
2025-08-03 20:25:36 - binding parameter [10] as [VARCHAR] - [TXN-999E9992B7224A31]
2025-08-03 20:25:36 - binding parameter [11] as [TIMESTAMP] - [2025-08-03T20:25:36.915582]
2025-08-03 20:25:36 - binding parameter [12] as [BIGINT] - [1]
2025-08-03 20:25:36 - binding parameter [13] as [BIGINT] - [8]
2025-08-03 20:25:36 - binding parameter [14] as [BIGINT] - [0]
2025-08-03 20:25:36 - Processing transfer request: TransferRequest{fromAccountNumber='TEST001234567890', toAccountNumber='TEST002345678901', amount=10.00, currency=USD, description='Concurrent transfer test'}
2025-08-03 20:25:36 - binding parameter [1] as [VARCHAR] - [TEST001234567890]
2025-08-03 20:25:36 - binding parameter [1] as [VARCHAR] - [TEST002345678901]
2025-08-03 20:25:36 - binding parameter [1] as [NUMERIC] - [10.00]
2025-08-03 20:25:36 - binding parameter [2] as [TIMESTAMP] - [null]
2025-08-03 20:25:36 - binding parameter [3] as [TIMESTAMP] - [2025-08-03T20:25:36.922158]
2025-08-03 20:25:36 - binding parameter [4] as [VARCHAR] - [USD]
2025-08-03 20:25:36 - binding parameter [5] as [VARCHAR] - [Concurrent transfer test]
2025-08-03 20:25:36 - binding parameter [6] as [VARCHAR] - [null]
2025-08-03 20:25:36 - binding parameter [7] as [BIGINT] - [9]
2025-08-03 20:25:36 - binding parameter [8] as [TIMESTAMP] - [null]
2025-08-03 20:25:36 - binding parameter [9] as [VARCHAR] - [PENDING]
2025-08-03 20:25:36 - binding parameter [10] as [BIGINT] - [10]
2025-08-03 20:25:36 - binding parameter [11] as [VARCHAR] - [TXN-B343CFAFDD234F64]
2025-08-03 20:25:36 - binding parameter [12] as [TIMESTAMP] - [2025-08-03T20:25:36.922171]
2025-08-03 20:25:36 - binding parameter [13] as [BIGINT] - [0]
2025-08-03 20:25:36 - Transfer completed successfully: TXN-B343CFAFDD234F64
2025-08-03 20:25:36 - binding parameter [1] as [VARCHAR] - [Test User 1]
2025-08-03 20:25:36 - binding parameter [2] as [VARCHAR] - [TEST001234567890]
2025-08-03 20:25:36 - binding parameter [3] as [NUMERIC] - [910.00]
2025-08-03 20:25:36 - binding parameter [4] as [VARCHAR] - [USD]
2025-08-03 20:25:36 - binding parameter [5] as [VARCHAR] - [ACTIVE]
2025-08-03 20:25:36 - binding parameter [6] as [TIMESTAMP] - [2025-08-03T20:25:36.925280]
2025-08-03 20:25:36 - binding parameter [7] as [VARCHAR] - [user1]
2025-08-03 20:25:36 - binding parameter [8] as [BIGINT] - [9]
2025-08-03 20:25:36 - binding parameter [9] as [BIGINT] - [9]
2025-08-03 20:25:36 - binding parameter [10] as [BIGINT] - [8]
2025-08-03 20:25:36 - binding parameter [1] as [VARCHAR] - [Test User 2]
2025-08-03 20:25:36 - binding parameter [2] as [VARCHAR] - [TEST002345678901]
2025-08-03 20:25:36 - binding parameter [3] as [NUMERIC] - [590.00]
2025-08-03 20:25:36 - binding parameter [4] as [VARCHAR] - [USD]
2025-08-03 20:25:36 - binding parameter [5] as [VARCHAR] - [ACTIVE]
2025-08-03 20:25:36 - binding parameter [6] as [TIMESTAMP] - [2025-08-03T20:25:36.926497]
2025-08-03 20:25:36 - binding parameter [7] as [VARCHAR] - [user2]
2025-08-03 20:25:36 - binding parameter [8] as [BIGINT] - [9]
2025-08-03 20:25:36 - binding parameter [9] as [BIGINT] - [10]
2025-08-03 20:25:36 - binding parameter [10] as [BIGINT] - [8]
2025-08-03 20:25:36 - binding parameter [1] as [NUMERIC] - [10.00]
2025-08-03 20:25:36 - binding parameter [2] as [TIMESTAMP] - [2025-08-03T20:25:36.924787]
2025-08-03 20:25:36 - binding parameter [3] as [VARCHAR] - [USD]
2025-08-03 20:25:36 - binding parameter [4] as [VARCHAR] - [Concurrent transfer test]
2025-08-03 20:25:36 - binding parameter [5] as [VARCHAR] - [null]
2025-08-03 20:25:36 - binding parameter [6] as [BIGINT] - [9]
2025-08-03 20:25:36 - binding parameter [7] as [TIMESTAMP] - [2025-08-03T20:25:36.924491]
2025-08-03 20:25:36 - binding parameter [8] as [VARCHAR] - [COMPLETED]
2025-08-03 20:25:36 - binding parameter [9] as [BIGINT] - [10]
2025-08-03 20:25:36 - binding parameter [10] as [VARCHAR] - [TXN-B343CFAFDD234F64]
2025-08-03 20:25:36 - binding parameter [11] as [TIMESTAMP] - [2025-08-03T20:25:36.927376]
2025-08-03 20:25:36 - binding parameter [12] as [BIGINT] - [1]
2025-08-03 20:25:36 - binding parameter [13] as [BIGINT] - [9]
2025-08-03 20:25:36 - binding parameter [14] as [BIGINT] - [0]
2025-08-03 20:25:36 - Processing transfer request: TransferRequest{fromAccountNumber='TEST001234567890', toAccountNumber='TEST002345678901', amount=10.00, currency=USD, description='Concurrent transfer test'}
2025-08-03 20:25:36 - binding parameter [1] as [VARCHAR] - [TEST001234567890]
2025-08-03 20:25:36 - binding parameter [1] as [VARCHAR] - [TEST002345678901]
2025-08-03 20:25:36 - binding parameter [1] as [NUMERIC] - [10.00]
2025-08-03 20:25:36 - binding parameter [2] as [TIMESTAMP] - [null]
2025-08-03 20:25:36 - binding parameter [3] as [TIMESTAMP] - [2025-08-03T20:25:36.931597]
2025-08-03 20:25:36 - binding parameter [4] as [VARCHAR] - [USD]
2025-08-03 20:25:36 - binding parameter [5] as [VARCHAR] - [Concurrent transfer test]
2025-08-03 20:25:36 - binding parameter [6] as [VARCHAR] - [null]
2025-08-03 20:25:36 - binding parameter [7] as [BIGINT] - [9]
2025-08-03 20:25:36 - binding parameter [8] as [TIMESTAMP] - [null]
2025-08-03 20:25:36 - binding parameter [9] as [VARCHAR] - [PENDING]
2025-08-03 20:25:36 - binding parameter [10] as [BIGINT] - [10]
2025-08-03 20:25:36 - binding parameter [11] as [VARCHAR] - [TXN-2B783E06837A420A]
2025-08-03 20:25:36 - binding parameter [12] as [TIMESTAMP] - [2025-08-03T20:25:36.931612]
2025-08-03 20:25:36 - binding parameter [13] as [BIGINT] - [0]
2025-08-03 20:25:36 - Transfer completed successfully: TXN-2B783E06837A420A
2025-08-03 20:25:36 - binding parameter [1] as [VARCHAR] - [Test User 1]
2025-08-03 20:25:36 - binding parameter [2] as [VARCHAR] - [TEST001234567890]
2025-08-03 20:25:36 - binding parameter [3] as [NUMERIC] - [900.00]
2025-08-03 20:25:36 - binding parameter [4] as [VARCHAR] - [USD]
2025-08-03 20:25:36 - binding parameter [5] as [VARCHAR] - [ACTIVE]
2025-08-03 20:25:36 - binding parameter [6] as [TIMESTAMP] - [2025-08-03T20:25:36.934289]
2025-08-03 20:25:36 - binding parameter [7] as [VARCHAR] - [user1]
2025-08-03 20:25:36 - binding parameter [8] as [BIGINT] - [10]
2025-08-03 20:25:36 - binding parameter [9] as [BIGINT] - [9]
2025-08-03 20:25:36 - binding parameter [10] as [BIGINT] - [9]
2025-08-03 20:25:36 - binding parameter [1] as [VARCHAR] - [Test User 2]
2025-08-03 20:25:36 - binding parameter [2] as [VARCHAR] - [TEST002345678901]
2025-08-03 20:25:36 - binding parameter [3] as [NUMERIC] - [600.00]
2025-08-03 20:25:36 - binding parameter [4] as [VARCHAR] - [USD]
2025-08-03 20:25:36 - binding parameter [5] as [VARCHAR] - [ACTIVE]
2025-08-03 20:25:36 - binding parameter [6] as [TIMESTAMP] - [2025-08-03T20:25:36.934947]
2025-08-03 20:25:36 - binding parameter [7] as [VARCHAR] - [user2]
2025-08-03 20:25:36 - binding parameter [8] as [BIGINT] - [10]
2025-08-03 20:25:36 - binding parameter [9] as [BIGINT] - [10]
2025-08-03 20:25:36 - binding parameter [10] as [BIGINT] - [9]
2025-08-03 20:25:36 - binding parameter [1] as [NUMERIC] - [10.00]
2025-08-03 20:25:36 - binding parameter [2] as [TIMESTAMP] - [2025-08-03T20:25:36.933047]
2025-08-03 20:25:36 - binding parameter [3] as [VARCHAR] - [USD]
2025-08-03 20:25:36 - binding parameter [4] as [VARCHAR] - [Concurrent transfer test]
2025-08-03 20:25:36 - binding parameter [5] as [VARCHAR] - [null]
2025-08-03 20:25:36 - binding parameter [6] as [BIGINT] - [9]
2025-08-03 20:25:36 - binding parameter [7] as [TIMESTAMP] - [2025-08-03T20:25:36.932763]
2025-08-03 20:25:36 - binding parameter [8] as [VARCHAR] - [COMPLETED]
2025-08-03 20:25:36 - binding parameter [9] as [BIGINT] - [10]
2025-08-03 20:25:36 - binding parameter [10] as [VARCHAR] - [TXN-2B783E06837A420A]
2025-08-03 20:25:36 - binding parameter [11] as [TIMESTAMP] - [2025-08-03T20:25:36.936010]
2025-08-03 20:25:36 - binding parameter [12] as [BIGINT] - [1]
2025-08-03 20:25:36 - binding parameter [13] as [BIGINT] - [10]
2025-08-03 20:25:36 - binding parameter [14] as [BIGINT] - [0]
2025-08-03 20:25:36 - Processing transfer request: TransferRequest{fromAccountNumber='TEST001234567890', toAccountNumber='TEST002345678901', amount=10.00, currency=USD, description='Concurrent transfer test'}
2025-08-03 20:25:36 - binding parameter [1] as [VARCHAR] - [TEST001234567890]
2025-08-03 20:25:36 - binding parameter [1] as [VARCHAR] - [TEST002345678901]
2025-08-03 20:25:36 - binding parameter [1] as [NUMERIC] - [10.00]
2025-08-03 20:25:36 - binding parameter [2] as [TIMESTAMP] - [null]
2025-08-03 20:25:36 - binding parameter [3] as [TIMESTAMP] - [2025-08-03T20:25:36.941639]
2025-08-03 20:25:36 - binding parameter [4] as [VARCHAR] - [USD]
2025-08-03 20:25:36 - binding parameter [5] as [VARCHAR] - [Concurrent transfer test]
2025-08-03 20:25:36 - binding parameter [6] as [VARCHAR] - [null]
2025-08-03 20:25:36 - binding parameter [7] as [BIGINT] - [9]
2025-08-03 20:25:36 - binding parameter [8] as [TIMESTAMP] - [null]
2025-08-03 20:25:36 - binding parameter [9] as [VARCHAR] - [PENDING]
2025-08-03 20:25:36 - binding parameter [10] as [BIGINT] - [10]
2025-08-03 20:25:36 - binding parameter [11] as [VARCHAR] - [TXN-01AA23632D554AF7]
2025-08-03 20:25:36 - binding parameter [12] as [TIMESTAMP] - [2025-08-03T20:25:36.941651]
2025-08-03 20:25:36 - binding parameter [13] as [BIGINT] - [0]
2025-08-03 20:25:36 - Transfer completed successfully: TXN-01AA23632D554AF7
2025-08-03 20:25:36 - binding parameter [1] as [VARCHAR] - [Test User 1]
2025-08-03 20:25:36 - binding parameter [2] as [VARCHAR] - [TEST001234567890]
2025-08-03 20:25:36 - binding parameter [3] as [NUMERIC] - [890.00]
2025-08-03 20:25:36 - binding parameter [4] as [VARCHAR] - [USD]
2025-08-03 20:25:36 - binding parameter [5] as [VARCHAR] - [ACTIVE]
2025-08-03 20:25:36 - binding parameter [6] as [TIMESTAMP] - [2025-08-03T20:25:36.946848]
2025-08-03 20:25:36 - binding parameter [7] as [VARCHAR] - [user1]
2025-08-03 20:25:36 - binding parameter [8] as [BIGINT] - [11]
2025-08-03 20:25:36 - binding parameter [9] as [BIGINT] - [9]
2025-08-03 20:25:36 - binding parameter [10] as [BIGINT] - [10]
2025-08-03 20:25:36 - binding parameter [1] as [VARCHAR] - [Test User 2]
2025-08-03 20:25:36 - binding parameter [2] as [VARCHAR] - [TEST002345678901]
2025-08-03 20:25:36 - binding parameter [3] as [NUMERIC] - [610.00]
2025-08-03 20:25:36 - binding parameter [4] as [VARCHAR] - [USD]
2025-08-03 20:25:36 - binding parameter [5] as [VARCHAR] - [ACTIVE]
2025-08-03 20:25:36 - binding parameter [6] as [TIMESTAMP] - [2025-08-03T20:25:36.947787]
2025-08-03 20:25:36 - binding parameter [7] as [VARCHAR] - [user2]
2025-08-03 20:25:36 - binding parameter [8] as [BIGINT] - [11]
2025-08-03 20:25:36 - binding parameter [9] as [BIGINT] - [10]
2025-08-03 20:25:36 - binding parameter [10] as [BIGINT] - [10]
2025-08-03 20:25:36 - binding parameter [1] as [NUMERIC] - [10.00]
2025-08-03 20:25:36 - binding parameter [2] as [TIMESTAMP] - [2025-08-03T20:25:36.945103]
2025-08-03 20:25:36 - binding parameter [3] as [VARCHAR] - [USD]
2025-08-03 20:25:36 - binding parameter [4] as [VARCHAR] - [Concurrent transfer test]
2025-08-03 20:25:36 - binding parameter [5] as [VARCHAR] - [null]
2025-08-03 20:25:36 - binding parameter [6] as [BIGINT] - [9]
2025-08-03 20:25:36 - binding parameter [7] as [TIMESTAMP] - [2025-08-03T20:25:36.944237]
2025-08-03 20:25:36 - binding parameter [8] as [VARCHAR] - [COMPLETED]
2025-08-03 20:25:36 - binding parameter [9] as [BIGINT] - [10]
2025-08-03 20:25:36 - binding parameter [10] as [VARCHAR] - [TXN-01AA23632D554AF7]
2025-08-03 20:25:36 - binding parameter [11] as [TIMESTAMP] - [2025-08-03T20:25:36.948614]
2025-08-03 20:25:36 - binding parameter [12] as [BIGINT] - [1]
2025-08-03 20:25:36 - binding parameter [13] as [BIGINT] - [11]
2025-08-03 20:25:36 - binding parameter [14] as [BIGINT] - [0]
2025-08-03 20:25:36 - Processing transfer request: TransferRequest{fromAccountNumber='TEST001234567890', toAccountNumber='TEST002345678901', amount=10.00, currency=USD, description='Concurrent transfer test'}
2025-08-03 20:25:36 - binding parameter [1] as [VARCHAR] - [TEST002345678901]
2025-08-03 20:25:36 - binding parameter [1] as [NUMERIC] - [10.00]
2025-08-03 20:25:36 - binding parameter [2] as [TIMESTAMP] - [null]
2025-08-03 20:25:36 - binding parameter [3] as [TIMESTAMP] - [2025-08-03T20:25:36.951665]
2025-08-03 20:25:36 - binding parameter [4] as [VARCHAR] - [USD]
2025-08-03 20:25:36 - binding parameter [5] as [VARCHAR] - [Concurrent transfer test]
2025-08-03 20:25:36 - binding parameter [6] as [VARCHAR] - [null]
2025-08-03 20:25:36 - binding parameter [7] as [BIGINT] - [9]
2025-08-03 20:25:36 - binding parameter [8] as [TIMESTAMP] - [null]
2025-08-03 20:25:36 - binding parameter [9] as [VARCHAR] - [PENDING]
2025-08-03 20:25:36 - binding parameter [10] as [BIGINT] - [10]
2025-08-03 20:25:36 - binding parameter [11] as [VARCHAR] - [TXN-D4F1BFA3D3CB4550]
2025-08-03 20:25:36 - binding parameter [12] as [TIMESTAMP] - [2025-08-03T20:25:36.951675]
2025-08-03 20:25:36 - binding parameter [1] as [VARCHAR] - [TEST001234567890]
2025-08-03 20:25:36 - binding parameter [13] as [BIGINT] - [0]
2025-08-03 20:25:36 - Transfer completed successfully: TXN-D4F1BFA3D3CB4550
2025-08-03 20:25:36 - binding parameter [1] as [VARCHAR] - [Test User 1]
2025-08-03 20:25:36 - binding parameter [2] as [VARCHAR] - [TEST001234567890]
2025-08-03 20:25:36 - binding parameter [3] as [NUMERIC] - [880.00]
2025-08-03 20:25:36 - binding parameter [4] as [VARCHAR] - [USD]
2025-08-03 20:25:36 - binding parameter [5] as [VARCHAR] - [ACTIVE]
2025-08-03 20:25:36 - binding parameter [6] as [TIMESTAMP] - [2025-08-03T20:25:36.953023]
2025-08-03 20:25:36 - binding parameter [7] as [VARCHAR] - [user1]
2025-08-03 20:25:36 - binding parameter [8] as [BIGINT] - [12]
2025-08-03 20:25:36 - binding parameter [9] as [BIGINT] - [9]
2025-08-03 20:25:36 - binding parameter [10] as [BIGINT] - [11]
2025-08-03 20:25:36 - binding parameter [1] as [VARCHAR] - [Test User 2]
2025-08-03 20:25:36 - binding parameter [2] as [VARCHAR] - [TEST002345678901]
2025-08-03 20:25:36 - binding parameter [3] as [NUMERIC] - [620.00]
2025-08-03 20:25:36 - binding parameter [4] as [VARCHAR] - [USD]
2025-08-03 20:25:36 - binding parameter [5] as [VARCHAR] - [ACTIVE]
2025-08-03 20:25:36 - binding parameter [6] as [TIMESTAMP] - [2025-08-03T20:25:36.953437]
2025-08-03 20:25:36 - binding parameter [7] as [VARCHAR] - [user2]
2025-08-03 20:25:36 - binding parameter [8] as [BIGINT] - [12]
2025-08-03 20:25:36 - binding parameter [9] as [BIGINT] - [10]
2025-08-03 20:25:36 - binding parameter [10] as [BIGINT] - [11]
2025-08-03 20:25:36 - binding parameter [1] as [NUMERIC] - [10.00]
2025-08-03 20:25:36 - binding parameter [2] as [TIMESTAMP] - [2025-08-03T20:25:36.952710]
2025-08-03 20:25:36 - binding parameter [3] as [VARCHAR] - [USD]
2025-08-03 20:25:36 - binding parameter [4] as [VARCHAR] - [Concurrent transfer test]
2025-08-03 20:25:36 - binding parameter [5] as [VARCHAR] - [null]
2025-08-03 20:25:36 - binding parameter [6] as [BIGINT] - [9]
2025-08-03 20:25:36 - binding parameter [7] as [TIMESTAMP] - [2025-08-03T20:25:36.952473]
2025-08-03 20:25:36 - binding parameter [8] as [VARCHAR] - [COMPLETED]
2025-08-03 20:25:36 - binding parameter [9] as [BIGINT] - [10]
2025-08-03 20:25:36 - binding parameter [10] as [VARCHAR] - [TXN-D4F1BFA3D3CB4550]
2025-08-03 20:25:36 - binding parameter [11] as [TIMESTAMP] - [2025-08-03T20:25:36.953761]
2025-08-03 20:25:36 - binding parameter [12] as [BIGINT] - [1]
2025-08-03 20:25:36 - binding parameter [13] as [BIGINT] - [12]
2025-08-03 20:25:36 - binding parameter [14] as [BIGINT] - [0]
2025-08-03 20:25:36 - binding parameter [1] as [VARCHAR] - [TEST002345678901]
2025-08-03 20:25:36 - binding parameter [1] as [NUMERIC] - [10.00]
2025-08-03 20:25:36 - binding parameter [2] as [TIMESTAMP] - [null]
2025-08-03 20:25:36 - binding parameter [3] as [TIMESTAMP] - [2025-08-03T20:25:36.958809]
2025-08-03 20:25:36 - binding parameter [4] as [VARCHAR] - [USD]
2025-08-03 20:25:36 - binding parameter [5] as [VARCHAR] - [Concurrent transfer test]
2025-08-03 20:25:36 - binding parameter [6] as [VARCHAR] - [null]
2025-08-03 20:25:36 - binding parameter [7] as [BIGINT] - [9]
2025-08-03 20:25:36 - binding parameter [8] as [TIMESTAMP] - [null]
2025-08-03 20:25:36 - binding parameter [9] as [VARCHAR] - [PENDING]
2025-08-03 20:25:36 - binding parameter [10] as [BIGINT] - [10]
2025-08-03 20:25:36 - binding parameter [11] as [VARCHAR] - [TXN-879DB9BA869643F3]
2025-08-03 20:25:36 - binding parameter [12] as [TIMESTAMP] - [2025-08-03T20:25:36.958821]
2025-08-03 20:25:36 - binding parameter [13] as [BIGINT] - [0]
2025-08-03 20:25:36 - Transfer completed successfully: TXN-879DB9BA869643F3
2025-08-03 20:25:36 - binding parameter [1] as [VARCHAR] - [Test User 1]
2025-08-03 20:25:36 - binding parameter [2] as [VARCHAR] - [TEST001234567890]
2025-08-03 20:25:36 - binding parameter [3] as [NUMERIC] - [870.00]
2025-08-03 20:25:36 - binding parameter [4] as [VARCHAR] - [USD]
2025-08-03 20:25:36 - binding parameter [5] as [VARCHAR] - [ACTIVE]
2025-08-03 20:25:36 - binding parameter [6] as [TIMESTAMP] - [2025-08-03T20:25:36.961046]
2025-08-03 20:25:36 - binding parameter [7] as [VARCHAR] - [user1]
2025-08-03 20:25:36 - binding parameter [8] as [BIGINT] - [13]
2025-08-03 20:25:36 - binding parameter [9] as [BIGINT] - [9]
2025-08-03 20:25:36 - binding parameter [10] as [BIGINT] - [12]
2025-08-03 20:25:36 - binding parameter [1] as [VARCHAR] - [Test User 2]
2025-08-03 20:25:36 - binding parameter [2] as [VARCHAR] - [TEST002345678901]
2025-08-03 20:25:36 - binding parameter [3] as [NUMERIC] - [630.00]
2025-08-03 20:25:36 - binding parameter [4] as [VARCHAR] - [USD]
2025-08-03 20:25:36 - binding parameter [5] as [VARCHAR] - [ACTIVE]
2025-08-03 20:25:36 - binding parameter [6] as [TIMESTAMP] - [2025-08-03T20:25:36.961663]
2025-08-03 20:25:36 - binding parameter [7] as [VARCHAR] - [user2]
2025-08-03 20:25:36 - binding parameter [8] as [BIGINT] - [13]
2025-08-03 20:25:36 - binding parameter [9] as [BIGINT] - [10]
2025-08-03 20:25:36 - binding parameter [10] as [BIGINT] - [12]
2025-08-03 20:25:36 - binding parameter [1] as [NUMERIC] - [10.00]
2025-08-03 20:25:36 - binding parameter [2] as [TIMESTAMP] - [2025-08-03T20:25:36.960142]
2025-08-03 20:25:36 - binding parameter [3] as [VARCHAR] - [USD]
2025-08-03 20:25:36 - binding parameter [4] as [VARCHAR] - [Concurrent transfer test]
2025-08-03 20:25:36 - binding parameter [5] as [VARCHAR] - [null]
2025-08-03 20:25:36 - binding parameter [6] as [BIGINT] - [9]
2025-08-03 20:25:36 - binding parameter [7] as [TIMESTAMP] - [2025-08-03T20:25:36.959738]
2025-08-03 20:25:36 - binding parameter [8] as [VARCHAR] - [COMPLETED]
2025-08-03 20:25:36 - binding parameter [9] as [BIGINT] - [10]
2025-08-03 20:25:36 - binding parameter [10] as [VARCHAR] - [TXN-879DB9BA869643F3]
2025-08-03 20:25:36 - binding parameter [11] as [TIMESTAMP] - [2025-08-03T20:25:36.961978]
2025-08-03 20:25:36 - binding parameter [12] as [BIGINT] - [1]
2025-08-03 20:25:36 - binding parameter [13] as [BIGINT] - [13]
2025-08-03 20:25:36 - binding parameter [14] as [BIGINT] - [0]
2025-08-03 20:25:36 - Processing transfer request: TransferRequest{fromAccountNumber='TEST001234567890', toAccountNumber='TEST002345678901', amount=10.00, currency=USD, description='Concurrent transfer test'}
2025-08-03 20:25:36 - binding parameter [1] as [VARCHAR] - [TEST001234567890]
2025-08-03 20:25:36 - binding parameter [1] as [VARCHAR] - [TEST002345678901]
2025-08-03 20:25:36 - binding parameter [1] as [NUMERIC] - [10.00]
2025-08-03 20:25:36 - binding parameter [2] as [TIMESTAMP] - [null]
2025-08-03 20:25:36 - binding parameter [3] as [TIMESTAMP] - [2025-08-03T20:25:36.964749]
2025-08-03 20:25:36 - binding parameter [4] as [VARCHAR] - [USD]
2025-08-03 20:25:36 - binding parameter [5] as [VARCHAR] - [Concurrent transfer test]
2025-08-03 20:25:36 - binding parameter [6] as [VARCHAR] - [null]
2025-08-03 20:25:36 - binding parameter [7] as [BIGINT] - [9]
2025-08-03 20:25:36 - binding parameter [8] as [TIMESTAMP] - [null]
2025-08-03 20:25:36 - binding parameter [9] as [VARCHAR] - [PENDING]
2025-08-03 20:25:36 - binding parameter [10] as [BIGINT] - [10]
2025-08-03 20:25:36 - binding parameter [11] as [VARCHAR] - [TXN-E5980D2C594F4537]
2025-08-03 20:25:36 - binding parameter [12] as [TIMESTAMP] - [2025-08-03T20:25:36.964758]
2025-08-03 20:25:36 - binding parameter [13] as [BIGINT] - [0]
2025-08-03 20:25:36 - Transfer completed successfully: TXN-E5980D2C594F4537
2025-08-03 20:25:36 - binding parameter [1] as [VARCHAR] - [Test User 1]
2025-08-03 20:25:36 - binding parameter [2] as [VARCHAR] - [TEST001234567890]
2025-08-03 20:25:36 - binding parameter [3] as [NUMERIC] - [860.00]
2025-08-03 20:25:36 - binding parameter [4] as [VARCHAR] - [USD]
2025-08-03 20:25:36 - binding parameter [5] as [VARCHAR] - [ACTIVE]
2025-08-03 20:25:36 - binding parameter [6] as [TIMESTAMP] - [2025-08-03T20:25:36.967014]
2025-08-03 20:25:36 - binding parameter [7] as [VARCHAR] - [user1]
2025-08-03 20:25:36 - binding parameter [8] as [BIGINT] - [14]
2025-08-03 20:25:36 - binding parameter [9] as [BIGINT] - [9]
2025-08-03 20:25:36 - binding parameter [10] as [BIGINT] - [13]
2025-08-03 20:25:36 - binding parameter [1] as [VARCHAR] - [Test User 2]
2025-08-03 20:25:36 - binding parameter [2] as [VARCHAR] - [TEST002345678901]
2025-08-03 20:25:36 - binding parameter [3] as [NUMERIC] - [640.00]
2025-08-03 20:25:36 - binding parameter [4] as [VARCHAR] - [USD]
2025-08-03 20:25:36 - binding parameter [5] as [VARCHAR] - [ACTIVE]
2025-08-03 20:25:36 - binding parameter [6] as [TIMESTAMP] - [2025-08-03T20:25:36.967903]
2025-08-03 20:25:36 - binding parameter [7] as [VARCHAR] - [user2]
2025-08-03 20:25:36 - binding parameter [8] as [BIGINT] - [14]
2025-08-03 20:25:36 - binding parameter [9] as [BIGINT] - [10]
2025-08-03 20:25:36 - binding parameter [10] as [BIGINT] - [13]
2025-08-03 20:25:36 - binding parameter [1] as [NUMERIC] - [10.00]
2025-08-03 20:25:36 - binding parameter [2] as [TIMESTAMP] - [2025-08-03T20:25:36.966570]
2025-08-03 20:25:36 - binding parameter [3] as [VARCHAR] - [USD]
2025-08-03 20:25:36 - binding parameter [4] as [VARCHAR] - [Concurrent transfer test]
2025-08-03 20:25:36 - binding parameter [5] as [VARCHAR] - [null]
2025-08-03 20:25:36 - binding parameter [6] as [BIGINT] - [9]
2025-08-03 20:25:36 - binding parameter [7] as [TIMESTAMP] - [2025-08-03T20:25:36.966282]
2025-08-03 20:25:36 - binding parameter [8] as [VARCHAR] - [COMPLETED]
2025-08-03 20:25:36 - binding parameter [9] as [BIGINT] - [10]
2025-08-03 20:25:36 - binding parameter [10] as [VARCHAR] - [TXN-E5980D2C594F4537]
2025-08-03 20:25:36 - binding parameter [11] as [TIMESTAMP] - [2025-08-03T20:25:36.968391]
2025-08-03 20:25:36 - binding parameter [12] as [BIGINT] - [1]
2025-08-03 20:25:36 - binding parameter [13] as [BIGINT] - [14]
2025-08-03 20:25:36 - binding parameter [14] as [BIGINT] - [0]
2025-08-03 20:25:36 - Processing transfer request: TransferRequest{fromAccountNumber='TEST001234567890', toAccountNumber='TEST002345678901', amount=10.00, currency=USD, description='Concurrent transfer test'}
2025-08-03 20:25:36 - binding parameter [1] as [VARCHAR] - [TEST001234567890]
2025-08-03 20:25:36 - binding parameter [1] as [VARCHAR] - [TEST002345678901]
2025-08-03 20:25:36 - binding parameter [1] as [NUMERIC] - [10.00]
2025-08-03 20:25:36 - binding parameter [2] as [TIMESTAMP] - [null]
2025-08-03 20:25:36 - binding parameter [3] as [TIMESTAMP] - [2025-08-03T20:25:36.972048]
2025-08-03 20:25:36 - binding parameter [4] as [VARCHAR] - [USD]
2025-08-03 20:25:36 - binding parameter [5] as [VARCHAR] - [Concurrent transfer test]
2025-08-03 20:25:36 - binding parameter [6] as [VARCHAR] - [null]
2025-08-03 20:25:36 - binding parameter [7] as [BIGINT] - [9]
2025-08-03 20:25:36 - binding parameter [8] as [TIMESTAMP] - [null]
2025-08-03 20:25:36 - binding parameter [9] as [VARCHAR] - [PENDING]
2025-08-03 20:25:36 - binding parameter [10] as [BIGINT] - [10]
2025-08-03 20:25:36 - binding parameter [11] as [VARCHAR] - [TXN-B4A83608CC594659]
2025-08-03 20:25:36 - binding parameter [12] as [TIMESTAMP] - [2025-08-03T20:25:36.972081]
2025-08-03 20:25:36 - binding parameter [13] as [BIGINT] - [0]
2025-08-03 20:25:36 - Transfer completed successfully: TXN-B4A83608CC594659
2025-08-03 20:25:36 - binding parameter [1] as [VARCHAR] - [Test User 1]
2025-08-03 20:25:36 - binding parameter [2] as [VARCHAR] - [TEST001234567890]
2025-08-03 20:25:36 - binding parameter [3] as [NUMERIC] - [850.00]
2025-08-03 20:25:36 - binding parameter [4] as [VARCHAR] - [USD]
2025-08-03 20:25:36 - binding parameter [5] as [VARCHAR] - [ACTIVE]
2025-08-03 20:25:36 - binding parameter [6] as [TIMESTAMP] - [2025-08-03T20:25:36.974817]
2025-08-03 20:25:36 - binding parameter [7] as [VARCHAR] - [user1]
2025-08-03 20:25:36 - binding parameter [8] as [BIGINT] - [15]
[...]
2025-08-03 20:25:37 - binding parameter [1] as [NUMERIC] - [100.00]
2025-08-03 20:25:37 - binding parameter [2] as [TIMESTAMP] - [null]
2025-08-03 20:25:37 - binding parameter [3] as [TIMESTAMP] - [2025-08-03T20:25:37.425252]
2025-08-03 20:25:37 - binding parameter [4] as [VARCHAR] - [USD]
2025-08-03 20:25:37 - binding parameter [5] as [VARCHAR] - [Concurrent insufficient funds test]
2025-08-03 20:25:37 - binding parameter [6] as [VARCHAR] - [null]
2025-08-03 20:25:37 - binding parameter [7] as [BIGINT] - [18]
2025-08-03 20:25:37 - binding parameter [8] as [TIMESTAMP] - [null]
2025-08-03 20:25:37 - binding parameter [9] as [VARCHAR] - [PENDING]
2025-08-03 20:25:37 - binding parameter [10] as [BIGINT] - [17]
2025-08-03 20:25:37 - binding parameter [11] as [VARCHAR] - [TXN-35F2836C93F24004]
2025-08-03 20:25:37 - binding parameter [12] as [TIMESTAMP] - [2025-08-03T20:25:37.425263]
2025-08-03 20:25:37 - binding parameter [13] as [BIGINT] - [0]
2025-08-03 20:25:37 - Transfer completed successfully: TXN-35F2836C93F24004
2025-08-03 20:25:37 - binding parameter [1] as [VARCHAR] - [Test User 2]
2025-08-03 20:25:37 - binding parameter [2] as [VARCHAR] - [TEST002345678901]
2025-08-03 20:25:37 - binding parameter [3] as [NUMERIC] - [0.00]
2025-08-03 20:25:37 - binding parameter [4] as [VARCHAR] - [USD]
2025-08-03 20:25:37 - binding parameter [5] as [VARCHAR] - [ACTIVE]
2025-08-03 20:25:37 - binding parameter [6] as [TIMESTAMP] - [2025-08-03T20:25:37.426303]
2025-08-03 20:25:37 - binding parameter [7] as [VARCHAR] - [user2]
2025-08-03 20:25:37 - binding parameter [8] as [BIGINT] - [5]
2025-08-03 20:25:37 - binding parameter [9] as [BIGINT] - [18]
2025-08-03 20:25:37 - binding parameter [10] as [BIGINT] - [4]
2025-08-03 20:25:37 - binding parameter [1] as [VARCHAR] - [Test User 1]
2025-08-03 20:25:37 - binding parameter [2] as [VARCHAR] - [TEST001234567890]
2025-08-03 20:25:37 - binding parameter [3] as [NUMERIC] - [1500.00]
2025-08-03 20:25:37 - binding parameter [4] as [VARCHAR] - [USD]
2025-08-03 20:25:37 - binding parameter [5] as [VARCHAR] - [ACTIVE]
2025-08-03 20:25:37 - binding parameter [6] as [TIMESTAMP] - [2025-08-03T20:25:37.426637]
2025-08-03 20:25:37 - binding parameter [7] as [VARCHAR] - [user1]
2025-08-03 20:25:37 - binding parameter [8] as [BIGINT] - [5]
2025-08-03 20:25:37 - binding parameter [9] as [BIGINT] - [17]
2025-08-03 20:25:37 - binding parameter [10] as [BIGINT] - [4]
2025-08-03 20:25:37 - binding parameter [1] as [NUMERIC] - [100.00]
2025-08-03 20:25:37 - binding parameter [2] as [TIMESTAMP] - [2025-08-03T20:25:37.426007]
2025-08-03 20:25:37 - binding parameter [3] as [VARCHAR] - [USD]
2025-08-03 20:25:37 - binding parameter [4] as [VARCHAR] - [Concurrent insufficient funds test]
2025-08-03 20:25:37 - binding parameter [5] as [VARCHAR] - [null]
2025-08-03 20:25:37 - binding parameter [6] as [BIGINT] - [18]
2025-08-03 20:25:37 - binding parameter [7] as [TIMESTAMP] - [2025-08-03T20:25:37.425869]
2025-08-03 20:25:37 - binding parameter [8] as [VARCHAR] - [COMPLETED]
2025-08-03 20:25:37 - binding parameter [9] as [BIGINT] - [17]
2025-08-03 20:25:37 - binding parameter [10] as [VARCHAR] - [TXN-35F2836C93F24004]
2025-08-03 20:25:37 - binding parameter [11] as [TIMESTAMP] - [2025-08-03T20:25:37.426822]
2025-08-03 20:25:37 - binding parameter [12] as [BIGINT] - [1]
2025-08-03 20:25:37 - binding parameter [13] as [BIGINT] - [61]
2025-08-03 20:25:37 - binding parameter [14] as [BIGINT] - [0]
2025-08-03 20:25:37 - binding parameter [1] as [VARCHAR] - [TEST001234567890]
2025-08-03 20:25:37 - binding parameter [1] as [NUMERIC] - [100.00]
2025-08-03 20:25:37 - binding parameter [2] as [TIMESTAMP] - [null]
2025-08-03 20:25:37 - binding parameter [3] as [TIMESTAMP] - [2025-08-03T20:25:37.428503]
2025-08-03 20:25:37 - binding parameter [4] as [VARCHAR] - [USD]
2025-08-03 20:25:37 - binding parameter [5] as [VARCHAR] - [Concurrent insufficient funds test]
2025-08-03 20:25:37 - binding parameter [6] as [VARCHAR] - [null]
2025-08-03 20:25:37 - binding parameter [7] as [BIGINT] - [18]
2025-08-03 20:25:37 - binding parameter [8] as [TIMESTAMP] - [null]
2025-08-03 20:25:37 - binding parameter [9] as [VARCHAR] - [PENDING]
2025-08-03 20:25:37 - binding parameter [10] as [BIGINT] - [17]
2025-08-03 20:25:37 - binding parameter [11] as [VARCHAR] - [TXN-A87F60F368A744CB]
2025-08-03 20:25:37 - binding parameter [12] as [TIMESTAMP] - [2025-08-03T20:25:37.428507]
2025-08-03 20:25:37 - binding parameter [13] as [BIGINT] - [0]
2025-08-03 20:25:37 - Transfer processing failed for transferId: TXN-A87F60F368A744CB
com.moneytransfer.exception.InsufficientFundsException: Insufficient funds in account: TEST002345678901
	at com.moneytransfer.service.TransferService.executeTransfer(TransferService.java:174)
	at com.moneytransfer.service.TransferService.processTransferWithLocking(TransferService.java:136)
	at com.moneytransfer.service.TransferService.processTransfer(TransferService.java:80)
	at com.moneytransfer.service.TransferService$$FastClassBySpringCGLIB$$c976fc01.invoke(<generated>)
	at org.springframework.cglib.proxy.MethodProxy.invoke(MethodProxy.java:218)
	at org.springframework.aop.framework.CglibAopProxy$CglibMethodInvocation.invokeJoinpoint(CglibAopProxy.java:792)
	at org.springframework.aop.framework.ReflectiveMethodInvocation.proceed(ReflectiveMethodInvocation.java:163)
	at org.springframework.aop.framework.CglibAopProxy$CglibMethodInvocation.proceed(CglibAopProxy.java:762)
	at org.springframework.transaction.interceptor.TransactionInterceptor$1.proceedWithInvocation(TransactionInterceptor.java:123)
	at org.springframework.transaction.interceptor.TransactionAspectSupport.invokeWithinTransaction(TransactionAspectSupport.java:388)
	at org.springframework.transaction.interceptor.TransactionInterceptor.invoke(TransactionInterceptor.java:119)
	at org.springframework.aop.framework.ReflectiveMethodInvocation.proceed(ReflectiveMethodInvocation.java:186)
	at org.springframework.aop.framework.CglibAopProxy$CglibMethodInvocation.proceed(CglibAopProxy.java:762)
	at org.springframework.aop.framework.CglibAopProxy$DynamicAdvisedInterceptor.intercept(CglibAopProxy.java:707)
	at com.moneytransfer.service.TransferService$$EnhancerBySpringCGLIB$$14d34d15.processTransfer(<generated>)
	at com.moneytransfer.service.TransferServiceConcurrencyTest.lambda$testConcurrentInsufficientFunds$5(TransferServiceConcurrencyTest.java:261)
	at java.base/java.util.concurrent.CompletableFuture$AsyncRun.run(CompletableFuture.java:1736)
	at java.base/java.util.concurrent.ThreadPoolExecutor.runWorker(ThreadPoolExecutor.java:1128)
	at java.base/java.util.concurrent.ThreadPoolExecutor$Worker.run(ThreadPoolExecutor.java:628)
	at java.base/java.lang.Thread.run(Thread.java:834)
2025-08-03 20:25:37 - binding parameter [1] as [VARCHAR] - [TEST001234567890]
2025-08-03 20:25:37 - binding parameter [1] as [NUMERIC] - [100.00]
2025-08-03 20:25:37 - binding parameter [2] as [TIMESTAMP] - [null]
2025-08-03 20:25:37 - binding parameter [3] as [TIMESTAMP] - [2025-08-03T20:25:37.432250]
2025-08-03 20:25:37 - binding parameter [4] as [VARCHAR] - [USD]
2025-08-03 20:25:37 - binding parameter [5] as [VARCHAR] - [Concurrent insufficient funds test]
2025-08-03 20:25:37 - binding parameter [6] as [VARCHAR] - [null]
2025-08-03 20:25:37 - binding parameter [7] as [BIGINT] - [18]
2025-08-03 20:25:37 - binding parameter [8] as [TIMESTAMP] - [null]
2025-08-03 20:25:37 - binding parameter [9] as [VARCHAR] - [PENDING]
2025-08-03 20:25:37 - binding parameter [10] as [BIGINT] - [17]
2025-08-03 20:25:37 - binding parameter [11] as [VARCHAR] - [TXN-549A1D8074E0477F]
2025-08-03 20:25:37 - binding parameter [12] as [TIMESTAMP] - [2025-08-03T20:25:37.432256]
2025-08-03 20:25:37 - binding parameter [13] as [BIGINT] - [0]
2025-08-03 20:25:37 - Transfer processing failed for transferId: TXN-549A1D8074E0477F
com.moneytransfer.exception.InsufficientFundsException: Insufficient funds in account: TEST002345678901
	at com.moneytransfer.service.TransferService.executeTransfer(TransferService.java:174)
	at com.moneytransfer.service.TransferService.processTransferWithLocking(TransferService.java:136)
	at com.moneytransfer.service.TransferService.processTransfer(TransferService.java:80)
	at com.moneytransfer.service.TransferService$$FastClassBySpringCGLIB$$c976fc01.invoke(<generated>)
	at org.springframework.cglib.proxy.MethodProxy.invoke(MethodProxy.java:218)
	at org.springframework.aop.framework.CglibAopProxy$CglibMethodInvocation.invokeJoinpoint(CglibAopProxy.java:792)
	at org.springframework.aop.framework.ReflectiveMethodInvocation.proceed(ReflectiveMethodInvocation.java:163)
	at org.springframework.aop.framework.CglibAopProxy$CglibMethodInvocation.proceed(CglibAopProxy.java:762)
	at org.springframework.transaction.interceptor.TransactionInterceptor$1.proceedWithInvocation(TransactionInterceptor.java:123)
	at org.springframework.transaction.interceptor.TransactionAspectSupport.invokeWithinTransaction(TransactionAspectSupport.java:388)
	at org.springframework.transaction.interceptor.TransactionInterceptor.invoke(TransactionInterceptor.java:119)
	at org.springframework.aop.framework.ReflectiveMethodInvocation.proceed(ReflectiveMethodInvocation.java:186)
	at org.springframework.aop.framework.CglibAopProxy$CglibMethodInvocation.proceed(CglibAopProxy.java:762)
	at org.springframework.aop.framework.CglibAopProxy$DynamicAdvisedInterceptor.intercept(CglibAopProxy.java:707)
	at com.moneytransfer.service.TransferService$$EnhancerBySpringCGLIB$$14d34d15.processTransfer(<generated>)
	at com.moneytransfer.service.TransferServiceConcurrencyTest.lambda$testConcurrentInsufficientFunds$5(TransferServiceConcurrencyTest.java:261)
	at java.base/java.util.concurrent.CompletableFuture$AsyncRun.run(CompletableFuture.java:1736)
	at java.base/java.util.concurrent.ThreadPoolExecutor.runWorker(ThreadPoolExecutor.java:1128)
	at java.base/java.util.concurrent.ThreadPoolExecutor$Worker.run(ThreadPoolExecutor.java:628)
	at java.base/java.lang.Thread.run(Thread.java:834)
2025-08-03 20:25:37 - binding parameter [1] as [VARCHAR] - [TEST001234567890]
2025-08-03 20:25:37 - binding parameter [1] as [NUMERIC] - [100.00]
2025-08-03 20:25:37 - binding parameter [2] as [TIMESTAMP] - [null]
2025-08-03 20:25:37 - binding parameter [3] as [TIMESTAMP] - [2025-08-03T20:25:37.435334]
2025-08-03 20:25:37 - binding parameter [4] as [VARCHAR] - [USD]
2025-08-03 20:25:37 - binding parameter [5] as [VARCHAR] - [Concurrent insufficient funds test]
2025-08-03 20:25:37 - binding parameter [6] as [VARCHAR] - [null]
2025-08-03 20:25:37 - binding parameter [7] as [BIGINT] - [18]
2025-08-03 20:25:37 - binding parameter [8] as [TIMESTAMP] - [null]
2025-08-03 20:25:37 - binding parameter [9] as [VARCHAR] - [PENDING]
2025-08-03 20:25:37 - binding parameter [10] as [BIGINT] - [17]
2025-08-03 20:25:37 - binding parameter [11] as [VARCHAR] - [TXN-44EA34EB2BB34EA4]
2025-08-03 20:25:37 - binding parameter [12] as [TIMESTAMP] - [2025-08-03T20:25:37.435339]
2025-08-03 20:25:37 - binding parameter [13] as [BIGINT] - [0]
2025-08-03 20:25:37 - Transfer processing failed for transferId: TXN-44EA34EB2BB34EA4
com.moneytransfer.exception.InsufficientFundsException: Insufficient funds in account: TEST002345678901
	at com.moneytransfer.service.TransferService.executeTransfer(TransferService.java:174)
	at com.moneytransfer.service.TransferService.processTransferWithLocking(TransferService.java:136)
	at com.moneytransfer.service.TransferService.processTransfer(TransferService.java:80)
	at com.moneytransfer.service.TransferService$$FastClassBySpringCGLIB$$c976fc01.invoke(<generated>)
	at org.springframework.cglib.proxy.MethodProxy.invoke(MethodProxy.java:218)
	at org.springframework.aop.framework.CglibAopProxy$CglibMethodInvocation.invokeJoinpoint(CglibAopProxy.java:792)
	at org.springframework.aop.framework.ReflectiveMethodInvocation.proceed(ReflectiveMethodInvocation.java:163)
	at org.springframework.aop.framework.CglibAopProxy$CglibMethodInvocation.proceed(CglibAopProxy.java:762)
	at org.springframework.transaction.interceptor.TransactionInterceptor$1.proceedWithInvocation(TransactionInterceptor.java:123)
	at org.springframework.transaction.interceptor.TransactionAspectSupport.invokeWithinTransaction(TransactionAspectSupport.java:388)
	at org.springframework.transaction.interceptor.TransactionInterceptor.invoke(TransactionInterceptor.java:119)
	at org.springframework.aop.framework.ReflectiveMethodInvocation.proceed(ReflectiveMethodInvocation.java:186)
	at org.springframework.aop.framework.CglibAopProxy$CglibMethodInvocation.proceed(CglibAopProxy.java:762)
	at org.springframework.aop.framework.CglibAopProxy$DynamicAdvisedInterceptor.intercept(CglibAopProxy.java:707)
	at com.moneytransfer.service.TransferService$$EnhancerBySpringCGLIB$$14d34d15.processTransfer(<generated>)
	at com.moneytransfer.service.TransferServiceConcurrencyTest.lambda$testConcurrentInsufficientFunds$5(TransferServiceConcurrencyTest.java:261)
	at java.base/java.util.concurrent.CompletableFuture$AsyncRun.run(CompletableFuture.java:1736)
	at java.base/java.util.concurrent.ThreadPoolExecutor.runWorker(ThreadPoolExecutor.java:1128)
	at java.base/java.util.concurrent.ThreadPoolExecutor$Worker.run(ThreadPoolExecutor.java:628)
	at java.base/java.lang.Thread.run(Thread.java:834)
2025-08-03 20:25:37 - binding parameter [1] as [VARCHAR] - [TEST001234567890]
2025-08-03 20:25:37 - binding parameter [1] as [NUMERIC] - [100.00]
2025-08-03 20:25:37 - binding parameter [2] as [TIMESTAMP] - [null]
2025-08-03 20:25:37 - binding parameter [3] as [TIMESTAMP] - [2025-08-03T20:25:37.438069]
2025-08-03 20:25:37 - binding parameter [4] as [VARCHAR] - [USD]
2025-08-03 20:25:37 - binding parameter [5] as [VARCHAR] - [Concurrent insufficient funds test]
2025-08-03 20:25:37 - binding parameter [6] as [VARCHAR] - [null]
2025-08-03 20:25:37 - binding parameter [7] as [BIGINT] - [18]
2025-08-03 20:25:37 - binding parameter [8] as [TIMESTAMP] - [null]
2025-08-03 20:25:37 - binding parameter [9] as [VARCHAR] - [PENDING]
2025-08-03 20:25:37 - binding parameter [10] as [BIGINT] - [17]
2025-08-03 20:25:37 - binding parameter [11] as [VARCHAR] - [TXN-5F8792492FAC4500]
2025-08-03 20:25:37 - binding parameter [12] as [TIMESTAMP] - [2025-08-03T20:25:37.438074]
2025-08-03 20:25:37 - binding parameter [13] as [BIGINT] - [0]
2025-08-03 20:25:37 - Transfer processing failed for transferId: TXN-5F8792492FAC4500
com.moneytransfer.exception.InsufficientFundsException: Insufficient funds in account: TEST002345678901
	at com.moneytransfer.service.TransferService.executeTransfer(TransferService.java:174)
	at com.moneytransfer.service.TransferService.processTransferWithLocking(TransferService.java:136)
	at com.moneytransfer.service.TransferService.processTransfer(TransferService.java:80)
	at com.moneytransfer.service.TransferService$$FastClassBySpringCGLIB$$c976fc01.invoke(<generated>)
	at org.springframework.cglib.proxy.MethodProxy.invoke(MethodProxy.java:218)
	at org.springframework.aop.framework.CglibAopProxy$CglibMethodInvocation.invokeJoinpoint(CglibAopProxy.java:792)
	at org.springframework.aop.framework.ReflectiveMethodInvocation.proceed(ReflectiveMethodInvocation.java:163)
	at org.springframework.aop.framework.CglibAopProxy$CglibMethodInvocation.proceed(CglibAopProxy.java:762)
	at org.springframework.transaction.interceptor.TransactionInterceptor$1.proceedWithInvocation(TransactionInterceptor.java:123)
	at org.springframework.transaction.interceptor.TransactionAspectSupport.invokeWithinTransaction(TransactionAspectSupport.java:388)
	at org.springframework.transaction.interceptor.TransactionInterceptor.invoke(TransactionInterceptor.java:119)
	at org.springframework.aop.framework.ReflectiveMethodInvocation.proceed(ReflectiveMethodInvocation.java:186)
	at org.springframework.aop.framework.CglibAopProxy$CglibMethodInvocation.proceed(CglibAopProxy.java:762)
	at org.springframework.aop.framework.CglibAopProxy$DynamicAdvisedInterceptor.intercept(CglibAopProxy.java:707)
	at com.moneytransfer.service.TransferService$$EnhancerBySpringCGLIB$$14d34d15.processTransfer(<generated>)
	at com.moneytransfer.service.TransferServiceConcurrencyTest.lambda$testConcurrentInsufficientFunds$5(TransferServiceConcurrencyTest.java:261)
	at java.base/java.util.concurrent.CompletableFuture$AsyncRun.run(CompletableFuture.java:1736)
	at java.base/java.util.concurrent.ThreadPoolExecutor.runWorker(ThreadPoolExecutor.java:1128)
	at java.base/java.util.concurrent.ThreadPoolExecutor$Worker.run(ThreadPoolExecutor.java:628)
	at java.base/java.lang.Thread.run(Thread.java:834)
2025-08-03 20:25:37 - binding parameter [1] as [VARCHAR] - [TEST001234567890]
2025-08-03 20:25:37 - binding parameter [1] as [NUMERIC] - [100.00]
2025-08-03 20:25:37 - binding parameter [2] as [TIMESTAMP] - [null]
2025-08-03 20:25:37 - binding parameter [3] as [TIMESTAMP] - [2025-08-03T20:25:37.440868]
2025-08-03 20:25:37 - binding parameter [4] as [VARCHAR] - [USD]
2025-08-03 20:25:37 - binding parameter [5] as [VARCHAR] - [Concurrent insufficient funds test]
2025-08-03 20:25:37 - binding parameter [6] as [VARCHAR] - [null]
2025-08-03 20:25:37 - binding parameter [7] as [BIGINT] - [18]
2025-08-03 20:25:37 - binding parameter [8] as [TIMESTAMP] - [null]
2025-08-03 20:25:37 - binding parameter [9] as [VARCHAR] - [PENDING]
2025-08-03 20:25:37 - binding parameter [10] as [BIGINT] - [17]
2025-08-03 20:25:37 - binding parameter [11] as [VARCHAR] - [TXN-31B028B0F7854651]
2025-08-03 20:25:37 - binding parameter [12] as [TIMESTAMP] - [2025-08-03T20:25:37.440874]
2025-08-03 20:25:37 - binding parameter [13] as [BIGINT] - [0]
2025-08-03 20:25:37 - Transfer processing failed for transferId: TXN-31B028B0F7854651
com.moneytransfer.exception.InsufficientFundsException: Insufficient funds in account: TEST002345678901
	at com.moneytransfer.service.TransferService.executeTransfer(TransferService.java:174)
	at com.moneytransfer.service.TransferService.processTransferWithLocking(TransferService.java:136)
	at com.moneytransfer.service.TransferService.processTransfer(TransferService.java:80)
	at com.moneytransfer.service.TransferService$$FastClassBySpringCGLIB$$c976fc01.invoke(<generated>)
	at org.springframework.cglib.proxy.MethodProxy.invoke(MethodProxy.java:218)
	at org.springframework.aop.framework.CglibAopProxy$CglibMethodInvocation.invokeJoinpoint(CglibAopProxy.java:792)
	at org.springframework.aop.framework.ReflectiveMethodInvocation.proceed(ReflectiveMethodInvocation.java:163)
	at org.springframework.aop.framework.CglibAopProxy$CglibMethodInvocation.proceed(CglibAopProxy.java:762)
	at org.springframework.transaction.interceptor.TransactionInterceptor$1.proceedWithInvocation(TransactionInterceptor.java:123)
	at org.springframework.transaction.interceptor.TransactionAspectSupport.invokeWithinTransaction(TransactionAspectSupport.java:388)
	at org.springframework.transaction.interceptor.TransactionInterceptor.invoke(TransactionInterceptor.java:119)
	at org.springframework.aop.framework.ReflectiveMethodInvocation.proceed(ReflectiveMethodInvocation.java:186)
	at org.springframework.aop.framework.CglibAopProxy$CglibMethodInvocation.proceed(CglibAopProxy.java:762)
	at org.springframework.aop.framework.CglibAopProxy$DynamicAdvisedInterceptor.intercept(CglibAopProxy.java:707)
	at com.moneytransfer.service.TransferService$$EnhancerBySpringCGLIB$$14d34d15.processTransfer(<generated>)
	at com.moneytransfer.service.TransferServiceConcurrencyTest.lambda$testConcurrentInsufficientFunds$5(TransferServiceConcurrencyTest.java:261)
	at java.base/java.util.concurrent.CompletableFuture$AsyncRun.run(CompletableFuture.java:1736)
	at java.base/java.util.concurrent.ThreadPoolExecutor.runWorker(ThreadPoolExecutor.java:1128)
	at java.base/java.util.concurrent.ThreadPoolExecutor$Worker.run(ThreadPoolExecutor.java:628)
	at java.base/java.lang.Thread.run(Thread.java:834)
]]></system-out>
  </testcase>
</testsuite>